13 [47253011240832] TRACE perfrun.launcher <> - ENTER: int main(int, char **)
15 [47253011240832] TRACE perfrun.launcher <> - ENTER: Start the collection
15 [47253011240832] INFO perfrun.launcher <> - argc = 7; cmdline = /mnt/storage/software/languages/intel/intel-parallel_studio_xe_2018_u3/advisor_2018.3.0.558307/bin64/advixe-runss --ui-output-format xml --ui-output-fd 9 --option-file /mnt/storage/home/za18968/advanced-hpc-lbm/e000/hs013/config/runss.options 
15 [47253011240832] TRACE perfrun.launcher <> - ENTER: Initialize the launcher
16 [47253011240832] TRACE perfrun.launcher <> - ENTER: void runtool::CmdLineParser::declareOptions()
22 [47253011240832] TRACE perfrun.launcher <> - EXIT:  void runtool::CmdLineParser::declareOptions()
22 [47253011240832] TRACE perfrun.system <> - ENTER: static runtool::system::IController *runtool::system::IController::create()
22 [47253011240832] TRACE perfrun.system <> - ENTER: runtool::system::Controller::Controller()
22 [47253011240832] TRACE perfrun.system <> - EXIT:  runtool::system::Controller::Controller()
22 [47253011240832] TRACE perfrun.system <> - EXIT:  static runtool::system::IController *runtool::system::IController::create()
22 [47253011240832] INFO perfrun.launcher <> - plugin system has been added successfully
22 [47253011240832] INFO perfrun.launcher <> - plugin  has been added successfully
22 [47253011240832] INFO perfrun.launcher <> - plugin  has been added successfully
22 [47253011240832] INFO perfrun.launcher <> - plugin  has been added successfully
22 [47253011240832] INFO perfrun.launcher <> - plugin  has been added successfully
22 [47253011240832] INFO perfrun.launcher <> - plugin  has been added successfully
22 [47253011240832] INFO perfrun.launcher <> - plugin  has been added successfully
22 [47253011240832] INFO perfrun.launcher <> - plugin mrte has been added successfully
22 [47253011240832] INFO perfrun.launcher <> - plugin  has been added successfully
22 [47253011240832] INFO perfrun.launcher <> - plugin  has been added successfully
25 [47253011240832] INFO perfrun.launcher <> - plugin  has been added successfully
25 [47253011240832] INFO perfrun.launcher <> - plugin  has been added successfully
25 [47253011240832] INFO perfrun.launcher <> - plugin  has been added successfully
25 [47253011240832] TRACE perfrun.tpss <> - ENTER: static runtool::sdk::IController *runtool::tpss::IController::create()
25 [47253011240832] TRACE perfrun.tpss <> - ENTER: create tpss controller
25 [47253011240832] TRACE perfrun.tpss <> - EXIT:  create tpss controller
25 [47253011240832] TRACE perfrun.tpss <> - EXIT:  static runtool::sdk::IController *runtool::tpss::IController::create()
25 [47253011240832] INFO perfrun.launcher <> - plugin tpss has been added successfully
25 [47253011240832] INFO perfrun.launcher <> - plugin  has been added successfully
25 [47253011240832] INFO perfrun.launcher <> - plugin  has been added successfully
25 [47253011240832] INFO perfrun.launcher <> - plugin  has been added successfully
25 [47253011240832] INFO perfrun.launcher <> - plugin  has been added successfully
25 [47253011240832] INFO perfrun.launcher <> - plugin  has been added successfully
25 [47253011240832] INFO perfrun.launcher <> - plugin  has been added successfully
25 [47253011240832] INFO perfrun.launcher <> - the option was added --interval: Specify an interval of data collection (for example, sampling) in milliseconds.
25 [47253011240832] INFO perfrun.launcher <> - the option was added --follow-child: Profile process with or without children.
25 [47253011240832] INFO perfrun.launcher <> - the option was added --gelding: BADMSG: perfrun1.launcher.plugin_manager::gelding
26 [47253011240832] INFO perfrun.launcher <> - the option was added --time-source: Specify time source for measurement. Possible values: sys - wall clock time; tsc - time stamp counter; ext - time from an external source; auto - auto select accurate time source.
26 [47253011240832] INFO perfrun.launcher <> - the option was added --stack: Enable or disable collection of stacks.
27 [47253011240832] INFO perfrun.launcher <> - the option was added --stack-stitching: Enable or disable the stack stitching algorithm for Intel TBB-based applications.
27 [47253011240832] INFO perfrun.launcher <> - the option was added --type: Specify type of data to be collected. For example, --type cpu:counters,waiting:nostack,io.
27 [47253011240832] INFO perfrun.launcher <> - the option was added --mrte-mode: Specify Java/.NET/other managed runtime collection mode. Possible values: native - collect information only for native code; managed - collect information only for managed code; mixed - collect information for both managed and native code; auto - choose the mode based on binary type.
27 [47253011240832] INFO perfrun.launcher <> - the option was added --mrte-mode-list: List supported Java/.NET/other managed runtime collection modes.
27 [47253011240832] INFO perfrun.launcher <> - the option was added --mrte-type: Specify which managed runtimes to collect. Possible values: java - collect information for Java; dotnet - collect information for .NET; python - collect information for CPython. You can specify several values separated by comma.
27 [47253011240832] INFO perfrun.launcher <> - the option was added --mrte-type-list: List supported Java/.NET/other managed runtime types.
27 [47253011240832] INFO perfrun.launcher <> - the option was added --trace-strategy: Specify how to profile a process tree. <string> can be "<process>:trace:notrace" - profile the process but do not profile its children. Shorthand parameters: t - trace, nt - notrace. For example, "vtunedemo.exe:t:t".
27 [47253011240832] INFO perfrun.launcher <> - the option was added --collector: BADMSG: perfrun1.launcher.plugin_manager::collector
27 [47253011240832] INFO perfrun.launcher <> - the option was added --system-wide: Enable system-wide profiling. This mode may require additional permissions.
27 [47253011240832] INFO perfrun.launcher <> - the option was added --kvm-guest: Enable KVM guest OS profiling.
27 [47253011240832] INFO perfrun.launcher <> - the option was added --kvm-guest-kallsyms: Specify a local path to the /proc/kallsyms file copied from the guest OS for proper symbol resolution.
27 [47253011240832] INFO perfrun.launcher <> - the option was added --kvm-guest-modules: Specify a local path to the /proc/modules file copied from the guest OS for proper symbol resolution.
27 [47253011240832] INFO perfrun.launcher <> - the option was added --target-system: BADMSG: perfrun1.launcher.plugin_manager::target-system
28 [47253011240832] INFO perfrun.launcher <> - the option was added --dump-vdso: Dump [vdso] to result directory
28 [47253011240832] INFO perfrun.launcher <> - the option was added --bandwidth-limits: Measure bandwidth limits
28 [47253011240832] INFO perfrun.launcher <> - the option was added --bandwidth-strategy: Bandwidth limits determination specific properties (example: --bandwidth-strategy array-size=0,duration=500).
28 [47253011240832] INFO perfrun.launcher <> - the option was added --bandwidth-config: List of benchmarks to run.
28 [47253011240832] INFO perfrun.launcher <> - the option was added --benchmark-sync: Run synchronized bandwidth measurement.
28 [47253011240832] INFO perfrun.launcher <> - the option was added --system-collector-config: Specify subcollectors. Possible values: all, vdso, container, device-info, none.
28 [47253011240832] INFO perfrun.launcher <> - the option was added --stackwalk: Specify stack unwinding method. Possible values: online - unwind stacks during collection; offline - unwind stacks after collection is finished.
28 [47253011240832] INFO perfrun.launcher <> - the option was added --filter-include: Filter data during collection. Possible values: contended=<on|off> - filter out uncontended events; contended_nostack=<time> - filter out stacks for contended events that take less than <time> microseconds; wait=<time> - ignore transitions and blocks with wait time less than <time> microseconds; wait_nostack=<time> - filter out stacks for waits that take less than <time> microseconds.
28 [47253011240832] INFO perfrun.launcher <> - the option was added --debug-pin: Debug PIN tool and runtime.
28 [47253011240832] INFO perfrun.launcher <> - the option was added --debug-exception: Disallow the application to set own abnormal termination handler.
28 [47253011240832] INFO perfrun.launcher <> - the option was added --trace-type: Specify the trace file granularity. Possible values: per-thread - per-thread trace file generation; per-process - per-process trace file generation.
28 [47253011240832] INFO perfrun.launcher <> - the option was added --instrumentation-type: Specify type of instrumentation.
28 [47253011240832] INFO perfrun.launcher <> - the option was added --altstack: Enable or disable usage of altstacks for profiling signal handlers.
28 [47253011240832] INFO perfrun.launcher <> - the option was added --profiling-signal: Alternate profiling signal.
28 [47253011240832] INFO perfrun.launcher <> - the option was added --memory-strategy: Specify a minimal memory object size to be traced and a hash table size for faster objects search; for example: --memory-strategy obj-size-min=1024,hash-table-size=4096.
28 [47253011240832] TRACE perfrun.launcher <> - Update configuration: tmp directory = /tmp/advixe-tmp-za18968
28 [47253011240832] TRACE perfrun.launcher <> - EXIT:  Initialize the launcher
29 [47253011240832] TRACE perfrun.launcher <> - ENTER: void runtool::CmdLineParser::parseOptionFile(const std::basic_string<char, std::char_traits<char>, std::allocator<char>> &)
30 [47253011240832] TRACE perfrun.launcher <> - EXIT:  void runtool::CmdLineParser::parseOptionFile(const std::basic_string<char, std::char_traits<char>, std::allocator<char>> &)
30 [47253011240832] INFO perfrun.launcher <> - create msngr2::ICliToolContext
30 [47253011240832] TRACE perfrun.launcher <> - ENTER: void runtool::CmdLineParser::validateParseResult() const
30 [47253011240832] TRACE perfrun.launcher <> - EXIT:  void runtool::CmdLineParser::validateParseResult() const
30 [47253011240832] TRACE perfrun.launcher <> - ENTER: void runtool::CmdLineParser::populate(runtool::IConfiguration *) const
30 [47253011240832] TRACE perfrun.launcher <> - Update configuration: action = start
30 [47253011240832] TRACE perfrun.launcher <> - Update configuration: collection type = launcher
30 [47253011240832] TRACE perfrun.launcher <> - Update configuration: quiet mode is enabled
30 [47253011240832] TRACE perfrun.launcher <> - Update configuration: compression level = 2
30 [47253011240832] TRACE perfrun.launcher <> - Update configuration: duration = 0 sec
30 [47253011240832] TRACE perfrun.launcher <> - Update configuration: data limit = 524288000 bytes
30 [47253011240832] TRACE perfrun.launcher <> - Update configuration: disc space limit = 0 bytes
30 [47253011240832] TRACE perfrun.launcher <> - Update configuration: return-app-exitcode = false
30 [47253011240832] TRACE perfrun.launcher <> - Update configuration: result directory = /mnt/storage/home/za18968/advanced-hpc-lbm/e000/hs013
31 [47253011240832] TRACE perfrun.launcher <> - Update configuration: application = ./d2q9-bgk
31 [47253011240832] TRACE perfrun.launcher <> - Update configuration: application argument = input_128x128.params
31 [47253011240832] TRACE perfrun.launcher <> - Update configuration: application argument = obstacles_128x128.dat
31 [47253011240832] TRACE perfrun.launcher <> - [IN] option = interval; value = 10 !u32_t
31 [47253011240832] TRACE perfrun.launcher <> - [IN] option = follow-child; value = true !bool
31 [47253011240832] TRACE perfrun.launcher <> - [IN] option = gelding; value = false !bool
31 [47253011240832] TRACE perfrun.launcher <> - [IN] option = time-source; value = auto !ustring
31 [47253011240832] TRACE perfrun.launcher <> - [IN] option = stack; value = true !bool
31 [47253011240832] TRACE perfrun.launcher <> - [IN] option = stack-stitching; value = true !bool
31 [47253011240832] TRACE perfrun.launcher <> - [IN] option = type; value = cpu:stack !ustring
31 [47253011240832] TRACE perfrun.launcher <> - [IN] option = mrte-mode; value = auto !ustring
31 [47253011240832] TRACE perfrun.launcher <> - [IN] option = mrte-type; value = java !ustring
31 [47253011240832] TRACE perfrun.launcher <> - [IN] option = mrte-type; value = python !ustring
31 [47253011240832] TRACE perfrun.launcher <> - [IN] option = trace-strategy; value = ld-linux.so.2:notrace:notrace !ustring
31 [47253011240832] TRACE perfrun.launcher <> - [IN] option = trace-strategy; value = ld-linux-x86-64.so.2:notrace:notrace !ustring
31 [47253011240832] TRACE perfrun.launcher <> - [IN] option = collector; value = sep !ustring
31 [47253011240832] TRACE perfrun.launcher <> - [IN] option = system-wide; value = false !bool
31 [47253011240832] TRACE perfrun.launcher <> - [IN] option = kvm-guest; value = false !bool
31 [47253011240832] TRACE perfrun.launcher <> - [IN] option = bandwidth-limits; value = false !bool
31 [47253011240832] TRACE perfrun.launcher <> - [IN] option = benchmark-sync; value = false !bool
31 [47253011240832] TRACE perfrun.launcher <> - [IN] option = system-collector-config; value = all !ustring
31 [47253011240832] TRACE perfrun.launcher <> - [IN] option = stackwalk; value = offline !ustring
31 [47253011240832] TRACE perfrun.launcher <> - [IN] option = trace-type; value = per-thread !ustring
31 [47253011240832] TRACE perfrun.launcher <> - [IN] option = instrumentation-type; value = pin !ustring
31 [47253011240832] TRACE perfrun.launcher <> - [IN] option = altstack; value = true !bool
31 [47253011240832] TRACE perfrun.launcher <> - EXIT:  void runtool::CmdLineParser::populate(runtool::IConfiguration *) const
31 [47253126854400] TRACE perfrun.tpss <> - ENTER: void runtool::tpss::Controller::setMessageChannel(runtool::sdk::IMessageChannel *)
31 [47253126854400] TRACE perfrun.tpss <> - EXIT:  void runtool::tpss::Controller::setMessageChannel(runtool::sdk::IMessageChannel *)
31 [47253011240832] INFO perfrun.launcher <> - create file finder object
31 [47253126854400] TRACE perfrun.tpss <> - ENTER: void runtool::tpss::Controller::setRequestHandler(runtool::sdk::IRequestHandler *)
31 [47253126854400] TRACE perfrun.tpss <> - EXIT:  void runtool::tpss::Controller::setRequestHandler(runtool::sdk::IRequestHandler *)
31 [47253011240832] TRACE perfrun.launcher <> - Handle the user request: action = 0
31 [47253011240832] TRACE perfrun.launcher <> - ENTER: int runtool::Launcher::doStart()
31 [47253011240832] TRACE perfrun.launcher <> - ENTER: void runtool::Launcher::prepareLaunch()
31 [47253011240832] TRACE perfrun.launcher <> - ENTER: void runtool::Launcher::prepareResultDirectory()
31 [47253011240832] INFO perfrun.launcher <> - create a result directory: pattern = /mnt/storage/home/za18968/advanced-hpc-lbm/e000/hs013 pid = 4294967295
36 [47253011240832] TRACE perfrun.sdk <> - ENTER: bool runtool::sdk::DirectoryInfo::isLocal() const
36 [47253011240832] INFO perfrun.sdk <> - checked that the directory /mnt/storage/home/za18968/advanced-hpc-lbm/e000/hs013 is a local directory
37 [47253011240832] INFO perfrun.sdk <> - the directory /mnt/storage/home/za18968/advanced-hpc-lbm/e000/hs013 is located on a share or its FS ID is unknown 1196443219
37 [47253011240832] TRACE perfrun.sdk <> - EXIT:  bool runtool::sdk::DirectoryInfo::isLocal() const
37 [47253011240832] INFO perfrun.launcher <> - Create a local result directory /tmp/advixe-tmp-za18968/advixe-res-9233-15125585863052820 due to the user result path /mnt/storage/home/za18968/advanced-hpc-lbm/e000/hs013 is located on a share
37 [47253011240832] TRACE perfrun.launcher <> - Update configuration: result directory = /tmp/advixe-tmp-za18968/advixe-res-9233-15125585863052820
37 [47253011240832] INFO perfrun.launcher <> - create data directory = /tmp/advixe-tmp-za18968/advixe-res-9233-15125585863052820/data.0
37 [47253011240832] INFO perfrun.launcher <> - create data directory = /mnt/storage/home/za18968/advanced-hpc-lbm/e000/hs013/data.0
38 [47253011240832] TRACE perfrun.launcher <> - Update configuration: data directory = /tmp/advixe-tmp-za18968/advixe-res-9233-15125585863052820/data.0
38 [47253011240832] TRACE perfrun.launcher <> - EXIT:  void runtool::Launcher::prepareResultDirectory()
41 [47253011240832] TRACE perfrun.launcher <> - IMessenger: send collection state with state = 11
41 [47253126854400] TRACE perfrun.launcher <> - Update configuration: follow child = 1
43 [47253126854400] TRACE perfrun.launcher <> - Update configuration: time source = 0
43 [47253126854400] TRACE perfrun.launcher <> - Update configuration: stack = 1
43 [47253126854400] TRACE perfrun.launcher <> - Update configuration: gelding = 0
43 [47253126854400] TRACE perfrun.launcher <> - Update configuration: stack stitching = 1
43 [47253126854400] TRACE perfrun.system <> - ENTER: int runtool::system::Controller::initialize(runtool::sdk::IConfiguration *)
43 [47253126854400] TRACE perfrun.system <> - ENTER: int runtool::system::TraceWriter::initialize(runtool::sdk::IConfiguration *, runtool::system::TraceWriter::Settings *)
43 [47253126854400] TRACE perfrun.sdk <> - 0x7924a02
47 [47253126854400] TRACE perfrun.sdk <> - ENTER: runtool::sdk::TraceFile::TraceFile(tpss_tmu_creator *, unsigned int, const std::basic_string<char, std::char_traits<char>, std::allocator<char>> &, bool)
47 [47253126854400] INFO perfrun.sdk <> - Allocating TMU :/tmp/advixe-tmp-za18968/advixe-res-9233-15125585863052820/data.0/systemcollector-9233-compute084.bc4.acrc.priv.sc
47 [47253126854400] TRACE perfrun.sdk <> - EXIT:  runtool::sdk::TraceFile::TraceFile(tpss_tmu_creator *, unsigned int, const std::basic_string<char, std::char_traits<char>, std::allocator<char>> &, bool)
47 [47253126854400] TRACE perfrun.system <> - EXIT:  int runtool::system::TraceWriter::initialize(runtool::sdk::IConfiguration *, runtool::system::TraceWriter::Settings *)
47 [47253126854400] TRACE perfrun.system <> - EXIT:  int runtool::system::Controller::initialize(runtool::sdk::IConfiguration *)
47 [47253126854400] INFO perfrun.launcher <> - plugin [] was disabled because it doesn't support the given collection type.
47 [47253126854400] INFO perfrun.launcher <> - plugin [] was disabled because it doesn't support the given collection type.
47 [47253126854400] INFO perfrun.launcher <> - plugin [] was disabled because it doesn't support the given collection type.
47 [47253126854400] INFO perfrun.launcher <> - plugin [] was disabled because it doesn't support the given collection type.
47 [47253126854400] INFO perfrun.launcher <> - plugin [] was disabled because it doesn't support the given collection type.
47 [47253126854400] INFO perfrun.launcher <> - plugin [] was disabled because it doesn't support the given collection type.
47 [47253126854400] TRACE perfrun.mrte <> - ENTER: int runtool::mrte::Controller::initialize(runtool::sdk::IConfiguration *)
47 [47253126854400] TRACE perfrun.mrte <> - EXIT:  int runtool::mrte::Controller::initialize(runtool::sdk::IConfiguration *)
47 [47253126854400] INFO perfrun.launcher <> - plugin [mrte] was disabled because it doesn't support the given collection type.
47 [47253126854400] INFO perfrun.launcher <> - plugin [] was disabled because it doesn't support the given collection type.
48 [47253126854400] INFO perfrun.launcher <> - plugin [] was disabled because it doesn't support the given collection type.
48 [47253126854400] INFO perfrun.launcher <> - plugin [] was disabled because it doesn't support the given collection type.
48 [47253126854400] INFO perfrun.launcher <> - plugin [] was disabled because it doesn't support the given collection type.
48 [47253126854400] INFO perfrun.launcher <> - plugin [] was disabled because it doesn't support the given collection type.
48 [47253126854400] TRACE perfrun.tpss <> - ENTER: int runtool::tpss::Controller::initialize(runtool::sdk::IConfiguration *)
48 [47253126854400] INFO perfrun.tpss <> - initialize tpss controller
48 [47253126854400] TRACE perfrun.tpss <> - ENTER: bool runtool::tpss::Controller::configureCollectionMode(const std::basic_string<char, std::char_traits<char>, std::allocator<char>> &)
48 [47253126854400] INFO perfrun.tpss <> - configure collection mode: value = cpu:stack
48 [47253126854400] TRACE perfrun.tpss <> - EXIT:  bool runtool::tpss::Controller::configureCollectionMode(const std::basic_string<char, std::char_traits<char>, std::allocator<char>> &)
48 [47253126854400] TRACE perfrun.tpss <> - ENTER: tpss::trace_file_t runtool::tpss::castTraceFileType(const gen_helpers2::variant_t &)
48 [47253126854400] TRACE perfrun.tpss <> - EXIT:  tpss::trace_file_t runtool::tpss::castTraceFileType(const gen_helpers2::variant_t &)
48 [47253126854400] INFO perfrun.tpss <> - default obj-size-min=1024
48 [47253126854400] INFO perfrun.tpss <> - default hash-table-size=0
48 [47253126854400] TRACE perfrun.tpss <> - EXIT:  int runtool::tpss::Controller::initialize(runtool::sdk::IConfiguration *)
48 [47253126854400] INFO perfrun.launcher <> - plugin [] was disabled because it doesn't support the given collection type.
48 [47253126854400] INFO perfrun.launcher <> - plugin [] was disabled because it doesn't support the given collection type.
48 [47253126854400] INFO perfrun.launcher <> - plugin [] was disabled because it doesn't support the given collection type.
48 [47253126854400] INFO perfrun.launcher <> - plugin [] was disabled because it doesn't support the given collection type.
48 [47253126854400] INFO perfrun.launcher <> - plugin [] was disabled because it doesn't support the given collection type.
48 [47253126854400] INFO perfrun.launcher <> - plugin [] was disabled because it doesn't support the given collection type.
48 [47253011240832] TRACE perfrun.launcher <> - RpcServer was created for IPC filename = /mnt/storage/home/za18968/advanced-hpc-lbm/e000/hs013/runtool.9233.ipc
48 [47253011240832] TRACE perfrun.launcher <> - RpcServer: setup all handlers at once
48 [47253011240832] TRACE perfrun.launcher <> - RpcServer: setup a handler for ICancelRequest
48 [47253011240832] TRACE perfrun.launcher <> - RpcServer: setup a handler for IPauseRequest
48 [47253011240832] TRACE perfrun.launcher <> - RpcServer: setup a handler for IResumeRequest
48 [47253011240832] TRACE perfrun.launcher <> - RpcServer: setup a handler for IStopRequest
48 [47253011240832] TRACE perfrun.launcher <> - RpcServer: setup a handler for IStatusRequest
48 [47253011240832] TRACE perfrun.launcher <> - RpcServer: setup a handler for IDetachRequest
48 [47253011240832] TRACE perfrun.launcher <> - RpcServer: setup a handler for IMarkRequest
48 [47253011240832] INFO perfrun.launcher <> - RpcServer: run RPC server to handle requests
48 [47253011240832] DEBUG perfrun.launcher <> - RpcServer: wrote information about the RPC server into the IPC file
49 [47253011240832] TRACE perfrun.launcher <> - EXIT:  void runtool::Launcher::prepareLaunch()
49 [47253232289536] TRACE perfrun.launcher <> - ENTER: RpcServer: the main loop handles RPC requests  from clients
49 [47253011240832] INFO perfrun.launcher <> - Launcher: command line to start before modification = ./d2q9-bgk input_128x128.params obstacles_128x128.dat
49 [47253126854400] TRACE perfrun.tpss <> - ENTER: void runtool::tpss::Controller::modifyCommandLine(std::basic_string<char, std::char_traits<char>, std::allocator<char>> &) const
49 [47253126854400] TRACE perfrun.tpss <> - EXIT:  void runtool::tpss::Controller::modifyCommandLine(std::basic_string<char, std::char_traits<char>, std::allocator<char>> &) const
49 [47253011240832] INFO perfrun.launcher <> - Launcher: command line to start after modification = /mnt/storage/software/languages/intel/intel-parallel_studio_xe_2018_u3/advisor_2018.3.0.558307/bin64/pin -error_file /tmp/advixe-tmp-za18968/advixe-res-9233-15125585863052820/data.0/pinerr.tpsslog -detach_reattach -follow_execv -tool_load_option deepbind -t64 /mnt/storage/software/languages/intel/intel-parallel_studio_xe_2018_u3/advisor_2018.3.0.558307/lib64/libtpsstool.so -t /mnt/storage/software/languages/intel/intel-parallel_studio_xe_2018_u3/advisor_2018.3.0.558307/lib32/libtpsstool.so -server_name tpss_ipc.9233 -prd_dir /mnt/storage/software/languages/intel/intel-parallel_studio_xe_2018_u3/advisor_2018.3.0.558307 -- ./d2q9-bgk input_128x128.params obstacles_128x128.dat
49 [47253011240832] INFO perfrun.launcher <> - ProcessCreator object was created
49 [47253011240832] TRACE perfrun.launcher <> - ENTER: unsigned int runtool::ProcessCreator::start(bool)
49 [47253011240832] TRACE perfrun.launcher <> - EXIT:  unsigned int runtool::ProcessCreator::start(bool)
50 [47253011240832] INFO perfrun.launcher <> - Launcher: the process was started in suspend mode
50 [47253126854400] TRACE perfrun.system <> - ENTER: void runtool::system::Controller::onEvent(runtool::sdk::collection_state_t)
50 [47253126854400] TRACE perfrun.system <> - EXIT:  void runtool::system::Controller::onEvent(runtool::sdk::collection_state_t)
50 [47253126854400] TRACE perfrun.system <> - ENTER: bool runtool::system::Controller::start(unsigned int)
111 [47253126854400] INFO perfrun.system <> - Helper runtool '/mnt/storage/software/languages/intel/intel-parallel_studio_xe_2018_u3/advisor_2018.3.0.558307/bin32/advixe-runss -dump-vdso -r /tmp/advixe-tmp-za18968/advixe-res-9233-15125585863052820 --tmp-dir /tmp/advixe-tmp-za18968' returned 0
169 [47253126854400] INFO perfrun.system <> - Helper runtool '/mnt/storage/software/languages/intel/intel-parallel_studio_xe_2018_u3/advisor_2018.3.0.558307/bin64/advixe-runss -dump-vdso -r /tmp/advixe-tmp-za18968/advixe-res-9233-15125585863052820 --tmp-dir /tmp/advixe-tmp-za18968' returned 0
171 [47253126854400] TRACE perfrun.system <> - ENTER: bool runtool::system::getVideoAdapters(std::vector<runtool::system::gpu_adapter_t, std::allocator<runtool::system::gpu_adapter_t>> &)
237 [47253126854400] TRACE perfrun.system <> - EXIT:  bool runtool::system::getVideoAdapters(std::vector<runtool::system::gpu_adapter_t, std::allocator<runtool::system::gpu_adapter_t>> &)
237 [47253126854400] TRACE perfrun.sdk <> - ENTER: bool runtool::sdk::runSystemCmd(const std::basic_string<char, std::char_traits<char>, std::allocator<char>> &, std::basic_string<char, std::char_traits<char>, std::allocator<char>> *, bool, const std::basic_string<char, std::char_traits<char>, std::allocator<char>> &)
237 [47253126854400] WARN perfrun.sdk <> - Failed to find xl binary on any of the system paths: /bin, /sbin, /usr/bin, /usr/sbin., at file: vcs/perfrun1/sdk/src/utils.cpp:433
237 [47253126854400] TRACE perfrun.sdk <> - EXIT:  bool runtool::sdk::runSystemCmd(const std::basic_string<char, std::char_traits<char>, std::allocator<char>> &, std::basic_string<char, std::char_traits<char>, std::allocator<char>> *, bool, const std::basic_string<char, std::char_traits<char>, std::allocator<char>> &)
238 [47253126854400] TRACE perfrun.system <> - EXIT:  bool runtool::system::Controller::start(unsigned int)
238 [47253126854400] TRACE perfrun.tpss <> - ENTER: bool runtool::tpss::Controller::start(unsigned int)
238 [47253126854400] INFO perfrun.tpss <> - start tpss controller for pid #9238
289 [47253126854400] TRACE perfrun.tpss <> - EXIT:  bool runtool::tpss::Controller::start(unsigned int)
289 [47253126854400] TRACE perfrun.system <> - ENTER: void runtool::system::Controller::onEvent(runtool::sdk::collection_state_t)
289 [47253126854400] TRACE perfrun.system <> - EXIT:  void runtool::system::Controller::onEvent(runtool::sdk::collection_state_t)
289 [47253011240832] INFO perfrun.launcher <> - Launcher: all plugins were started
289 [47253011240832] TRACE perfrun.launcher <> - IMessenger: send collection state with state = 1
289 [47253011240832] TRACE perfrun.launcher <> - ENTER: void runtool::Launcher::setupResumeAfterCallback()
289 [47253011240832] TRACE perfrun.launcher <> - EXIT:  void runtool::Launcher::setupResumeAfterCallback()
289 [47253011240832] TRACE perfrun.launcher <> - ENTER: void runtool::Launcher::setupHardStopCallbacks()
289 [47253011240832] INFO perfrun.launcher <> - DirectoryMonitor object was created
289 [47253011240832] INFO perfrun.launcher <> - DirectoryMonitor: a callback was added
289 [47253011240832] INFO perfrun.launcher <> - DirectoryMonitor was started with pingTime = 1000
289 [47253011240832] INFO perfrun.launcher <> - DeadlineTimer is going to be constructed
289 [47253011240832] INFO perfrun.launcher <> - DeadlineTimer: a callback was added
289 [47253011240832] TRACE perfrun.launcher <> - EXIT:  void runtool::Launcher::setupHardStopCallbacks()
289 [47253011240832] TRACE perfrun.launcher <> - ENTER: void runtool::Launcher::setupDurationCallback(bool)
289 [47253011240832] TRACE perfrun.launcher <> - EXIT:  void runtool::Launcher::setupDurationCallback(bool)
291 [47253011240832] TRACE perfrun.launcher <> - ENTER: void runtool::ProcessCreator::resume()
291 [47253011240832] DEBUG perfrun.launcher <> - ProcessCreator: the process with pid = 9238 is resumed
292 [47253011240832] TRACE perfrun.launcher <> - EXIT:  void runtool::ProcessCreator::resume()
292 [47253011240832] INFO perfrun.launcher <> - Launcher: resume the profiled application and  wait its termination or stop command
292 [47253011240832] TRACE perfrun.launcher <> - ENTER: int runtool::ProcessCreator::wait()
292 [47253011240832] TRACE perfrun.launcher <> - ENTER: int runtool::ProcessCreator::waitPid()
1289 [47253236492032] TRACE perfrun.launcher <> - ENTER: void runtool::DeadlineTimer::notify(const boost::system::error_code &)
1289 [47253236492032] TRACE perfrun.launcher <> - ENTER: void runtool::DirectoryMonitor::notifyAll()
1289 [47253236492032] TRACE perfrun.sdk <> - ENTER: void runtool::sdk::getFilesFromDirectoryByExt(const std::basic_string<char, std::char_traits<char>, std::allocator<char>> &, const std::basic_string<char, std::char_traits<char>, std::allocator<char>> &, std::list<std::basic_string<char, std::char_traits<char>, std::allocator<char>>, std::allocator<std::basic_string<char, std::char_traits<char>, std::allocator<char>>>> &)
1290 [47253236492032] TRACE perfrun.sdk <> - EXIT:  void runtool::sdk::getFilesFromDirectoryByExt(const std::basic_string<char, std::char_traits<char>, std::allocator<char>> &, const std::basic_string<char, std::char_traits<char>, std::allocator<char>> &, std::list<std::basic_string<char, std::char_traits<char>, std::allocator<char>>, std::allocator<std::basic_string<char, std::char_traits<char>, std::allocator<char>>>> &)
1290 [47253236492032] DEBUG perfrun.launcher <> - DirectoryInfo: total size of monitored paths is 0 bytes
1290 [47253236492032] TRACE perfrun.launcher <> - EXIT:  void runtool::DirectoryMonitor::notifyAll()
1290 [47253236492032] TRACE perfrun.launcher <> - EXIT:  void runtool::DeadlineTimer::notify(const boost::system::error_code &)
2290 [47253236492032] TRACE perfrun.launcher <> - ENTER: void runtool::DeadlineTimer::notify(const boost::system::error_code &)
2290 [47253236492032] TRACE perfrun.launcher <> - ENTER: void runtool::DirectoryMonitor::notifyAll()
2290 [47253236492032] TRACE perfrun.sdk <> - ENTER: void runtool::sdk::getFilesFromDirectoryByExt(const std::basic_string<char, std::char_traits<char>, std::allocator<char>> &, const std::basic_string<char, std::char_traits<char>, std::allocator<char>> &, std::list<std::basic_string<char, std::char_traits<char>, std::allocator<char>>, std::allocator<std::basic_string<char, std::char_traits<char>, std::allocator<char>>>> &)
2290 [47253236492032] TRACE perfrun.sdk <> - EXIT:  void runtool::sdk::getFilesFromDirectoryByExt(const std::basic_string<char, std::char_traits<char>, std::allocator<char>> &, const std::basic_string<char, std::char_traits<char>, std::allocator<char>> &, std::list<std::basic_string<char, std::char_traits<char>, std::allocator<char>>, std::allocator<std::basic_string<char, std::char_traits<char>, std::allocator<char>>>> &)
2290 [47253236492032] DEBUG perfrun.launcher <> - DirectoryInfo: total size of monitored paths is 0 bytes
2290 [47253236492032] TRACE perfrun.launcher <> - EXIT:  void runtool::DirectoryMonitor::notifyAll()
2290 [47253236492032] TRACE perfrun.launcher <> - EXIT:  void runtool::DeadlineTimer::notify(const boost::system::error_code &)
3290 [47253236492032] TRACE perfrun.launcher <> - ENTER: void runtool::DeadlineTimer::notify(const boost::system::error_code &)
3290 [47253236492032] TRACE perfrun.launcher <> - ENTER: void runtool::DirectoryMonitor::notifyAll()
3290 [47253236492032] TRACE perfrun.sdk <> - ENTER: void runtool::sdk::getFilesFromDirectoryByExt(const std::basic_string<char, std::char_traits<char>, std::allocator<char>> &, const std::basic_string<char, std::char_traits<char>, std::allocator<char>> &, std::list<std::basic_string<char, std::char_traits<char>, std::allocator<char>>, std::allocator<std::basic_string<char, std::char_traits<char>, std::allocator<char>>>> &)
3291 [47253236492032] TRACE perfrun.sdk <> - EXIT:  void runtool::sdk::getFilesFromDirectoryByExt(const std::basic_string<char, std::char_traits<char>, std::allocator<char>> &, const std::basic_string<char, std::char_traits<char>, std::allocator<char>> &, std::list<std::basic_string<char, std::char_traits<char>, std::allocator<char>>, std::allocator<std::basic_string<char, std::char_traits<char>, std::allocator<char>>>> &)
3291 [47253236492032] DEBUG perfrun.launcher <> - DirectoryInfo: total size of monitored paths is 0 bytes
3291 [47253236492032] TRACE perfrun.launcher <> - EXIT:  void runtool::DirectoryMonitor::notifyAll()
3291 [47253236492032] TRACE perfrun.launcher <> - EXIT:  void runtool::DeadlineTimer::notify(const boost::system::error_code &)
4291 [47253236492032] TRACE perfrun.launcher <> - ENTER: void runtool::DeadlineTimer::notify(const boost::system::error_code &)
4291 [47253236492032] TRACE perfrun.launcher <> - ENTER: void runtool::DirectoryMonitor::notifyAll()
4291 [47253236492032] TRACE perfrun.sdk <> - ENTER: void runtool::sdk::getFilesFromDirectoryByExt(const std::basic_string<char, std::char_traits<char>, std::allocator<char>> &, const std::basic_string<char, std::char_traits<char>, std::allocator<char>> &, std::list<std::basic_string<char, std::char_traits<char>, std::allocator<char>>, std::allocator<std::basic_string<char, std::char_traits<char>, std::allocator<char>>>> &)
4291 [47253236492032] TRACE perfrun.sdk <> - EXIT:  void runtool::sdk::getFilesFromDirectoryByExt(const std::basic_string<char, std::char_traits<char>, std::allocator<char>> &, const std::basic_string<char, std::char_traits<char>, std::allocator<char>> &, std::list<std::basic_string<char, std::char_traits<char>, std::allocator<char>>, std::allocator<std::basic_string<char, std::char_traits<char>, std::allocator<char>>>> &)
4291 [47253236492032] DEBUG perfrun.launcher <> - DirectoryInfo: total size of monitored paths is 0 bytes
4291 [47253236492032] TRACE perfrun.launcher <> - EXIT:  void runtool::DirectoryMonitor::notifyAll()
4291 [47253236492032] TRACE perfrun.launcher <> - EXIT:  void runtool::DeadlineTimer::notify(const boost::system::error_code &)
5291 [47253236492032] TRACE perfrun.launcher <> - ENTER: void runtool::DeadlineTimer::notify(const boost::system::error_code &)
5291 [47253236492032] TRACE perfrun.launcher <> - ENTER: void runtool::DirectoryMonitor::notifyAll()
5291 [47253236492032] TRACE perfrun.sdk <> - ENTER: void runtool::sdk::getFilesFromDirectoryByExt(const std::basic_string<char, std::char_traits<char>, std::allocator<char>> &, const std::basic_string<char, std::char_traits<char>, std::allocator<char>> &, std::list<std::basic_string<char, std::char_traits<char>, std::allocator<char>>, std::allocator<std::basic_string<char, std::char_traits<char>, std::allocator<char>>>> &)
5292 [47253236492032] TRACE perfrun.sdk <> - EXIT:  void runtool::sdk::getFilesFromDirectoryByExt(const std::basic_string<char, std::char_traits<char>, std::allocator<char>> &, const std::basic_string<char, std::char_traits<char>, std::allocator<char>> &, std::list<std::basic_string<char, std::char_traits<char>, std::allocator<char>>, std::allocator<std::basic_string<char, std::char_traits<char>, std::allocator<char>>>> &)
5292 [47253236492032] DEBUG perfrun.launcher <> - DirectoryInfo: total size of monitored paths is 0 bytes
5292 [47253236492032] TRACE perfrun.launcher <> - EXIT:  void runtool::DirectoryMonitor::notifyAll()
5292 [47253236492032] TRACE perfrun.launcher <> - EXIT:  void runtool::DeadlineTimer::notify(const boost::system::error_code &)
6292 [47253236492032] TRACE perfrun.launcher <> - ENTER: void runtool::DeadlineTimer::notify(const boost::system::error_code &)
6292 [47253236492032] TRACE perfrun.launcher <> - ENTER: void runtool::DirectoryMonitor::notifyAll()
6292 [47253236492032] TRACE perfrun.sdk <> - ENTER: void runtool::sdk::getFilesFromDirectoryByExt(const std::basic_string<char, std::char_traits<char>, std::allocator<char>> &, const std::basic_string<char, std::char_traits<char>, std::allocator<char>> &, std::list<std::basic_string<char, std::char_traits<char>, std::allocator<char>>, std::allocator<std::basic_string<char, std::char_traits<char>, std::allocator<char>>>> &)
6292 [47253236492032] TRACE perfrun.sdk <> - EXIT:  void runtool::sdk::getFilesFromDirectoryByExt(const std::basic_string<char, std::char_traits<char>, std::allocator<char>> &, const std::basic_string<char, std::char_traits<char>, std::allocator<char>> &, std::list<std::basic_string<char, std::char_traits<char>, std::allocator<char>>, std::allocator<std::basic_string<char, std::char_traits<char>, std::allocator<char>>>> &)
6292 [47253236492032] DEBUG perfrun.launcher <> - DirectoryInfo: total size of monitored paths is 0 bytes
6292 [47253236492032] TRACE perfrun.launcher <> - EXIT:  void runtool::DirectoryMonitor::notifyAll()
6292 [47253236492032] TRACE perfrun.launcher <> - EXIT:  void runtool::DeadlineTimer::notify(const boost::system::error_code &)
7292 [47253236492032] TRACE perfrun.launcher <> - ENTER: void runtool::DeadlineTimer::notify(const boost::system::error_code &)
7292 [47253236492032] TRACE perfrun.launcher <> - ENTER: void runtool::DirectoryMonitor::notifyAll()
7292 [47253236492032] TRACE perfrun.sdk <> - ENTER: void runtool::sdk::getFilesFromDirectoryByExt(const std::basic_string<char, std::char_traits<char>, std::allocator<char>> &, const std::basic_string<char, std::char_traits<char>, std::allocator<char>> &, std::list<std::basic_string<char, std::char_traits<char>, std::allocator<char>>, std::allocator<std::basic_string<char, std::char_traits<char>, std::allocator<char>>>> &)
7292 [47253236492032] TRACE perfrun.sdk <> - EXIT:  void runtool::sdk::getFilesFromDirectoryByExt(const std::basic_string<char, std::char_traits<char>, std::allocator<char>> &, const std::basic_string<char, std::char_traits<char>, std::allocator<char>> &, std::list<std::basic_string<char, std::char_traits<char>, std::allocator<char>>, std::allocator<std::basic_string<char, std::char_traits<char>, std::allocator<char>>>> &)
7292 [47253236492032] DEBUG perfrun.launcher <> - DirectoryInfo: total size of monitored paths is 0 bytes
7293 [47253236492032] TRACE perfrun.launcher <> - EXIT:  void runtool::DirectoryMonitor::notifyAll()
7293 [47253236492032] TRACE perfrun.launcher <> - EXIT:  void runtool::DeadlineTimer::notify(const boost::system::error_code &)
8293 [47253236492032] TRACE perfrun.launcher <> - ENTER: void runtool::DeadlineTimer::notify(const boost::system::error_code &)
8293 [47253236492032] TRACE perfrun.launcher <> - ENTER: void runtool::DirectoryMonitor::notifyAll()
8293 [47253236492032] TRACE perfrun.sdk <> - ENTER: void runtool::sdk::getFilesFromDirectoryByExt(const std::basic_string<char, std::char_traits<char>, std::allocator<char>> &, const std::basic_string<char, std::char_traits<char>, std::allocator<char>> &, std::list<std::basic_string<char, std::char_traits<char>, std::allocator<char>>, std::allocator<std::basic_string<char, std::char_traits<char>, std::allocator<char>>>> &)
8293 [47253236492032] TRACE perfrun.sdk <> - EXIT:  void runtool::sdk::getFilesFromDirectoryByExt(const std::basic_string<char, std::char_traits<char>, std::allocator<char>> &, const std::basic_string<char, std::char_traits<char>, std::allocator<char>> &, std::list<std::basic_string<char, std::char_traits<char>, std::allocator<char>>, std::allocator<std::basic_string<char, std::char_traits<char>, std::allocator<char>>>> &)
8293 [47253236492032] DEBUG perfrun.launcher <> - DirectoryInfo: total size of monitored paths is 0 bytes
8293 [47253236492032] TRACE perfrun.launcher <> - EXIT:  void runtool::DirectoryMonitor::notifyAll()
8293 [47253236492032] TRACE perfrun.launcher <> - EXIT:  void runtool::DeadlineTimer::notify(const boost::system::error_code &)
9293 [47253236492032] TRACE perfrun.launcher <> - ENTER: void runtool::DeadlineTimer::notify(const boost::system::error_code &)
9293 [47253236492032] TRACE perfrun.launcher <> - ENTER: void runtool::DirectoryMonitor::notifyAll()
9293 [47253236492032] TRACE perfrun.sdk <> - ENTER: void runtool::sdk::getFilesFromDirectoryByExt(const std::basic_string<char, std::char_traits<char>, std::allocator<char>> &, const std::basic_string<char, std::char_traits<char>, std::allocator<char>> &, std::list<std::basic_string<char, std::char_traits<char>, std::allocator<char>>, std::allocator<std::basic_string<char, std::char_traits<char>, std::allocator<char>>>> &)
9293 [47253236492032] TRACE perfrun.sdk <> - EXIT:  void runtool::sdk::getFilesFromDirectoryByExt(const std::basic_string<char, std::char_traits<char>, std::allocator<char>> &, const std::basic_string<char, std::char_traits<char>, std::allocator<char>> &, std::list<std::basic_string<char, std::char_traits<char>, std::allocator<char>>, std::allocator<std::basic_string<char, std::char_traits<char>, std::allocator<char>>>> &)
9293 [47253236492032] DEBUG perfrun.launcher <> - DirectoryInfo: total size of monitored paths is 0 bytes
9293 [47253236492032] TRACE perfrun.launcher <> - EXIT:  void runtool::DirectoryMonitor::notifyAll()
9293 [47253236492032] TRACE perfrun.launcher <> - EXIT:  void runtool::DeadlineTimer::notify(const boost::system::error_code &)
10293 [47253236492032] TRACE perfrun.launcher <> - ENTER: void runtool::DeadlineTimer::notify(const boost::system::error_code &)
10293 [47253236492032] TRACE perfrun.launcher <> - ENTER: void runtool::DirectoryMonitor::notifyAll()
10294 [47253236492032] TRACE perfrun.sdk <> - ENTER: void runtool::sdk::getFilesFromDirectoryByExt(const std::basic_string<char, std::char_traits<char>, std::allocator<char>> &, const std::basic_string<char, std::char_traits<char>, std::allocator<char>> &, std::list<std::basic_string<char, std::char_traits<char>, std::allocator<char>>, std::allocator<std::basic_string<char, std::char_traits<char>, std::allocator<char>>>> &)
10294 [47253236492032] TRACE perfrun.sdk <> - EXIT:  void runtool::sdk::getFilesFromDirectoryByExt(const std::basic_string<char, std::char_traits<char>, std::allocator<char>> &, const std::basic_string<char, std::char_traits<char>, std::allocator<char>> &, std::list<std::basic_string<char, std::char_traits<char>, std::allocator<char>>, std::allocator<std::basic_string<char, std::char_traits<char>, std::allocator<char>>>> &)
10294 [47253236492032] DEBUG perfrun.launcher <> - DirectoryInfo: total size of monitored paths is 0 bytes
10294 [47253236492032] TRACE perfrun.launcher <> - EXIT:  void runtool::DirectoryMonitor::notifyAll()
10294 [47253236492032] TRACE perfrun.launcher <> - EXIT:  void runtool::DeadlineTimer::notify(const boost::system::error_code &)
11294 [47253236492032] TRACE perfrun.launcher <> - ENTER: void runtool::DeadlineTimer::notify(const boost::system::error_code &)
11294 [47253236492032] TRACE perfrun.launcher <> - ENTER: void runtool::DirectoryMonitor::notifyAll()
11294 [47253236492032] TRACE perfrun.sdk <> - ENTER: void runtool::sdk::getFilesFromDirectoryByExt(const std::basic_string<char, std::char_traits<char>, std::allocator<char>> &, const std::basic_string<char, std::char_traits<char>, std::allocator<char>> &, std::list<std::basic_string<char, std::char_traits<char>, std::allocator<char>>, std::allocator<std::basic_string<char, std::char_traits<char>, std::allocator<char>>>> &)
11294 [47253236492032] TRACE perfrun.sdk <> - EXIT:  void runtool::sdk::getFilesFromDirectoryByExt(const std::basic_string<char, std::char_traits<char>, std::allocator<char>> &, const std::basic_string<char, std::char_traits<char>, std::allocator<char>> &, std::list<std::basic_string<char, std::char_traits<char>, std::allocator<char>>, std::allocator<std::basic_string<char, std::char_traits<char>, std::allocator<char>>>> &)
11294 [47253236492032] DEBUG perfrun.launcher <> - DirectoryInfo: total size of monitored paths is 0 bytes
11294 [47253236492032] TRACE perfrun.launcher <> - EXIT:  void runtool::DirectoryMonitor::notifyAll()
11294 [47253236492032] TRACE perfrun.launcher <> - EXIT:  void runtool::DeadlineTimer::notify(const boost::system::error_code &)
12294 [47253236492032] TRACE perfrun.launcher <> - ENTER: void runtool::DeadlineTimer::notify(const boost::system::error_code &)
12294 [47253236492032] TRACE perfrun.launcher <> - ENTER: void runtool::DirectoryMonitor::notifyAll()
12294 [47253236492032] TRACE perfrun.sdk <> - ENTER: void runtool::sdk::getFilesFromDirectoryByExt(const std::basic_string<char, std::char_traits<char>, std::allocator<char>> &, const std::basic_string<char, std::char_traits<char>, std::allocator<char>> &, std::list<std::basic_string<char, std::char_traits<char>, std::allocator<char>>, std::allocator<std::basic_string<char, std::char_traits<char>, std::allocator<char>>>> &)
12295 [47253236492032] TRACE perfrun.sdk <> - EXIT:  void runtool::sdk::getFilesFromDirectoryByExt(const std::basic_string<char, std::char_traits<char>, std::allocator<char>> &, const std::basic_string<char, std::char_traits<char>, std::allocator<char>> &, std::list<std::basic_string<char, std::char_traits<char>, std::allocator<char>>, std::allocator<std::basic_string<char, std::char_traits<char>, std::allocator<char>>>> &)
12295 [47253236492032] DEBUG perfrun.launcher <> - DirectoryInfo: total size of monitored paths is 0 bytes
12295 [47253236492032] TRACE perfrun.launcher <> - EXIT:  void runtool::DirectoryMonitor::notifyAll()
12295 [47253236492032] TRACE perfrun.launcher <> - EXIT:  void runtool::DeadlineTimer::notify(const boost::system::error_code &)
12980 [47253011240832] TRACE perfrun.launcher <> - EXIT:  int runtool::ProcessCreator::waitPid()
12981 [47253011240832] TRACE perfrun.launcher <> - EXIT:  int runtool::ProcessCreator::wait()
12981 [47253011240832] INFO perfrun.launcher <> - Launcher: the profiled application was terminated  with exit code = 0
12981 [47253011240832] TRACE perfrun.launcher <> - ENTER: void runtool::Launcher::waitForSlaves(const std::basic_string<char, std::char_traits<char>, std::allocator<char>> &)
12981 [47253011240832] TRACE perfrun.sdk <> - ENTER: void runtool::sdk::getFilesFromDirectoryByExt(const std::basic_string<char, std::char_traits<char>, std::allocator<char>> &, const std::basic_string<char, std::char_traits<char>, std::allocator<char>> &, std::list<std::basic_string<char, std::char_traits<char>, std::allocator<char>>, std::allocator<std::basic_string<char, std::char_traits<char>, std::allocator<char>>>> &)
12981 [47253011240832] TRACE perfrun.sdk <> - EXIT:  void runtool::sdk::getFilesFromDirectoryByExt(const std::basic_string<char, std::char_traits<char>, std::allocator<char>> &, const std::basic_string<char, std::char_traits<char>, std::allocator<char>> &, std::list<std::basic_string<char, std::char_traits<char>, std::allocator<char>>, std::allocator<std::basic_string<char, std::char_traits<char>, std::allocator<char>>>> &)
12981 [47253011240832] TRACE perfrun.launcher <> - EXIT:  void runtool::Launcher::waitForSlaves(const std::basic_string<char, std::char_traits<char>, std::allocator<char>> &)
12981 [47253126854400] TRACE perfrun.system <> - ENTER: void runtool::system::Controller::onEvent(runtool::sdk::collection_state_t)
12981 [47253126854400] TRACE perfrun.system <> - EXIT:  void runtool::system::Controller::onEvent(runtool::sdk::collection_state_t)
12981 [47253126854400] TRACE perfrun.system <> - ENTER: bool runtool::system::Controller::stop()
12984 [47253126854400] TRACE perfrun.system <> - EXIT:  bool runtool::system::Controller::stop()
12984 [47253126854400] TRACE perfrun.tpss <> - ENTER: bool runtool::tpss::Controller::stop()
12984 [47253126854400] INFO perfrun.tpss <> - stop tpss controller
12984 [47253126854400] TRACE perfrun.tpss <> - EXIT:  bool runtool::tpss::Controller::stop()
12984 [47253126854400] TRACE perfrun.system <> - ENTER: void runtool::system::Controller::onEvent(runtool::sdk::collection_state_t)
12984 [47253126854400] TRACE perfrun.sdk <> - ENTER: void runtool::sdk::TraceFile::close(boost::system::error_code &)
12984 [47253126854400] INFO perfrun.sdk <> - De-allocating TMU: /tmp/advixe-tmp-za18968/advixe-res-9233-15125585863052820/data.0/systemcollector-9233-compute084.bc4.acrc.priv.sc
12984 [47253126854400] TRACE perfrun.sdk <> - EXIT:  void runtool::sdk::TraceFile::close(boost::system::error_code &)
12984 [47253126854400] INFO perfrun.system <> - closed the system trace file: /tmp/advixe-tmp-za18968/advixe-res-9233-15125585863052820/data.0/systemcollector-9233-compute084.bc4.acrc.priv.sc
12984 [47253126854400] TRACE perfrun.system <> - EXIT:  void runtool::system::Controller::onEvent(runtool::sdk::collection_state_t)
12984 [47253011240832] TRACE perfrun.launcher <> - ENTER: void runtool::ProcessSetMonitor<T>::stop() [with T = unsigned int]
12984 [47253011240832] TRACE perfrun.launcher <> - EXIT:  void runtool::ProcessSetMonitor<T>::stop() [with T = unsigned int]
12984 [47253011240832] TRACE perfrun.launcher <> - ENTER: void runtool::ProcessCreator::stop()
12984 [47253011240832] TRACE perfrun.launcher <> - EXIT:  void runtool::ProcessCreator::stop()
12984 [47253011240832] INFO perfrun.launcher <> - Launcher: all plugins were stopped.
12984 [47253011240832] TRACE perfrun.launcher <> - ENTER: void runtool::Launcher::resetDurationCallback()
12984 [47253011240832] TRACE perfrun.launcher <> - EXIT:  void runtool::Launcher::resetDurationCallback()
12984 [47253011240832] TRACE perfrun.launcher <> - ENTER: void runtool::Launcher::resetResumeAfterCallback()
12984 [47253011240832] TRACE perfrun.launcher <> - EXIT:  void runtool::Launcher::resetResumeAfterCallback()
12984 [47253011240832] TRACE perfrun.launcher <> - ENTER: void runtool::Launcher::resetHardStopCallbacks()
12984 [47253011240832] INFO perfrun.launcher <> - DeadlineTimer is going to be destroyed
12984 [47253011240832] INFO perfrun.launcher <> - DirectoryMonitor object was destroyed
12984 [47253011240832] TRACE perfrun.launcher <> - EXIT:  void runtool::Launcher::resetHardStopCallbacks()
12984 [47253011240832] WARN perfrun.launcher <> - Stop command is ignored because it is received when collection is already stopped, at file: vcs/perfrun1/launcher/src/command_handler.cpp:209
12984 [47253011240832] TRACE perfrun.launcher <> - ENTER: void runtool::Launcher::shutdownLaunch()
12984 [47253011240832] TRACE perfrun.launcher <> - ENTER: void runtool::Launcher::resetDurationCallback()
12984 [47253011240832] TRACE perfrun.launcher <> - EXIT:  void runtool::Launcher::resetDurationCallback()
12984 [47253011240832] TRACE perfrun.launcher <> - ENTER: void runtool::Launcher::resetResumeAfterCallback()
12984 [47253011240832] TRACE perfrun.launcher <> - EXIT:  void runtool::Launcher::resetResumeAfterCallback()
12984 [47253011240832] TRACE perfrun.launcher <> - ENTER: void runtool::Launcher::resetHardStopCallbacks()
12984 [47253011240832] TRACE perfrun.launcher <> - EXIT:  void runtool::Launcher::resetHardStopCallbacks()
12984 [47253011240832] TRACE perfrun.launcher <> - ENTER: void runtool::RpcServer::stop()
12985 [47253011240832] TRACE perfrun.launcher <> - ENTER: Send RPC request
12985 [47253232289536] TRACE perfrun.launcher <> - ENTER: Receive RPC request
12985 [47253011240832] TRACE perfrun.launcher <> - header and body of the message was send: header = 22 serialization::archive 10 0 0 8 0 0 0 0; body = 22 serialization::archive 10 0 0 8 0 0 0 0
12985 [47253232289536] TRACE perfrun.launcher <> - header of the message was received: size = 8; message =       2a
12985 [47253011240832] TRACE perfrun.launcher <> - EXIT:  Send RPC request
12985 [47253232289536] TRACE perfrun.launcher <> - body of the message was received: size = 42; message = 22 serialization::archive 10 0 0 8 0 0 0 0
12985 [47253232289536] TRACE perfrun.launcher <> - EXIT:  Receive RPC request
12985 [47253232289536] TRACE perfrun.launcher <> - EXIT:  RpcServer: the main loop handles RPC requests  from clients
12985 [47253011240832] TRACE perfrun.launcher <> - EXIT:  void runtool::RpcServer::stop()
12989 [47253011240832] TRACE perfrun.launcher <> - ENTER: void runtool::Launcher::waitForSlaves(const std::basic_string<char, std::char_traits<char>, std::allocator<char>> &)
12989 [47253011240832] TRACE perfrun.sdk <> - ENTER: void runtool::sdk::getFilesFromDirectoryByExt(const std::basic_string<char, std::char_traits<char>, std::allocator<char>> &, const std::basic_string<char, std::char_traits<char>, std::allocator<char>> &, std::list<std::basic_string<char, std::char_traits<char>, std::allocator<char>>, std::allocator<std::basic_string<char, std::char_traits<char>, std::allocator<char>>>> &)
12990 [47253011240832] TRACE perfrun.sdk <> - EXIT:  void runtool::sdk::getFilesFromDirectoryByExt(const std::basic_string<char, std::char_traits<char>, std::allocator<char>> &, const std::basic_string<char, std::char_traits<char>, std::allocator<char>> &, std::list<std::basic_string<char, std::char_traits<char>, std::allocator<char>>, std::allocator<std::basic_string<char, std::char_traits<char>, std::allocator<char>>>> &)
12990 [47253011240832] TRACE perfrun.launcher <> - EXIT:  void runtool::Launcher::waitForSlaves(const std::basic_string<char, std::char_traits<char>, std::allocator<char>> &)
12990 [47253011240832] TRACE perfrun.launcher <> - EXIT:  void runtool::Launcher::shutdownLaunch()
12990 [47253011240832] TRACE perfrun.launcher <> - EXIT:  int runtool::Launcher::doStart()
12990 [47253011240832] TRACE perfrun.launcher <> - IMessenger: send collection state with state = 3
12990 [47253011240832] INFO perfrun.launcher <> - Application exit code: 0
12990 [47253011240832] INFO perfrun.launcher <> - Exit code: 0
12990 [47253011240832] TRACE perfrun.launcher <> - EXIT:  Start the collection
12990 [47253011240832] TRACE perfrun.launcher <> - ENTER: Destroy the launcher...
12990 [47253011240832] TRACE perfrun.launcher <> - EXIT:  Destroy the launcher...
12990 [47253011240832] TRACE perfrun.launcher <> - ENTER: runtool::RpcServer::~RpcServer()
12990 [47253011240832] TRACE perfrun.launcher <> - ENTER: void runtool::RpcServer::stop()
12990 [47253011240832] TRACE perfrun.launcher <> - EXIT:  void runtool::RpcServer::stop()
12990 [47253011240832] TRACE perfrun.launcher <> - EXIT:  runtool::RpcServer::~RpcServer()
12990 [47253011240832] TRACE perfrun.launcher <> - ENTER: runtool::ProcessCreator::~ProcessCreator()
12990 [47253011240832] TRACE perfrun.launcher <> - ENTER: void runtool::ProcessCreator::stop()
12990 [47253011240832] TRACE perfrun.launcher <> - EXIT:  void runtool::ProcessCreator::stop()
12990 [47253011240832] TRACE perfrun.launcher <> - EXIT:  runtool::ProcessCreator::~ProcessCreator()
12990 [47253011240832] TRACE perfrun.launcher <> - PluginManagerProxy::doOperation thread was terminated.
12991 [47253011240832] TRACE perfrun.launcher <> - EXIT:  int main(int, char **)
