15 [46967320237952] TRACE perfrun.launcher <> - ENTER: int main(int, char **)
17 [46967320237952] TRACE perfrun.launcher <> - ENTER: Start the collection
17 [46967320237952] INFO perfrun.launcher <> - argc = 7; cmdline = /mnt/storage/software/languages/intel/intel-parallel_studio_xe_2018_u3/advisor_2018.3.0.558307/bin64/advixe-runss --ui-output-format xml --ui-output-fd 9 --option-file /mnt/storage/home/za18968/advanced-hpc-lbm/e000/hs031/config/runss.options 
17 [46967320237952] TRACE perfrun.launcher <> - ENTER: Initialize the launcher
19 [46967320237952] TRACE perfrun.launcher <> - ENTER: void runtool::CmdLineParser::declareOptions()
24 [46967320237952] TRACE perfrun.launcher <> - EXIT:  void runtool::CmdLineParser::declareOptions()
25 [46967320237952] TRACE perfrun.system <> - ENTER: static runtool::system::IController *runtool::system::IController::create()
25 [46967320237952] TRACE perfrun.system <> - ENTER: runtool::system::Controller::Controller()
25 [46967320237952] TRACE perfrun.system <> - EXIT:  runtool::system::Controller::Controller()
25 [46967320237952] TRACE perfrun.system <> - EXIT:  static runtool::system::IController *runtool::system::IController::create()
25 [46967320237952] INFO perfrun.launcher <> - plugin system has been added successfully
25 [46967320237952] INFO perfrun.launcher <> - plugin  has been added successfully
25 [46967320237952] INFO perfrun.launcher <> - plugin  has been added successfully
25 [46967320237952] INFO perfrun.launcher <> - plugin  has been added successfully
25 [46967320237952] INFO perfrun.launcher <> - plugin  has been added successfully
25 [46967320237952] INFO perfrun.launcher <> - plugin  has been added successfully
25 [46967320237952] INFO perfrun.launcher <> - plugin  has been added successfully
25 [46967320237952] INFO perfrun.launcher <> - plugin mrte has been added successfully
25 [46967320237952] INFO perfrun.launcher <> - plugin  has been added successfully
25 [46967320237952] INFO perfrun.launcher <> - plugin  has been added successfully
27 [46967320237952] INFO perfrun.launcher <> - plugin  has been added successfully
27 [46967320237952] INFO perfrun.launcher <> - plugin  has been added successfully
27 [46967320237952] INFO perfrun.launcher <> - plugin  has been added successfully
27 [46967320237952] TRACE perfrun.tpss <> - ENTER: static runtool::sdk::IController *runtool::tpss::IController::create()
27 [46967320237952] TRACE perfrun.tpss <> - ENTER: create tpss controller
28 [46967320237952] TRACE perfrun.tpss <> - EXIT:  create tpss controller
28 [46967320237952] TRACE perfrun.tpss <> - EXIT:  static runtool::sdk::IController *runtool::tpss::IController::create()
28 [46967320237952] INFO perfrun.launcher <> - plugin tpss has been added successfully
28 [46967320237952] INFO perfrun.launcher <> - plugin  has been added successfully
28 [46967320237952] INFO perfrun.launcher <> - plugin  has been added successfully
28 [46967320237952] INFO perfrun.launcher <> - plugin  has been added successfully
28 [46967320237952] INFO perfrun.launcher <> - plugin  has been added successfully
28 [46967320237952] INFO perfrun.launcher <> - plugin  has been added successfully
28 [46967320237952] INFO perfrun.launcher <> - plugin  has been added successfully
28 [46967320237952] INFO perfrun.launcher <> - the option was added --interval: Specify an interval of data collection (for example, sampling) in milliseconds.
28 [46967320237952] INFO perfrun.launcher <> - the option was added --follow-child: Profile process with or without children.
28 [46967320237952] INFO perfrun.launcher <> - the option was added --gelding: BADMSG: perfrun1.launcher.plugin_manager::gelding
28 [46967320237952] INFO perfrun.launcher <> - the option was added --time-source: Specify time source for measurement. Possible values: sys - wall clock time; tsc - time stamp counter; ext - time from an external source; auto - auto select accurate time source.
28 [46967320237952] INFO perfrun.launcher <> - the option was added --stack: Enable or disable collection of stacks.
29 [46967320237952] INFO perfrun.launcher <> - the option was added --stack-stitching: Enable or disable the stack stitching algorithm for Intel TBB-based applications.
30 [46967320237952] INFO perfrun.launcher <> - the option was added --type: Specify type of data to be collected. For example, --type cpu:counters,waiting:nostack,io.
30 [46967320237952] INFO perfrun.launcher <> - the option was added --mrte-mode: Specify Java/.NET/other managed runtime collection mode. Possible values: native - collect information only for native code; managed - collect information only for managed code; mixed - collect information for both managed and native code; auto - choose the mode based on binary type.
30 [46967320237952] INFO perfrun.launcher <> - the option was added --mrte-mode-list: List supported Java/.NET/other managed runtime collection modes.
30 [46967320237952] INFO perfrun.launcher <> - the option was added --mrte-type: Specify which managed runtimes to collect. Possible values: java - collect information for Java; dotnet - collect information for .NET; python - collect information for CPython. You can specify several values separated by comma.
30 [46967320237952] INFO perfrun.launcher <> - the option was added --mrte-type-list: List supported Java/.NET/other managed runtime types.
30 [46967320237952] INFO perfrun.launcher <> - the option was added --trace-strategy: Specify how to profile a process tree. <string> can be "<process>:trace:notrace" - profile the process but do not profile its children. Shorthand parameters: t - trace, nt - notrace. For example, "vtunedemo.exe:t:t".
30 [46967320237952] INFO perfrun.launcher <> - the option was added --collector: BADMSG: perfrun1.launcher.plugin_manager::collector
30 [46967320237952] INFO perfrun.launcher <> - the option was added --system-wide: Enable system-wide profiling. This mode may require additional permissions.
30 [46967320237952] INFO perfrun.launcher <> - the option was added --kvm-guest: Enable KVM guest OS profiling.
30 [46967320237952] INFO perfrun.launcher <> - the option was added --kvm-guest-kallsyms: Specify a local path to the /proc/kallsyms file copied from the guest OS for proper symbol resolution.
30 [46967320237952] INFO perfrun.launcher <> - the option was added --kvm-guest-modules: Specify a local path to the /proc/modules file copied from the guest OS for proper symbol resolution.
30 [46967320237952] INFO perfrun.launcher <> - the option was added --target-system: BADMSG: perfrun1.launcher.plugin_manager::target-system
30 [46967320237952] INFO perfrun.launcher <> - the option was added --dump-vdso: Dump [vdso] to result directory
30 [46967320237952] INFO perfrun.launcher <> - the option was added --bandwidth-limits: Measure bandwidth limits
30 [46967320237952] INFO perfrun.launcher <> - the option was added --bandwidth-strategy: Bandwidth limits determination specific properties (example: --bandwidth-strategy array-size=0,duration=500).
30 [46967320237952] INFO perfrun.launcher <> - the option was added --bandwidth-config: List of benchmarks to run.
30 [46967320237952] INFO perfrun.launcher <> - the option was added --benchmark-sync: Run synchronized bandwidth measurement.
30 [46967320237952] INFO perfrun.launcher <> - the option was added --system-collector-config: Specify subcollectors. Possible values: all, vdso, container, device-info, none.
30 [46967320237952] INFO perfrun.launcher <> - the option was added --stackwalk: Specify stack unwinding method. Possible values: online - unwind stacks during collection; offline - unwind stacks after collection is finished.
30 [46967320237952] INFO perfrun.launcher <> - the option was added --filter-include: Filter data during collection. Possible values: contended=<on|off> - filter out uncontended events; contended_nostack=<time> - filter out stacks for contended events that take less than <time> microseconds; wait=<time> - ignore transitions and blocks with wait time less than <time> microseconds; wait_nostack=<time> - filter out stacks for waits that take less than <time> microseconds.
30 [46967320237952] INFO perfrun.launcher <> - the option was added --debug-pin: Debug PIN tool and runtime.
30 [46967320237952] INFO perfrun.launcher <> - the option was added --debug-exception: Disallow the application to set own abnormal termination handler.
30 [46967320237952] INFO perfrun.launcher <> - the option was added --trace-type: Specify the trace file granularity. Possible values: per-thread - per-thread trace file generation; per-process - per-process trace file generation.
30 [46967320237952] INFO perfrun.launcher <> - the option was added --instrumentation-type: Specify type of instrumentation.
30 [46967320237952] INFO perfrun.launcher <> - the option was added --altstack: Enable or disable usage of altstacks for profiling signal handlers.
30 [46967320237952] INFO perfrun.launcher <> - the option was added --profiling-signal: Alternate profiling signal.
31 [46967320237952] INFO perfrun.launcher <> - the option was added --memory-strategy: Specify a minimal memory object size to be traced and a hash table size for faster objects search; for example: --memory-strategy obj-size-min=1024,hash-table-size=4096.
31 [46967320237952] TRACE perfrun.launcher <> - Update configuration: tmp directory = /tmp/advixe-tmp-za18968
31 [46967320237952] TRACE perfrun.launcher <> - EXIT:  Initialize the launcher
31 [46967320237952] TRACE perfrun.launcher <> - ENTER: void runtool::CmdLineParser::parseOptionFile(const std::basic_string<char, std::char_traits<char>, std::allocator<char>> &)
33 [46967320237952] TRACE perfrun.launcher <> - EXIT:  void runtool::CmdLineParser::parseOptionFile(const std::basic_string<char, std::char_traits<char>, std::allocator<char>> &)
33 [46967320237952] INFO perfrun.launcher <> - create msngr2::ICliToolContext
33 [46967320237952] TRACE perfrun.launcher <> - ENTER: void runtool::CmdLineParser::validateParseResult() const
33 [46967320237952] TRACE perfrun.launcher <> - EXIT:  void runtool::CmdLineParser::validateParseResult() const
33 [46967320237952] TRACE perfrun.launcher <> - ENTER: void runtool::CmdLineParser::populate(runtool::IConfiguration *) const
33 [46967320237952] TRACE perfrun.launcher <> - Update configuration: action = start
33 [46967320237952] TRACE perfrun.launcher <> - Update configuration: collection type = launcher
33 [46967320237952] TRACE perfrun.launcher <> - Update configuration: quiet mode is enabled
33 [46967320237952] TRACE perfrun.launcher <> - Update configuration: compression level = 2
33 [46967320237952] TRACE perfrun.launcher <> - Update configuration: duration = 0 sec
33 [46967320237952] TRACE perfrun.launcher <> - Update configuration: data limit = 524288000 bytes
33 [46967320237952] TRACE perfrun.launcher <> - Update configuration: disc space limit = 0 bytes
33 [46967320237952] TRACE perfrun.launcher <> - Update configuration: return-app-exitcode = false
33 [46967320237952] TRACE perfrun.launcher <> - Update configuration: result directory = /mnt/storage/home/za18968/advanced-hpc-lbm/e000/hs031
33 [46967320237952] TRACE perfrun.launcher <> - Update configuration: application = ./d2q9-bgk
33 [46967320237952] TRACE perfrun.launcher <> - Update configuration: application argument = input_1024x1024.params
33 [46967320237952] TRACE perfrun.launcher <> - Update configuration: application argument = obstacles_1024x1024.dat
33 [46967320237952] TRACE perfrun.launcher <> - [IN] option = interval; value = 10 !u32_t
33 [46967320237952] TRACE perfrun.launcher <> - [IN] option = follow-child; value = true !bool
33 [46967320237952] TRACE perfrun.launcher <> - [IN] option = gelding; value = false !bool
33 [46967320237952] TRACE perfrun.launcher <> - [IN] option = time-source; value = auto !ustring
33 [46967320237952] TRACE perfrun.launcher <> - [IN] option = stack; value = true !bool
33 [46967320237952] TRACE perfrun.launcher <> - [IN] option = stack-stitching; value = true !bool
33 [46967320237952] TRACE perfrun.launcher <> - [IN] option = type; value = cpu:stack !ustring
33 [46967320237952] TRACE perfrun.launcher <> - [IN] option = mrte-mode; value = auto !ustring
33 [46967320237952] TRACE perfrun.launcher <> - [IN] option = mrte-type; value = java !ustring
33 [46967320237952] TRACE perfrun.launcher <> - [IN] option = mrte-type; value = python !ustring
33 [46967320237952] TRACE perfrun.launcher <> - [IN] option = trace-strategy; value = ld-linux.so.2:notrace:notrace !ustring
33 [46967320237952] TRACE perfrun.launcher <> - [IN] option = trace-strategy; value = ld-linux-x86-64.so.2:notrace:notrace !ustring
33 [46967320237952] TRACE perfrun.launcher <> - [IN] option = collector; value = sep !ustring
33 [46967320237952] TRACE perfrun.launcher <> - [IN] option = system-wide; value = false !bool
33 [46967320237952] TRACE perfrun.launcher <> - [IN] option = kvm-guest; value = false !bool
33 [46967320237952] TRACE perfrun.launcher <> - [IN] option = bandwidth-limits; value = false !bool
33 [46967320237952] TRACE perfrun.launcher <> - [IN] option = benchmark-sync; value = false !bool
33 [46967320237952] TRACE perfrun.launcher <> - [IN] option = system-collector-config; value = all !ustring
33 [46967320237952] TRACE perfrun.launcher <> - [IN] option = stackwalk; value = offline !ustring
33 [46967320237952] TRACE perfrun.launcher <> - [IN] option = trace-type; value = per-thread !ustring
33 [46967320237952] TRACE perfrun.launcher <> - [IN] option = instrumentation-type; value = pin !ustring
33 [46967320237952] TRACE perfrun.launcher <> - [IN] option = altstack; value = true !bool
33 [46967320237952] TRACE perfrun.launcher <> - EXIT:  void runtool::CmdLineParser::populate(runtool::IConfiguration *) const
33 [46967435851520] TRACE perfrun.tpss <> - ENTER: void runtool::tpss::Controller::setMessageChannel(runtool::sdk::IMessageChannel *)
33 [46967435851520] TRACE perfrun.tpss <> - EXIT:  void runtool::tpss::Controller::setMessageChannel(runtool::sdk::IMessageChannel *)
33 [46967320237952] INFO perfrun.launcher <> - create file finder object
33 [46967435851520] TRACE perfrun.tpss <> - ENTER: void runtool::tpss::Controller::setRequestHandler(runtool::sdk::IRequestHandler *)
33 [46967435851520] TRACE perfrun.tpss <> - EXIT:  void runtool::tpss::Controller::setRequestHandler(runtool::sdk::IRequestHandler *)
33 [46967320237952] TRACE perfrun.launcher <> - Handle the user request: action = 0
34 [46967320237952] TRACE perfrun.launcher <> - ENTER: int runtool::Launcher::doStart()
34 [46967320237952] TRACE perfrun.launcher <> - ENTER: void runtool::Launcher::prepareLaunch()
34 [46967320237952] TRACE perfrun.launcher <> - ENTER: void runtool::Launcher::prepareResultDirectory()
34 [46967320237952] INFO perfrun.launcher <> - create a result directory: pattern = /mnt/storage/home/za18968/advanced-hpc-lbm/e000/hs031 pid = 4294967295
39 [46967320237952] TRACE perfrun.sdk <> - ENTER: bool runtool::sdk::DirectoryInfo::isLocal() const
39 [46967320237952] INFO perfrun.sdk <> - checked that the directory /mnt/storage/home/za18968/advanced-hpc-lbm/e000/hs031 is a local directory
39 [46967320237952] INFO perfrun.sdk <> - the directory /mnt/storage/home/za18968/advanced-hpc-lbm/e000/hs031 is located on a share or its FS ID is unknown 1196443219
39 [46967320237952] TRACE perfrun.sdk <> - EXIT:  bool runtool::sdk::DirectoryInfo::isLocal() const
40 [46967320237952] INFO perfrun.launcher <> - Create a local result directory /tmp/advixe-tmp-za18968/advixe-res-2125-11722076864938828 due to the user result path /mnt/storage/home/za18968/advanced-hpc-lbm/e000/hs031 is located on a share
40 [46967320237952] TRACE perfrun.launcher <> - Update configuration: result directory = /tmp/advixe-tmp-za18968/advixe-res-2125-11722076864938828
40 [46967320237952] INFO perfrun.launcher <> - create data directory = /tmp/advixe-tmp-za18968/advixe-res-2125-11722076864938828/data.0
41 [46967320237952] INFO perfrun.launcher <> - create data directory = /mnt/storage/home/za18968/advanced-hpc-lbm/e000/hs031/data.0
42 [46967320237952] TRACE perfrun.launcher <> - Update configuration: data directory = /tmp/advixe-tmp-za18968/advixe-res-2125-11722076864938828/data.0
42 [46967320237952] TRACE perfrun.launcher <> - EXIT:  void runtool::Launcher::prepareResultDirectory()
45 [46967320237952] TRACE perfrun.launcher <> - IMessenger: send collection state with state = 11
46 [46967435851520] TRACE perfrun.launcher <> - Update configuration: follow child = 1
48 [46967435851520] TRACE perfrun.launcher <> - Update configuration: time source = 0
48 [46967435851520] TRACE perfrun.launcher <> - Update configuration: stack = 1
48 [46967435851520] TRACE perfrun.launcher <> - Update configuration: gelding = 0
48 [46967435851520] TRACE perfrun.launcher <> - Update configuration: stack stitching = 1
48 [46967435851520] TRACE perfrun.system <> - ENTER: int runtool::system::Controller::initialize(runtool::sdk::IConfiguration *)
48 [46967435851520] TRACE perfrun.system <> - ENTER: int runtool::system::TraceWriter::initialize(runtool::sdk::IConfiguration *, runtool::system::TraceWriter::Settings *)
48 [46967435851520] TRACE perfrun.sdk <> - 0x7924a02
52 [46967435851520] TRACE perfrun.sdk <> - ENTER: runtool::sdk::TraceFile::TraceFile(tpss_tmu_creator *, unsigned int, const std::basic_string<char, std::char_traits<char>, std::allocator<char>> &, bool)
52 [46967435851520] INFO perfrun.sdk <> - Allocating TMU :/tmp/advixe-tmp-za18968/advixe-res-2125-11722076864938828/data.0/systemcollector-2125-compute085.bc4.acrc.priv.sc
52 [46967435851520] TRACE perfrun.sdk <> - EXIT:  runtool::sdk::TraceFile::TraceFile(tpss_tmu_creator *, unsigned int, const std::basic_string<char, std::char_traits<char>, std::allocator<char>> &, bool)
52 [46967435851520] TRACE perfrun.system <> - EXIT:  int runtool::system::TraceWriter::initialize(runtool::sdk::IConfiguration *, runtool::system::TraceWriter::Settings *)
52 [46967435851520] TRACE perfrun.system <> - EXIT:  int runtool::system::Controller::initialize(runtool::sdk::IConfiguration *)
53 [46967435851520] INFO perfrun.launcher <> - plugin [] was disabled because it doesn't support the given collection type.
53 [46967435851520] INFO perfrun.launcher <> - plugin [] was disabled because it doesn't support the given collection type.
53 [46967435851520] INFO perfrun.launcher <> - plugin [] was disabled because it doesn't support the given collection type.
53 [46967435851520] INFO perfrun.launcher <> - plugin [] was disabled because it doesn't support the given collection type.
53 [46967435851520] INFO perfrun.launcher <> - plugin [] was disabled because it doesn't support the given collection type.
53 [46967435851520] INFO perfrun.launcher <> - plugin [] was disabled because it doesn't support the given collection type.
53 [46967435851520] TRACE perfrun.mrte <> - ENTER: int runtool::mrte::Controller::initialize(runtool::sdk::IConfiguration *)
53 [46967435851520] TRACE perfrun.mrte <> - EXIT:  int runtool::mrte::Controller::initialize(runtool::sdk::IConfiguration *)
53 [46967435851520] INFO perfrun.launcher <> - plugin [mrte] was disabled because it doesn't support the given collection type.
53 [46967435851520] INFO perfrun.launcher <> - plugin [] was disabled because it doesn't support the given collection type.
53 [46967435851520] INFO perfrun.launcher <> - plugin [] was disabled because it doesn't support the given collection type.
53 [46967435851520] INFO perfrun.launcher <> - plugin [] was disabled because it doesn't support the given collection type.
53 [46967435851520] INFO perfrun.launcher <> - plugin [] was disabled because it doesn't support the given collection type.
53 [46967435851520] INFO perfrun.launcher <> - plugin [] was disabled because it doesn't support the given collection type.
53 [46967435851520] TRACE perfrun.tpss <> - ENTER: int runtool::tpss::Controller::initialize(runtool::sdk::IConfiguration *)
53 [46967435851520] INFO perfrun.tpss <> - initialize tpss controller
53 [46967435851520] TRACE perfrun.tpss <> - ENTER: bool runtool::tpss::Controller::configureCollectionMode(const std::basic_string<char, std::char_traits<char>, std::allocator<char>> &)
53 [46967435851520] INFO perfrun.tpss <> - configure collection mode: value = cpu:stack
53 [46967435851520] TRACE perfrun.tpss <> - EXIT:  bool runtool::tpss::Controller::configureCollectionMode(const std::basic_string<char, std::char_traits<char>, std::allocator<char>> &)
53 [46967435851520] TRACE perfrun.tpss <> - ENTER: tpss::trace_file_t runtool::tpss::castTraceFileType(const gen_helpers2::variant_t &)
53 [46967435851520] TRACE perfrun.tpss <> - EXIT:  tpss::trace_file_t runtool::tpss::castTraceFileType(const gen_helpers2::variant_t &)
53 [46967435851520] INFO perfrun.tpss <> - default obj-size-min=1024
53 [46967435851520] INFO perfrun.tpss <> - default hash-table-size=0
53 [46967435851520] TRACE perfrun.tpss <> - EXIT:  int runtool::tpss::Controller::initialize(runtool::sdk::IConfiguration *)
53 [46967435851520] INFO perfrun.launcher <> - plugin [] was disabled because it doesn't support the given collection type.
53 [46967435851520] INFO perfrun.launcher <> - plugin [] was disabled because it doesn't support the given collection type.
53 [46967435851520] INFO perfrun.launcher <> - plugin [] was disabled because it doesn't support the given collection type.
53 [46967435851520] INFO perfrun.launcher <> - plugin [] was disabled because it doesn't support the given collection type.
53 [46967435851520] INFO perfrun.launcher <> - plugin [] was disabled because it doesn't support the given collection type.
53 [46967435851520] INFO perfrun.launcher <> - plugin [] was disabled because it doesn't support the given collection type.
53 [46967320237952] TRACE perfrun.launcher <> - RpcServer was created for IPC filename = /mnt/storage/home/za18968/advanced-hpc-lbm/e000/hs031/runtool.2125.ipc
53 [46967320237952] TRACE perfrun.launcher <> - RpcServer: setup all handlers at once
53 [46967320237952] TRACE perfrun.launcher <> - RpcServer: setup a handler for ICancelRequest
53 [46967320237952] TRACE perfrun.launcher <> - RpcServer: setup a handler for IPauseRequest
53 [46967320237952] TRACE perfrun.launcher <> - RpcServer: setup a handler for IResumeRequest
53 [46967320237952] TRACE perfrun.launcher <> - RpcServer: setup a handler for IStopRequest
53 [46967320237952] TRACE perfrun.launcher <> - RpcServer: setup a handler for IStatusRequest
53 [46967320237952] TRACE perfrun.launcher <> - RpcServer: setup a handler for IDetachRequest
53 [46967320237952] TRACE perfrun.launcher <> - RpcServer: setup a handler for IMarkRequest
53 [46967320237952] INFO perfrun.launcher <> - RpcServer: run RPC server to handle requests
54 [46967320237952] DEBUG perfrun.launcher <> - RpcServer: wrote information about the RPC server into the IPC file
54 [46967320237952] TRACE perfrun.launcher <> - EXIT:  void runtool::Launcher::prepareLaunch()
54 [46967473510144] TRACE perfrun.launcher <> - ENTER: RpcServer: the main loop handles RPC requests  from clients
54 [46967320237952] INFO perfrun.launcher <> - Launcher: command line to start before modification = ./d2q9-bgk input_1024x1024.params obstacles_1024x1024.dat
54 [46967435851520] TRACE perfrun.tpss <> - ENTER: void runtool::tpss::Controller::modifyCommandLine(std::basic_string<char, std::char_traits<char>, std::allocator<char>> &) const
57 [46967435851520] TRACE perfrun.tpss <> - EXIT:  void runtool::tpss::Controller::modifyCommandLine(std::basic_string<char, std::char_traits<char>, std::allocator<char>> &) const
57 [46967320237952] INFO perfrun.launcher <> - Launcher: command line to start after modification = /mnt/storage/software/languages/intel/intel-parallel_studio_xe_2018_u3/advisor_2018.3.0.558307/bin64/pin -error_file /tmp/advixe-tmp-za18968/advixe-res-2125-11722076864938828/data.0/pinerr.tpsslog -detach_reattach -follow_execv -tool_load_option deepbind -t64 /mnt/storage/software/languages/intel/intel-parallel_studio_xe_2018_u3/advisor_2018.3.0.558307/lib64/libtpsstool.so -t /mnt/storage/software/languages/intel/intel-parallel_studio_xe_2018_u3/advisor_2018.3.0.558307/lib32/libtpsstool.so -server_name tpss_ipc.2125 -prd_dir /mnt/storage/software/languages/intel/intel-parallel_studio_xe_2018_u3/advisor_2018.3.0.558307 -- ./d2q9-bgk input_1024x1024.params obstacles_1024x1024.dat
57 [46967320237952] INFO perfrun.launcher <> - ProcessCreator object was created
57 [46967320237952] TRACE perfrun.launcher <> - ENTER: unsigned int runtool::ProcessCreator::start(bool)
58 [46967320237952] TRACE perfrun.launcher <> - EXIT:  unsigned int runtool::ProcessCreator::start(bool)
58 [46967320237952] INFO perfrun.launcher <> - Launcher: the process was started in suspend mode
58 [46967435851520] TRACE perfrun.system <> - ENTER: void runtool::system::Controller::onEvent(runtool::sdk::collection_state_t)
58 [46967435851520] TRACE perfrun.system <> - EXIT:  void runtool::system::Controller::onEvent(runtool::sdk::collection_state_t)
58 [46967435851520] TRACE perfrun.system <> - ENTER: bool runtool::system::Controller::start(unsigned int)
238 [46967435851520] INFO perfrun.system <> - Helper runtool '/mnt/storage/software/languages/intel/intel-parallel_studio_xe_2018_u3/advisor_2018.3.0.558307/bin32/advixe-runss -dump-vdso -r /tmp/advixe-tmp-za18968/advixe-res-2125-11722076864938828 --tmp-dir /tmp/advixe-tmp-za18968' returned 0
297 [46967435851520] INFO perfrun.system <> - Helper runtool '/mnt/storage/software/languages/intel/intel-parallel_studio_xe_2018_u3/advisor_2018.3.0.558307/bin64/advixe-runss -dump-vdso -r /tmp/advixe-tmp-za18968/advixe-res-2125-11722076864938828 --tmp-dir /tmp/advixe-tmp-za18968' returned 0
300 [46967435851520] TRACE perfrun.system <> - ENTER: bool runtool::system::getVideoAdapters(std::vector<runtool::system::gpu_adapter_t, std::allocator<runtool::system::gpu_adapter_t>> &)
366 [46967435851520] TRACE perfrun.system <> - EXIT:  bool runtool::system::getVideoAdapters(std::vector<runtool::system::gpu_adapter_t, std::allocator<runtool::system::gpu_adapter_t>> &)
366 [46967435851520] TRACE perfrun.sdk <> - ENTER: bool runtool::sdk::runSystemCmd(const std::basic_string<char, std::char_traits<char>, std::allocator<char>> &, std::basic_string<char, std::char_traits<char>, std::allocator<char>> *, bool, const std::basic_string<char, std::char_traits<char>, std::allocator<char>> &)
366 [46967435851520] WARN perfrun.sdk <> - Failed to find xl binary on any of the system paths: /bin, /sbin, /usr/bin, /usr/sbin., at file: vcs/perfrun1/sdk/src/utils.cpp:433
366 [46967435851520] TRACE perfrun.sdk <> - EXIT:  bool runtool::sdk::runSystemCmd(const std::basic_string<char, std::char_traits<char>, std::allocator<char>> &, std::basic_string<char, std::char_traits<char>, std::allocator<char>> *, bool, const std::basic_string<char, std::char_traits<char>, std::allocator<char>> &)
367 [46967435851520] TRACE perfrun.system <> - EXIT:  bool runtool::system::Controller::start(unsigned int)
367 [46967435851520] TRACE perfrun.tpss <> - ENTER: bool runtool::tpss::Controller::start(unsigned int)
367 [46967435851520] INFO perfrun.tpss <> - start tpss controller for pid #2130
418 [46967435851520] TRACE perfrun.tpss <> - EXIT:  bool runtool::tpss::Controller::start(unsigned int)
418 [46967435851520] TRACE perfrun.system <> - ENTER: void runtool::system::Controller::onEvent(runtool::sdk::collection_state_t)
418 [46967435851520] TRACE perfrun.system <> - EXIT:  void runtool::system::Controller::onEvent(runtool::sdk::collection_state_t)
418 [46967320237952] INFO perfrun.launcher <> - Launcher: all plugins were started
418 [46967320237952] TRACE perfrun.launcher <> - IMessenger: send collection state with state = 1
418 [46967320237952] TRACE perfrun.launcher <> - ENTER: void runtool::Launcher::setupResumeAfterCallback()
418 [46967320237952] TRACE perfrun.launcher <> - EXIT:  void runtool::Launcher::setupResumeAfterCallback()
418 [46967320237952] TRACE perfrun.launcher <> - ENTER: void runtool::Launcher::setupHardStopCallbacks()
418 [46967320237952] INFO perfrun.launcher <> - DirectoryMonitor object was created
418 [46967320237952] INFO perfrun.launcher <> - DirectoryMonitor: a callback was added
418 [46967320237952] INFO perfrun.launcher <> - DirectoryMonitor was started with pingTime = 1000
418 [46967320237952] INFO perfrun.launcher <> - DeadlineTimer is going to be constructed
418 [46967320237952] INFO perfrun.launcher <> - DeadlineTimer: a callback was added
418 [46967320237952] TRACE perfrun.launcher <> - EXIT:  void runtool::Launcher::setupHardStopCallbacks()
418 [46967320237952] TRACE perfrun.launcher <> - ENTER: void runtool::Launcher::setupDurationCallback(bool)
418 [46967320237952] TRACE perfrun.launcher <> - EXIT:  void runtool::Launcher::setupDurationCallback(bool)
422 [46967320237952] TRACE perfrun.launcher <> - ENTER: void runtool::ProcessCreator::resume()
423 [46967320237952] DEBUG perfrun.launcher <> - ProcessCreator: the process with pid = 2130 is resumed
424 [46967320237952] TRACE perfrun.launcher <> - EXIT:  void runtool::ProcessCreator::resume()
424 [46967320237952] INFO perfrun.launcher <> - Launcher: resume the profiled application and  wait its termination or stop command
424 [46967320237952] TRACE perfrun.launcher <> - ENTER: int runtool::ProcessCreator::wait()
424 [46967320237952] TRACE perfrun.launcher <> - ENTER: int runtool::ProcessCreator::waitPid()
1419 [46967477712640] TRACE perfrun.launcher <> - ENTER: void runtool::DeadlineTimer::notify(const boost::system::error_code &)
1419 [46967477712640] TRACE perfrun.launcher <> - ENTER: void runtool::DirectoryMonitor::notifyAll()
1419 [46967477712640] TRACE perfrun.sdk <> - ENTER: void runtool::sdk::getFilesFromDirectoryByExt(const std::basic_string<char, std::char_traits<char>, std::allocator<char>> &, const std::basic_string<char, std::char_traits<char>, std::allocator<char>> &, std::list<std::basic_string<char, std::char_traits<char>, std::allocator<char>>, std::allocator<std::basic_string<char, std::char_traits<char>, std::allocator<char>>>> &)
1420 [46967477712640] TRACE perfrun.sdk <> - EXIT:  void runtool::sdk::getFilesFromDirectoryByExt(const std::basic_string<char, std::char_traits<char>, std::allocator<char>> &, const std::basic_string<char, std::char_traits<char>, std::allocator<char>> &, std::list<std::basic_string<char, std::char_traits<char>, std::allocator<char>>, std::allocator<std::basic_string<char, std::char_traits<char>, std::allocator<char>>>> &)
1420 [46967477712640] DEBUG perfrun.launcher <> - DirectoryInfo: total size of monitored paths is 0 bytes
1420 [46967477712640] TRACE perfrun.launcher <> - EXIT:  void runtool::DirectoryMonitor::notifyAll()
1420 [46967477712640] TRACE perfrun.launcher <> - EXIT:  void runtool::DeadlineTimer::notify(const boost::system::error_code &)
2421 [46967477712640] TRACE perfrun.launcher <> - ENTER: void runtool::DeadlineTimer::notify(const boost::system::error_code &)
2421 [46967477712640] TRACE perfrun.launcher <> - ENTER: void runtool::DirectoryMonitor::notifyAll()
2421 [46967477712640] TRACE perfrun.sdk <> - ENTER: void runtool::sdk::getFilesFromDirectoryByExt(const std::basic_string<char, std::char_traits<char>, std::allocator<char>> &, const std::basic_string<char, std::char_traits<char>, std::allocator<char>> &, std::list<std::basic_string<char, std::char_traits<char>, std::allocator<char>>, std::allocator<std::basic_string<char, std::char_traits<char>, std::allocator<char>>>> &)
2422 [46967477712640] TRACE perfrun.sdk <> - EXIT:  void runtool::sdk::getFilesFromDirectoryByExt(const std::basic_string<char, std::char_traits<char>, std::allocator<char>> &, const std::basic_string<char, std::char_traits<char>, std::allocator<char>> &, std::list<std::basic_string<char, std::char_traits<char>, std::allocator<char>>, std::allocator<std::basic_string<char, std::char_traits<char>, std::allocator<char>>>> &)
2422 [46967477712640] DEBUG perfrun.launcher <> - DirectoryInfo: total size of monitored paths is 0 bytes
2422 [46967477712640] TRACE perfrun.launcher <> - EXIT:  void runtool::DirectoryMonitor::notifyAll()
2422 [46967477712640] TRACE perfrun.launcher <> - EXIT:  void runtool::DeadlineTimer::notify(const boost::system::error_code &)
3422 [46967477712640] TRACE perfrun.launcher <> - ENTER: void runtool::DeadlineTimer::notify(const boost::system::error_code &)
3422 [46967477712640] TRACE perfrun.launcher <> - ENTER: void runtool::DirectoryMonitor::notifyAll()
3422 [46967477712640] TRACE perfrun.sdk <> - ENTER: void runtool::sdk::getFilesFromDirectoryByExt(const std::basic_string<char, std::char_traits<char>, std::allocator<char>> &, const std::basic_string<char, std::char_traits<char>, std::allocator<char>> &, std::list<std::basic_string<char, std::char_traits<char>, std::allocator<char>>, std::allocator<std::basic_string<char, std::char_traits<char>, std::allocator<char>>>> &)
3423 [46967477712640] TRACE perfrun.sdk <> - EXIT:  void runtool::sdk::getFilesFromDirectoryByExt(const std::basic_string<char, std::char_traits<char>, std::allocator<char>> &, const std::basic_string<char, std::char_traits<char>, std::allocator<char>> &, std::list<std::basic_string<char, std::char_traits<char>, std::allocator<char>>, std::allocator<std::basic_string<char, std::char_traits<char>, std::allocator<char>>>> &)
3423 [46967477712640] DEBUG perfrun.launcher <> - DirectoryInfo: total size of monitored paths is 64716 bytes
3423 [46967477712640] TRACE perfrun.launcher <> - EXIT:  void runtool::DirectoryMonitor::notifyAll()
3423 [46967477712640] TRACE perfrun.launcher <> - EXIT:  void runtool::DeadlineTimer::notify(const boost::system::error_code &)
4423 [46967477712640] TRACE perfrun.launcher <> - ENTER: void runtool::DeadlineTimer::notify(const boost::system::error_code &)
4423 [46967477712640] TRACE perfrun.launcher <> - ENTER: void runtool::DirectoryMonitor::notifyAll()
4423 [46967477712640] TRACE perfrun.sdk <> - ENTER: void runtool::sdk::getFilesFromDirectoryByExt(const std::basic_string<char, std::char_traits<char>, std::allocator<char>> &, const std::basic_string<char, std::char_traits<char>, std::allocator<char>> &, std::list<std::basic_string<char, std::char_traits<char>, std::allocator<char>>, std::allocator<std::basic_string<char, std::char_traits<char>, std::allocator<char>>>> &)
4424 [46967477712640] TRACE perfrun.sdk <> - EXIT:  void runtool::sdk::getFilesFromDirectoryByExt(const std::basic_string<char, std::char_traits<char>, std::allocator<char>> &, const std::basic_string<char, std::char_traits<char>, std::allocator<char>> &, std::list<std::basic_string<char, std::char_traits<char>, std::allocator<char>>, std::allocator<std::basic_string<char, std::char_traits<char>, std::allocator<char>>>> &)
4424 [46967477712640] DEBUG perfrun.launcher <> - DirectoryInfo: total size of monitored paths is 121948 bytes
4424 [46967477712640] TRACE perfrun.launcher <> - EXIT:  void runtool::DirectoryMonitor::notifyAll()
4424 [46967477712640] TRACE perfrun.launcher <> - EXIT:  void runtool::DeadlineTimer::notify(const boost::system::error_code &)
5424 [46967477712640] TRACE perfrun.launcher <> - ENTER: void runtool::DeadlineTimer::notify(const boost::system::error_code &)
5424 [46967477712640] TRACE perfrun.launcher <> - ENTER: void runtool::DirectoryMonitor::notifyAll()
5424 [46967477712640] TRACE perfrun.sdk <> - ENTER: void runtool::sdk::getFilesFromDirectoryByExt(const std::basic_string<char, std::char_traits<char>, std::allocator<char>> &, const std::basic_string<char, std::char_traits<char>, std::allocator<char>> &, std::list<std::basic_string<char, std::char_traits<char>, std::allocator<char>>, std::allocator<std::basic_string<char, std::char_traits<char>, std::allocator<char>>>> &)
5425 [46967477712640] TRACE perfrun.sdk <> - EXIT:  void runtool::sdk::getFilesFromDirectoryByExt(const std::basic_string<char, std::char_traits<char>, std::allocator<char>> &, const std::basic_string<char, std::char_traits<char>, std::allocator<char>> &, std::list<std::basic_string<char, std::char_traits<char>, std::allocator<char>>, std::allocator<std::basic_string<char, std::char_traits<char>, std::allocator<char>>>> &)
5425 [46967477712640] DEBUG perfrun.launcher <> - DirectoryInfo: total size of monitored paths is 179440 bytes
5425 [46967477712640] TRACE perfrun.launcher <> - EXIT:  void runtool::DirectoryMonitor::notifyAll()
5425 [46967477712640] TRACE perfrun.launcher <> - EXIT:  void runtool::DeadlineTimer::notify(const boost::system::error_code &)
6425 [46967477712640] TRACE perfrun.launcher <> - ENTER: void runtool::DeadlineTimer::notify(const boost::system::error_code &)
6425 [46967477712640] TRACE perfrun.launcher <> - ENTER: void runtool::DirectoryMonitor::notifyAll()
6425 [46967477712640] TRACE perfrun.sdk <> - ENTER: void runtool::sdk::getFilesFromDirectoryByExt(const std::basic_string<char, std::char_traits<char>, std::allocator<char>> &, const std::basic_string<char, std::char_traits<char>, std::allocator<char>> &, std::list<std::basic_string<char, std::char_traits<char>, std::allocator<char>>, std::allocator<std::basic_string<char, std::char_traits<char>, std::allocator<char>>>> &)
6426 [46967477712640] TRACE perfrun.sdk <> - EXIT:  void runtool::sdk::getFilesFromDirectoryByExt(const std::basic_string<char, std::char_traits<char>, std::allocator<char>> &, const std::basic_string<char, std::char_traits<char>, std::allocator<char>> &, std::list<std::basic_string<char, std::char_traits<char>, std::allocator<char>>, std::allocator<std::basic_string<char, std::char_traits<char>, std::allocator<char>>>> &)
6426 [46967477712640] DEBUG perfrun.launcher <> - DirectoryInfo: total size of monitored paths is 179440 bytes
6426 [46967477712640] TRACE perfrun.launcher <> - EXIT:  void runtool::DirectoryMonitor::notifyAll()
6426 [46967477712640] TRACE perfrun.launcher <> - EXIT:  void runtool::DeadlineTimer::notify(const boost::system::error_code &)
7426 [46967477712640] TRACE perfrun.launcher <> - ENTER: void runtool::DeadlineTimer::notify(const boost::system::error_code &)
7426 [46967477712640] TRACE perfrun.launcher <> - ENTER: void runtool::DirectoryMonitor::notifyAll()
7426 [46967477712640] TRACE perfrun.sdk <> - ENTER: void runtool::sdk::getFilesFromDirectoryByExt(const std::basic_string<char, std::char_traits<char>, std::allocator<char>> &, const std::basic_string<char, std::char_traits<char>, std::allocator<char>> &, std::list<std::basic_string<char, std::char_traits<char>, std::allocator<char>>, std::allocator<std::basic_string<char, std::char_traits<char>, std::allocator<char>>>> &)
7427 [46967477712640] TRACE perfrun.sdk <> - EXIT:  void runtool::sdk::getFilesFromDirectoryByExt(const std::basic_string<char, std::char_traits<char>, std::allocator<char>> &, const std::basic_string<char, std::char_traits<char>, std::allocator<char>> &, std::list<std::basic_string<char, std::char_traits<char>, std::allocator<char>>, std::allocator<std::basic_string<char, std::char_traits<char>, std::allocator<char>>>> &)
7427 [46967477712640] DEBUG perfrun.launcher <> - DirectoryInfo: total size of monitored paths is 236380 bytes
7427 [46967477712640] TRACE perfrun.launcher <> - EXIT:  void runtool::DirectoryMonitor::notifyAll()
7427 [46967477712640] TRACE perfrun.launcher <> - EXIT:  void runtool::DeadlineTimer::notify(const boost::system::error_code &)
8428 [46967477712640] TRACE perfrun.launcher <> - ENTER: void runtool::DeadlineTimer::notify(const boost::system::error_code &)
8428 [46967477712640] TRACE perfrun.launcher <> - ENTER: void runtool::DirectoryMonitor::notifyAll()
8428 [46967477712640] TRACE perfrun.sdk <> - ENTER: void runtool::sdk::getFilesFromDirectoryByExt(const std::basic_string<char, std::char_traits<char>, std::allocator<char>> &, const std::basic_string<char, std::char_traits<char>, std::allocator<char>> &, std::list<std::basic_string<char, std::char_traits<char>, std::allocator<char>>, std::allocator<std::basic_string<char, std::char_traits<char>, std::allocator<char>>>> &)
8429 [46967477712640] TRACE perfrun.sdk <> - EXIT:  void runtool::sdk::getFilesFromDirectoryByExt(const std::basic_string<char, std::char_traits<char>, std::allocator<char>> &, const std::basic_string<char, std::char_traits<char>, std::allocator<char>> &, std::list<std::basic_string<char, std::char_traits<char>, std::allocator<char>>, std::allocator<std::basic_string<char, std::char_traits<char>, std::allocator<char>>>> &)
8429 [46967477712640] DEBUG perfrun.launcher <> - DirectoryInfo: total size of monitored paths is 292141 bytes
8429 [46967477712640] TRACE perfrun.launcher <> - EXIT:  void runtool::DirectoryMonitor::notifyAll()
8429 [46967477712640] TRACE perfrun.launcher <> - EXIT:  void runtool::DeadlineTimer::notify(const boost::system::error_code &)
9430 [46967477712640] TRACE perfrun.launcher <> - ENTER: void runtool::DeadlineTimer::notify(const boost::system::error_code &)
9430 [46967477712640] TRACE perfrun.launcher <> - ENTER: void runtool::DirectoryMonitor::notifyAll()
9430 [46967477712640] TRACE perfrun.sdk <> - ENTER: void runtool::sdk::getFilesFromDirectoryByExt(const std::basic_string<char, std::char_traits<char>, std::allocator<char>> &, const std::basic_string<char, std::char_traits<char>, std::allocator<char>> &, std::list<std::basic_string<char, std::char_traits<char>, std::allocator<char>>, std::allocator<std::basic_string<char, std::char_traits<char>, std::allocator<char>>>> &)
9431 [46967477712640] TRACE perfrun.sdk <> - EXIT:  void runtool::sdk::getFilesFromDirectoryByExt(const std::basic_string<char, std::char_traits<char>, std::allocator<char>> &, const std::basic_string<char, std::char_traits<char>, std::allocator<char>> &, std::list<std::basic_string<char, std::char_traits<char>, std::allocator<char>>, std::allocator<std::basic_string<char, std::char_traits<char>, std::allocator<char>>>> &)
9431 [46967477712640] DEBUG perfrun.launcher <> - DirectoryInfo: total size of monitored paths is 349404 bytes
9431 [46967477712640] TRACE perfrun.launcher <> - EXIT:  void runtool::DirectoryMonitor::notifyAll()
9431 [46967477712640] TRACE perfrun.launcher <> - EXIT:  void runtool::DeadlineTimer::notify(const boost::system::error_code &)
10432 [46967477712640] TRACE perfrun.launcher <> - ENTER: void runtool::DeadlineTimer::notify(const boost::system::error_code &)
10432 [46967477712640] TRACE perfrun.launcher <> - ENTER: void runtool::DirectoryMonitor::notifyAll()
10432 [46967477712640] TRACE perfrun.sdk <> - ENTER: void runtool::sdk::getFilesFromDirectoryByExt(const std::basic_string<char, std::char_traits<char>, std::allocator<char>> &, const std::basic_string<char, std::char_traits<char>, std::allocator<char>> &, std::list<std::basic_string<char, std::char_traits<char>, std::allocator<char>>, std::allocator<std::basic_string<char, std::char_traits<char>, std::allocator<char>>>> &)
10433 [46967477712640] TRACE perfrun.sdk <> - EXIT:  void runtool::sdk::getFilesFromDirectoryByExt(const std::basic_string<char, std::char_traits<char>, std::allocator<char>> &, const std::basic_string<char, std::char_traits<char>, std::allocator<char>> &, std::list<std::basic_string<char, std::char_traits<char>, std::allocator<char>>, std::allocator<std::basic_string<char, std::char_traits<char>, std::allocator<char>>>> &)
10433 [46967477712640] DEBUG perfrun.launcher <> - DirectoryInfo: total size of monitored paths is 406070 bytes
10433 [46967477712640] TRACE perfrun.launcher <> - EXIT:  void runtool::DirectoryMonitor::notifyAll()
10433 [46967477712640] TRACE perfrun.launcher <> - EXIT:  void runtool::DeadlineTimer::notify(const boost::system::error_code &)
11434 [46967477712640] TRACE perfrun.launcher <> - ENTER: void runtool::DeadlineTimer::notify(const boost::system::error_code &)
11434 [46967477712640] TRACE perfrun.launcher <> - ENTER: void runtool::DirectoryMonitor::notifyAll()
11434 [46967477712640] TRACE perfrun.sdk <> - ENTER: void runtool::sdk::getFilesFromDirectoryByExt(const std::basic_string<char, std::char_traits<char>, std::allocator<char>> &, const std::basic_string<char, std::char_traits<char>, std::allocator<char>> &, std::list<std::basic_string<char, std::char_traits<char>, std::allocator<char>>, std::allocator<std::basic_string<char, std::char_traits<char>, std::allocator<char>>>> &)
11435 [46967477712640] TRACE perfrun.sdk <> - EXIT:  void runtool::sdk::getFilesFromDirectoryByExt(const std::basic_string<char, std::char_traits<char>, std::allocator<char>> &, const std::basic_string<char, std::char_traits<char>, std::allocator<char>> &, std::list<std::basic_string<char, std::char_traits<char>, std::allocator<char>>, std::allocator<std::basic_string<char, std::char_traits<char>, std::allocator<char>>>> &)
11435 [46967477712640] DEBUG perfrun.launcher <> - DirectoryInfo: total size of monitored paths is 462658 bytes
11435 [46967477712640] TRACE perfrun.launcher <> - EXIT:  void runtool::DirectoryMonitor::notifyAll()
11435 [46967477712640] TRACE perfrun.launcher <> - EXIT:  void runtool::DeadlineTimer::notify(const boost::system::error_code &)
12435 [46967477712640] TRACE perfrun.launcher <> - ENTER: void runtool::DeadlineTimer::notify(const boost::system::error_code &)
12435 [46967477712640] TRACE perfrun.launcher <> - ENTER: void runtool::DirectoryMonitor::notifyAll()
12435 [46967477712640] TRACE perfrun.sdk <> - ENTER: void runtool::sdk::getFilesFromDirectoryByExt(const std::basic_string<char, std::char_traits<char>, std::allocator<char>> &, const std::basic_string<char, std::char_traits<char>, std::allocator<char>> &, std::list<std::basic_string<char, std::char_traits<char>, std::allocator<char>>, std::allocator<std::basic_string<char, std::char_traits<char>, std::allocator<char>>>> &)
12436 [46967477712640] TRACE perfrun.sdk <> - EXIT:  void runtool::sdk::getFilesFromDirectoryByExt(const std::basic_string<char, std::char_traits<char>, std::allocator<char>> &, const std::basic_string<char, std::char_traits<char>, std::allocator<char>> &, std::list<std::basic_string<char, std::char_traits<char>, std::allocator<char>>, std::allocator<std::basic_string<char, std::char_traits<char>, std::allocator<char>>>> &)
12436 [46967477712640] DEBUG perfrun.launcher <> - DirectoryInfo: total size of monitored paths is 519117 bytes
12436 [46967477712640] TRACE perfrun.launcher <> - EXIT:  void runtool::DirectoryMonitor::notifyAll()
12436 [46967477712640] TRACE perfrun.launcher <> - EXIT:  void runtool::DeadlineTimer::notify(const boost::system::error_code &)
13436 [46967477712640] TRACE perfrun.launcher <> - ENTER: void runtool::DeadlineTimer::notify(const boost::system::error_code &)
13436 [46967477712640] TRACE perfrun.launcher <> - ENTER: void runtool::DirectoryMonitor::notifyAll()
13436 [46967477712640] TRACE perfrun.sdk <> - ENTER: void runtool::sdk::getFilesFromDirectoryByExt(const std::basic_string<char, std::char_traits<char>, std::allocator<char>> &, const std::basic_string<char, std::char_traits<char>, std::allocator<char>> &, std::list<std::basic_string<char, std::char_traits<char>, std::allocator<char>>, std::allocator<std::basic_string<char, std::char_traits<char>, std::allocator<char>>>> &)
13437 [46967477712640] TRACE perfrun.sdk <> - EXIT:  void runtool::sdk::getFilesFromDirectoryByExt(const std::basic_string<char, std::char_traits<char>, std::allocator<char>> &, const std::basic_string<char, std::char_traits<char>, std::allocator<char>> &, std::list<std::basic_string<char, std::char_traits<char>, std::allocator<char>>, std::allocator<std::basic_string<char, std::char_traits<char>, std::allocator<char>>>> &)
13437 [46967477712640] DEBUG perfrun.launcher <> - DirectoryInfo: total size of monitored paths is 577079 bytes
13437 [46967477712640] TRACE perfrun.launcher <> - EXIT:  void runtool::DirectoryMonitor::notifyAll()
13437 [46967477712640] TRACE perfrun.launcher <> - EXIT:  void runtool::DeadlineTimer::notify(const boost::system::error_code &)
14437 [46967477712640] TRACE perfrun.launcher <> - ENTER: void runtool::DeadlineTimer::notify(const boost::system::error_code &)
14437 [46967477712640] TRACE perfrun.launcher <> - ENTER: void runtool::DirectoryMonitor::notifyAll()
14437 [46967477712640] TRACE perfrun.sdk <> - ENTER: void runtool::sdk::getFilesFromDirectoryByExt(const std::basic_string<char, std::char_traits<char>, std::allocator<char>> &, const std::basic_string<char, std::char_traits<char>, std::allocator<char>> &, std::list<std::basic_string<char, std::char_traits<char>, std::allocator<char>>, std::allocator<std::basic_string<char, std::char_traits<char>, std::allocator<char>>>> &)
14438 [46967477712640] TRACE perfrun.sdk <> - EXIT:  void runtool::sdk::getFilesFromDirectoryByExt(const std::basic_string<char, std::char_traits<char>, std::allocator<char>> &, const std::basic_string<char, std::char_traits<char>, std::allocator<char>> &, std::list<std::basic_string<char, std::char_traits<char>, std::allocator<char>>, std::allocator<std::basic_string<char, std::char_traits<char>, std::allocator<char>>>> &)
14438 [46967477712640] DEBUG perfrun.launcher <> - DirectoryInfo: total size of monitored paths is 577079 bytes
14438 [46967477712640] TRACE perfrun.launcher <> - EXIT:  void runtool::DirectoryMonitor::notifyAll()
14438 [46967477712640] TRACE perfrun.launcher <> - EXIT:  void runtool::DeadlineTimer::notify(const boost::system::error_code &)
15438 [46967477712640] TRACE perfrun.launcher <> - ENTER: void runtool::DeadlineTimer::notify(const boost::system::error_code &)
15438 [46967477712640] TRACE perfrun.launcher <> - ENTER: void runtool::DirectoryMonitor::notifyAll()
15438 [46967477712640] TRACE perfrun.sdk <> - ENTER: void runtool::sdk::getFilesFromDirectoryByExt(const std::basic_string<char, std::char_traits<char>, std::allocator<char>> &, const std::basic_string<char, std::char_traits<char>, std::allocator<char>> &, std::list<std::basic_string<char, std::char_traits<char>, std::allocator<char>>, std::allocator<std::basic_string<char, std::char_traits<char>, std::allocator<char>>>> &)
15439 [46967477712640] TRACE perfrun.sdk <> - EXIT:  void runtool::sdk::getFilesFromDirectoryByExt(const std::basic_string<char, std::char_traits<char>, std::allocator<char>> &, const std::basic_string<char, std::char_traits<char>, std::allocator<char>> &, std::list<std::basic_string<char, std::char_traits<char>, std::allocator<char>>, std::allocator<std::basic_string<char, std::char_traits<char>, std::allocator<char>>>> &)
15439 [46967477712640] DEBUG perfrun.launcher <> - DirectoryInfo: total size of monitored paths is 634375 bytes
15439 [46967477712640] TRACE perfrun.launcher <> - EXIT:  void runtool::DirectoryMonitor::notifyAll()
15439 [46967477712640] TRACE perfrun.launcher <> - EXIT:  void runtool::DeadlineTimer::notify(const boost::system::error_code &)
16439 [46967477712640] TRACE perfrun.launcher <> - ENTER: void runtool::DeadlineTimer::notify(const boost::system::error_code &)
16439 [46967477712640] TRACE perfrun.launcher <> - ENTER: void runtool::DirectoryMonitor::notifyAll()
16439 [46967477712640] TRACE perfrun.sdk <> - ENTER: void runtool::sdk::getFilesFromDirectoryByExt(const std::basic_string<char, std::char_traits<char>, std::allocator<char>> &, const std::basic_string<char, std::char_traits<char>, std::allocator<char>> &, std::list<std::basic_string<char, std::char_traits<char>, std::allocator<char>>, std::allocator<std::basic_string<char, std::char_traits<char>, std::allocator<char>>>> &)
16440 [46967477712640] TRACE perfrun.sdk <> - EXIT:  void runtool::sdk::getFilesFromDirectoryByExt(const std::basic_string<char, std::char_traits<char>, std::allocator<char>> &, const std::basic_string<char, std::char_traits<char>, std::allocator<char>> &, std::list<std::basic_string<char, std::char_traits<char>, std::allocator<char>>, std::allocator<std::basic_string<char, std::char_traits<char>, std::allocator<char>>>> &)
16440 [46967477712640] DEBUG perfrun.launcher <> - DirectoryInfo: total size of monitored paths is 691032 bytes
16440 [46967477712640] TRACE perfrun.launcher <> - EXIT:  void runtool::DirectoryMonitor::notifyAll()
16440 [46967477712640] TRACE perfrun.launcher <> - EXIT:  void runtool::DeadlineTimer::notify(const boost::system::error_code &)
17441 [46967477712640] TRACE perfrun.launcher <> - ENTER: void runtool::DeadlineTimer::notify(const boost::system::error_code &)
17441 [46967477712640] TRACE perfrun.launcher <> - ENTER: void runtool::DirectoryMonitor::notifyAll()
17441 [46967477712640] TRACE perfrun.sdk <> - ENTER: void runtool::sdk::getFilesFromDirectoryByExt(const std::basic_string<char, std::char_traits<char>, std::allocator<char>> &, const std::basic_string<char, std::char_traits<char>, std::allocator<char>> &, std::list<std::basic_string<char, std::char_traits<char>, std::allocator<char>>, std::allocator<std::basic_string<char, std::char_traits<char>, std::allocator<char>>>> &)
17442 [46967477712640] TRACE perfrun.sdk <> - EXIT:  void runtool::sdk::getFilesFromDirectoryByExt(const std::basic_string<char, std::char_traits<char>, std::allocator<char>> &, const std::basic_string<char, std::char_traits<char>, std::allocator<char>> &, std::list<std::basic_string<char, std::char_traits<char>, std::allocator<char>>, std::allocator<std::basic_string<char, std::char_traits<char>, std::allocator<char>>>> &)
17442 [46967477712640] DEBUG perfrun.launcher <> - DirectoryInfo: total size of monitored paths is 747666 bytes
17442 [46967477712640] TRACE perfrun.launcher <> - EXIT:  void runtool::DirectoryMonitor::notifyAll()
17442 [46967477712640] TRACE perfrun.launcher <> - EXIT:  void runtool::DeadlineTimer::notify(const boost::system::error_code &)
18442 [46967477712640] TRACE perfrun.launcher <> - ENTER: void runtool::DeadlineTimer::notify(const boost::system::error_code &)
18442 [46967477712640] TRACE perfrun.launcher <> - ENTER: void runtool::DirectoryMonitor::notifyAll()
18442 [46967477712640] TRACE perfrun.sdk <> - ENTER: void runtool::sdk::getFilesFromDirectoryByExt(const std::basic_string<char, std::char_traits<char>, std::allocator<char>> &, const std::basic_string<char, std::char_traits<char>, std::allocator<char>> &, std::list<std::basic_string<char, std::char_traits<char>, std::allocator<char>>, std::allocator<std::basic_string<char, std::char_traits<char>, std::allocator<char>>>> &)
18443 [46967477712640] TRACE perfrun.sdk <> - EXIT:  void runtool::sdk::getFilesFromDirectoryByExt(const std::basic_string<char, std::char_traits<char>, std::allocator<char>> &, const std::basic_string<char, std::char_traits<char>, std::allocator<char>> &, std::list<std::basic_string<char, std::char_traits<char>, std::allocator<char>>, std::allocator<std::basic_string<char, std::char_traits<char>, std::allocator<char>>>> &)
18443 [46967477712640] DEBUG perfrun.launcher <> - DirectoryInfo: total size of monitored paths is 805581 bytes
18443 [46967477712640] TRACE perfrun.launcher <> - EXIT:  void runtool::DirectoryMonitor::notifyAll()
18443 [46967477712640] TRACE perfrun.launcher <> - EXIT:  void runtool::DeadlineTimer::notify(const boost::system::error_code &)
19443 [46967477712640] TRACE perfrun.launcher <> - ENTER: void runtool::DeadlineTimer::notify(const boost::system::error_code &)
19443 [46967477712640] TRACE perfrun.launcher <> - ENTER: void runtool::DirectoryMonitor::notifyAll()
19443 [46967477712640] TRACE perfrun.sdk <> - ENTER: void runtool::sdk::getFilesFromDirectoryByExt(const std::basic_string<char, std::char_traits<char>, std::allocator<char>> &, const std::basic_string<char, std::char_traits<char>, std::allocator<char>> &, std::list<std::basic_string<char, std::char_traits<char>, std::allocator<char>>, std::allocator<std::basic_string<char, std::char_traits<char>, std::allocator<char>>>> &)
19444 [46967477712640] TRACE perfrun.sdk <> - EXIT:  void runtool::sdk::getFilesFromDirectoryByExt(const std::basic_string<char, std::char_traits<char>, std::allocator<char>> &, const std::basic_string<char, std::char_traits<char>, std::allocator<char>> &, std::list<std::basic_string<char, std::char_traits<char>, std::allocator<char>>, std::allocator<std::basic_string<char, std::char_traits<char>, std::allocator<char>>>> &)
19444 [46967477712640] DEBUG perfrun.launcher <> - DirectoryInfo: total size of monitored paths is 862696 bytes
19444 [46967477712640] TRACE perfrun.launcher <> - EXIT:  void runtool::DirectoryMonitor::notifyAll()
19444 [46967477712640] TRACE perfrun.launcher <> - EXIT:  void runtool::DeadlineTimer::notify(const boost::system::error_code &)
20445 [46967477712640] TRACE perfrun.launcher <> - ENTER: void runtool::DeadlineTimer::notify(const boost::system::error_code &)
20445 [46967477712640] TRACE perfrun.launcher <> - ENTER: void runtool::DirectoryMonitor::notifyAll()
20445 [46967477712640] TRACE perfrun.sdk <> - ENTER: void runtool::sdk::getFilesFromDirectoryByExt(const std::basic_string<char, std::char_traits<char>, std::allocator<char>> &, const std::basic_string<char, std::char_traits<char>, std::allocator<char>> &, std::list<std::basic_string<char, std::char_traits<char>, std::allocator<char>>, std::allocator<std::basic_string<char, std::char_traits<char>, std::allocator<char>>>> &)
20446 [46967477712640] TRACE perfrun.sdk <> - EXIT:  void runtool::sdk::getFilesFromDirectoryByExt(const std::basic_string<char, std::char_traits<char>, std::allocator<char>> &, const std::basic_string<char, std::char_traits<char>, std::allocator<char>> &, std::list<std::basic_string<char, std::char_traits<char>, std::allocator<char>>, std::allocator<std::basic_string<char, std::char_traits<char>, std::allocator<char>>>> &)
20446 [46967477712640] DEBUG perfrun.launcher <> - DirectoryInfo: total size of monitored paths is 918702 bytes
20446 [46967477712640] TRACE perfrun.launcher <> - EXIT:  void runtool::DirectoryMonitor::notifyAll()
20446 [46967477712640] TRACE perfrun.launcher <> - EXIT:  void runtool::DeadlineTimer::notify(const boost::system::error_code &)
21446 [46967477712640] TRACE perfrun.launcher <> - ENTER: void runtool::DeadlineTimer::notify(const boost::system::error_code &)
21446 [46967477712640] TRACE perfrun.launcher <> - ENTER: void runtool::DirectoryMonitor::notifyAll()
21446 [46967477712640] TRACE perfrun.sdk <> - ENTER: void runtool::sdk::getFilesFromDirectoryByExt(const std::basic_string<char, std::char_traits<char>, std::allocator<char>> &, const std::basic_string<char, std::char_traits<char>, std::allocator<char>> &, std::list<std::basic_string<char, std::char_traits<char>, std::allocator<char>>, std::allocator<std::basic_string<char, std::char_traits<char>, std::allocator<char>>>> &)
21447 [46967477712640] TRACE perfrun.sdk <> - EXIT:  void runtool::sdk::getFilesFromDirectoryByExt(const std::basic_string<char, std::char_traits<char>, std::allocator<char>> &, const std::basic_string<char, std::char_traits<char>, std::allocator<char>> &, std::list<std::basic_string<char, std::char_traits<char>, std::allocator<char>>, std::allocator<std::basic_string<char, std::char_traits<char>, std::allocator<char>>>> &)
21447 [46967477712640] DEBUG perfrun.launcher <> - DirectoryInfo: total size of monitored paths is 918702 bytes
21447 [46967477712640] TRACE perfrun.launcher <> - EXIT:  void runtool::DirectoryMonitor::notifyAll()
21447 [46967477712640] TRACE perfrun.launcher <> - EXIT:  void runtool::DeadlineTimer::notify(const boost::system::error_code &)
22448 [46967477712640] TRACE perfrun.launcher <> - ENTER: void runtool::DeadlineTimer::notify(const boost::system::error_code &)
22448 [46967477712640] TRACE perfrun.launcher <> - ENTER: void runtool::DirectoryMonitor::notifyAll()
22448 [46967477712640] TRACE perfrun.sdk <> - ENTER: void runtool::sdk::getFilesFromDirectoryByExt(const std::basic_string<char, std::char_traits<char>, std::allocator<char>> &, const std::basic_string<char, std::char_traits<char>, std::allocator<char>> &, std::list<std::basic_string<char, std::char_traits<char>, std::allocator<char>>, std::allocator<std::basic_string<char, std::char_traits<char>, std::allocator<char>>>> &)
22449 [46967477712640] TRACE perfrun.sdk <> - EXIT:  void runtool::sdk::getFilesFromDirectoryByExt(const std::basic_string<char, std::char_traits<char>, std::allocator<char>> &, const std::basic_string<char, std::char_traits<char>, std::allocator<char>> &, std::list<std::basic_string<char, std::char_traits<char>, std::allocator<char>>, std::allocator<std::basic_string<char, std::char_traits<char>, std::allocator<char>>>> &)
22449 [46967477712640] DEBUG perfrun.launcher <> - DirectoryInfo: total size of monitored paths is 975193 bytes
22449 [46967477712640] TRACE perfrun.launcher <> - EXIT:  void runtool::DirectoryMonitor::notifyAll()
22449 [46967477712640] TRACE perfrun.launcher <> - EXIT:  void runtool::DeadlineTimer::notify(const boost::system::error_code &)
23450 [46967477712640] TRACE perfrun.launcher <> - ENTER: void runtool::DeadlineTimer::notify(const boost::system::error_code &)
23450 [46967477712640] TRACE perfrun.launcher <> - ENTER: void runtool::DirectoryMonitor::notifyAll()
23450 [46967477712640] TRACE perfrun.sdk <> - ENTER: void runtool::sdk::getFilesFromDirectoryByExt(const std::basic_string<char, std::char_traits<char>, std::allocator<char>> &, const std::basic_string<char, std::char_traits<char>, std::allocator<char>> &, std::list<std::basic_string<char, std::char_traits<char>, std::allocator<char>>, std::allocator<std::basic_string<char, std::char_traits<char>, std::allocator<char>>>> &)
23451 [46967477712640] TRACE perfrun.sdk <> - EXIT:  void runtool::sdk::getFilesFromDirectoryByExt(const std::basic_string<char, std::char_traits<char>, std::allocator<char>> &, const std::basic_string<char, std::char_traits<char>, std::allocator<char>> &, std::list<std::basic_string<char, std::char_traits<char>, std::allocator<char>>, std::allocator<std::basic_string<char, std::char_traits<char>, std::allocator<char>>>> &)
23451 [46967477712640] DEBUG perfrun.launcher <> - DirectoryInfo: total size of monitored paths is 1033271 bytes
23451 [46967477712640] TRACE perfrun.launcher <> - EXIT:  void runtool::DirectoryMonitor::notifyAll()
23451 [46967477712640] TRACE perfrun.launcher <> - EXIT:  void runtool::DeadlineTimer::notify(const boost::system::error_code &)
24452 [46967477712640] TRACE perfrun.launcher <> - ENTER: void runtool::DeadlineTimer::notify(const boost::system::error_code &)
24452 [46967477712640] TRACE perfrun.launcher <> - ENTER: void runtool::DirectoryMonitor::notifyAll()
24452 [46967477712640] TRACE perfrun.sdk <> - ENTER: void runtool::sdk::getFilesFromDirectoryByExt(const std::basic_string<char, std::char_traits<char>, std::allocator<char>> &, const std::basic_string<char, std::char_traits<char>, std::allocator<char>> &, std::list<std::basic_string<char, std::char_traits<char>, std::allocator<char>>, std::allocator<std::basic_string<char, std::char_traits<char>, std::allocator<char>>>> &)
24453 [46967477712640] TRACE perfrun.sdk <> - EXIT:  void runtool::sdk::getFilesFromDirectoryByExt(const std::basic_string<char, std::char_traits<char>, std::allocator<char>> &, const std::basic_string<char, std::char_traits<char>, std::allocator<char>> &, std::list<std::basic_string<char, std::char_traits<char>, std::allocator<char>>, std::allocator<std::basic_string<char, std::char_traits<char>, std::allocator<char>>>> &)
24453 [46967477712640] DEBUG perfrun.launcher <> - DirectoryInfo: total size of monitored paths is 1090562 bytes
24453 [46967477712640] TRACE perfrun.launcher <> - EXIT:  void runtool::DirectoryMonitor::notifyAll()
24453 [46967477712640] TRACE perfrun.launcher <> - EXIT:  void runtool::DeadlineTimer::notify(const boost::system::error_code &)
25454 [46967477712640] TRACE perfrun.launcher <> - ENTER: void runtool::DeadlineTimer::notify(const boost::system::error_code &)
25454 [46967477712640] TRACE perfrun.launcher <> - ENTER: void runtool::DirectoryMonitor::notifyAll()
25454 [46967477712640] TRACE perfrun.sdk <> - ENTER: void runtool::sdk::getFilesFromDirectoryByExt(const std::basic_string<char, std::char_traits<char>, std::allocator<char>> &, const std::basic_string<char, std::char_traits<char>, std::allocator<char>> &, std::list<std::basic_string<char, std::char_traits<char>, std::allocator<char>>, std::allocator<std::basic_string<char, std::char_traits<char>, std::allocator<char>>>> &)
25455 [46967477712640] TRACE perfrun.sdk <> - EXIT:  void runtool::sdk::getFilesFromDirectoryByExt(const std::basic_string<char, std::char_traits<char>, std::allocator<char>> &, const std::basic_string<char, std::char_traits<char>, std::allocator<char>> &, std::list<std::basic_string<char, std::char_traits<char>, std::allocator<char>>, std::allocator<std::basic_string<char, std::char_traits<char>, std::allocator<char>>>> &)
25455 [46967477712640] DEBUG perfrun.launcher <> - DirectoryInfo: total size of monitored paths is 1146856 bytes
25455 [46967477712640] TRACE perfrun.launcher <> - EXIT:  void runtool::DirectoryMonitor::notifyAll()
25455 [46967477712640] TRACE perfrun.launcher <> - EXIT:  void runtool::DeadlineTimer::notify(const boost::system::error_code &)
26456 [46967477712640] TRACE perfrun.launcher <> - ENTER: void runtool::DeadlineTimer::notify(const boost::system::error_code &)
26456 [46967477712640] TRACE perfrun.launcher <> - ENTER: void runtool::DirectoryMonitor::notifyAll()
26456 [46967477712640] TRACE perfrun.sdk <> - ENTER: void runtool::sdk::getFilesFromDirectoryByExt(const std::basic_string<char, std::char_traits<char>, std::allocator<char>> &, const std::basic_string<char, std::char_traits<char>, std::allocator<char>> &, std::list<std::basic_string<char, std::char_traits<char>, std::allocator<char>>, std::allocator<std::basic_string<char, std::char_traits<char>, std::allocator<char>>>> &)
26457 [46967477712640] TRACE perfrun.sdk <> - EXIT:  void runtool::sdk::getFilesFromDirectoryByExt(const std::basic_string<char, std::char_traits<char>, std::allocator<char>> &, const std::basic_string<char, std::char_traits<char>, std::allocator<char>> &, std::list<std::basic_string<char, std::char_traits<char>, std::allocator<char>>, std::allocator<std::basic_string<char, std::char_traits<char>, std::allocator<char>>>> &)
26457 [46967477712640] DEBUG perfrun.launcher <> - DirectoryInfo: total size of monitored paths is 1203771 bytes
26457 [46967477712640] TRACE perfrun.launcher <> - EXIT:  void runtool::DirectoryMonitor::notifyAll()
26457 [46967477712640] TRACE perfrun.launcher <> - EXIT:  void runtool::DeadlineTimer::notify(const boost::system::error_code &)
27457 [46967477712640] TRACE perfrun.launcher <> - ENTER: void runtool::DeadlineTimer::notify(const boost::system::error_code &)
27457 [46967477712640] TRACE perfrun.launcher <> - ENTER: void runtool::DirectoryMonitor::notifyAll()
27457 [46967477712640] TRACE perfrun.sdk <> - ENTER: void runtool::sdk::getFilesFromDirectoryByExt(const std::basic_string<char, std::char_traits<char>, std::allocator<char>> &, const std::basic_string<char, std::char_traits<char>, std::allocator<char>> &, std::list<std::basic_string<char, std::char_traits<char>, std::allocator<char>>, std::allocator<std::basic_string<char, std::char_traits<char>, std::allocator<char>>>> &)
27458 [46967477712640] TRACE perfrun.sdk <> - EXIT:  void runtool::sdk::getFilesFromDirectoryByExt(const std::basic_string<char, std::char_traits<char>, std::allocator<char>> &, const std::basic_string<char, std::char_traits<char>, std::allocator<char>> &, std::list<std::basic_string<char, std::char_traits<char>, std::allocator<char>>, std::allocator<std::basic_string<char, std::char_traits<char>, std::allocator<char>>>> &)
27458 [46967477712640] DEBUG perfrun.launcher <> - DirectoryInfo: total size of monitored paths is 1260478 bytes
27458 [46967477712640] TRACE perfrun.launcher <> - EXIT:  void runtool::DirectoryMonitor::notifyAll()
27458 [46967477712640] TRACE perfrun.launcher <> - EXIT:  void runtool::DeadlineTimer::notify(const boost::system::error_code &)
28459 [46967477712640] TRACE perfrun.launcher <> - ENTER: void runtool::DeadlineTimer::notify(const boost::system::error_code &)
28459 [46967477712640] TRACE perfrun.launcher <> - ENTER: void runtool::DirectoryMonitor::notifyAll()
28459 [46967477712640] TRACE perfrun.sdk <> - ENTER: void runtool::sdk::getFilesFromDirectoryByExt(const std::basic_string<char, std::char_traits<char>, std::allocator<char>> &, const std::basic_string<char, std::char_traits<char>, std::allocator<char>> &, std::list<std::basic_string<char, std::char_traits<char>, std::allocator<char>>, std::allocator<std::basic_string<char, std::char_traits<char>, std::allocator<char>>>> &)
28460 [46967477712640] TRACE perfrun.sdk <> - EXIT:  void runtool::sdk::getFilesFromDirectoryByExt(const std::basic_string<char, std::char_traits<char>, std::allocator<char>> &, const std::basic_string<char, std::char_traits<char>, std::allocator<char>> &, std::list<std::basic_string<char, std::char_traits<char>, std::allocator<char>>, std::allocator<std::basic_string<char, std::char_traits<char>, std::allocator<char>>>> &)
28460 [46967477712640] DEBUG perfrun.launcher <> - DirectoryInfo: total size of monitored paths is 1260478 bytes
28460 [46967477712640] TRACE perfrun.launcher <> - EXIT:  void runtool::DirectoryMonitor::notifyAll()
28460 [46967477712640] TRACE perfrun.launcher <> - EXIT:  void runtool::DeadlineTimer::notify(const boost::system::error_code &)
29461 [46967477712640] TRACE perfrun.launcher <> - ENTER: void runtool::DeadlineTimer::notify(const boost::system::error_code &)
29461 [46967477712640] TRACE perfrun.launcher <> - ENTER: void runtool::DirectoryMonitor::notifyAll()
29461 [46967477712640] TRACE perfrun.sdk <> - ENTER: void runtool::sdk::getFilesFromDirectoryByExt(const std::basic_string<char, std::char_traits<char>, std::allocator<char>> &, const std::basic_string<char, std::char_traits<char>, std::allocator<char>> &, std::list<std::basic_string<char, std::char_traits<char>, std::allocator<char>>, std::allocator<std::basic_string<char, std::char_traits<char>, std::allocator<char>>>> &)
29462 [46967477712640] TRACE perfrun.sdk <> - EXIT:  void runtool::sdk::getFilesFromDirectoryByExt(const std::basic_string<char, std::char_traits<char>, std::allocator<char>> &, const std::basic_string<char, std::char_traits<char>, std::allocator<char>> &, std::list<std::basic_string<char, std::char_traits<char>, std::allocator<char>>, std::allocator<std::basic_string<char, std::char_traits<char>, std::allocator<char>>>> &)
29462 [46967477712640] DEBUG perfrun.launcher <> - DirectoryInfo: total size of monitored paths is 1317177 bytes
29462 [46967477712640] TRACE perfrun.launcher <> - EXIT:  void runtool::DirectoryMonitor::notifyAll()
29462 [46967477712640] TRACE perfrun.launcher <> - EXIT:  void runtool::DeadlineTimer::notify(const boost::system::error_code &)
30462 [46967477712640] TRACE perfrun.launcher <> - ENTER: void runtool::DeadlineTimer::notify(const boost::system::error_code &)
30462 [46967477712640] TRACE perfrun.launcher <> - ENTER: void runtool::DirectoryMonitor::notifyAll()
30462 [46967477712640] TRACE perfrun.sdk <> - ENTER: void runtool::sdk::getFilesFromDirectoryByExt(const std::basic_string<char, std::char_traits<char>, std::allocator<char>> &, const std::basic_string<char, std::char_traits<char>, std::allocator<char>> &, std::list<std::basic_string<char, std::char_traits<char>, std::allocator<char>>, std::allocator<std::basic_string<char, std::char_traits<char>, std::allocator<char>>>> &)
30462 [46967477712640] TRACE perfrun.sdk <> - EXIT:  void runtool::sdk::getFilesFromDirectoryByExt(const std::basic_string<char, std::char_traits<char>, std::allocator<char>> &, const std::basic_string<char, std::char_traits<char>, std::allocator<char>> &, std::list<std::basic_string<char, std::char_traits<char>, std::allocator<char>>, std::allocator<std::basic_string<char, std::char_traits<char>, std::allocator<char>>>> &)
30462 [46967477712640] DEBUG perfrun.launcher <> - DirectoryInfo: total size of monitored paths is 1317177 bytes
30462 [46967477712640] TRACE perfrun.launcher <> - EXIT:  void runtool::DirectoryMonitor::notifyAll()
30462 [46967477712640] TRACE perfrun.launcher <> - EXIT:  void runtool::DeadlineTimer::notify(const boost::system::error_code &)
31237 [46967320237952] TRACE perfrun.launcher <> - EXIT:  int runtool::ProcessCreator::waitPid()
31237 [46967320237952] TRACE perfrun.launcher <> - EXIT:  int runtool::ProcessCreator::wait()
31237 [46967320237952] INFO perfrun.launcher <> - Launcher: the profiled application was terminated  with exit code = 0
31237 [46967320237952] TRACE perfrun.launcher <> - ENTER: void runtool::Launcher::waitForSlaves(const std::basic_string<char, std::char_traits<char>, std::allocator<char>> &)
31237 [46967320237952] TRACE perfrun.sdk <> - ENTER: void runtool::sdk::getFilesFromDirectoryByExt(const std::basic_string<char, std::char_traits<char>, std::allocator<char>> &, const std::basic_string<char, std::char_traits<char>, std::allocator<char>> &, std::list<std::basic_string<char, std::char_traits<char>, std::allocator<char>>, std::allocator<std::basic_string<char, std::char_traits<char>, std::allocator<char>>>> &)
31238 [46967320237952] TRACE perfrun.sdk <> - EXIT:  void runtool::sdk::getFilesFromDirectoryByExt(const std::basic_string<char, std::char_traits<char>, std::allocator<char>> &, const std::basic_string<char, std::char_traits<char>, std::allocator<char>> &, std::list<std::basic_string<char, std::char_traits<char>, std::allocator<char>>, std::allocator<std::basic_string<char, std::char_traits<char>, std::allocator<char>>>> &)
31238 [46967320237952] TRACE perfrun.launcher <> - EXIT:  void runtool::Launcher::waitForSlaves(const std::basic_string<char, std::char_traits<char>, std::allocator<char>> &)
31238 [46967435851520] TRACE perfrun.system <> - ENTER: void runtool::system::Controller::onEvent(runtool::sdk::collection_state_t)
31238 [46967435851520] TRACE perfrun.system <> - EXIT:  void runtool::system::Controller::onEvent(runtool::sdk::collection_state_t)
31238 [46967435851520] TRACE perfrun.system <> - ENTER: bool runtool::system::Controller::stop()
31243 [46967435851520] TRACE perfrun.system <> - EXIT:  bool runtool::system::Controller::stop()
31243 [46967435851520] TRACE perfrun.tpss <> - ENTER: bool runtool::tpss::Controller::stop()
31243 [46967435851520] INFO perfrun.tpss <> - stop tpss controller
31244 [46967435851520] TRACE perfrun.tpss <> - EXIT:  bool runtool::tpss::Controller::stop()
31244 [46967435851520] TRACE perfrun.system <> - ENTER: void runtool::system::Controller::onEvent(runtool::sdk::collection_state_t)
31244 [46967435851520] TRACE perfrun.sdk <> - ENTER: void runtool::sdk::TraceFile::close(boost::system::error_code &)
31244 [46967435851520] INFO perfrun.sdk <> - De-allocating TMU: /tmp/advixe-tmp-za18968/advixe-res-2125-11722076864938828/data.0/systemcollector-2125-compute085.bc4.acrc.priv.sc
31244 [46967435851520] TRACE perfrun.sdk <> - EXIT:  void runtool::sdk::TraceFile::close(boost::system::error_code &)
31244 [46967435851520] INFO perfrun.system <> - closed the system trace file: /tmp/advixe-tmp-za18968/advixe-res-2125-11722076864938828/data.0/systemcollector-2125-compute085.bc4.acrc.priv.sc
31244 [46967435851520] TRACE perfrun.system <> - EXIT:  void runtool::system::Controller::onEvent(runtool::sdk::collection_state_t)
31244 [46967320237952] TRACE perfrun.launcher <> - ENTER: void runtool::ProcessSetMonitor<T>::stop() [with T = unsigned int]
31244 [46967320237952] TRACE perfrun.launcher <> - EXIT:  void runtool::ProcessSetMonitor<T>::stop() [with T = unsigned int]
31244 [46967320237952] TRACE perfrun.launcher <> - ENTER: void runtool::ProcessCreator::stop()
31244 [46967320237952] TRACE perfrun.launcher <> - EXIT:  void runtool::ProcessCreator::stop()
31244 [46967320237952] INFO perfrun.launcher <> - Launcher: all plugins were stopped.
31244 [46967320237952] TRACE perfrun.launcher <> - ENTER: void runtool::Launcher::resetDurationCallback()
31244 [46967320237952] TRACE perfrun.launcher <> - EXIT:  void runtool::Launcher::resetDurationCallback()
31244 [46967320237952] TRACE perfrun.launcher <> - ENTER: void runtool::Launcher::resetResumeAfterCallback()
31244 [46967320237952] TRACE perfrun.launcher <> - EXIT:  void runtool::Launcher::resetResumeAfterCallback()
31244 [46967320237952] TRACE perfrun.launcher <> - ENTER: void runtool::Launcher::resetHardStopCallbacks()
31244 [46967320237952] INFO perfrun.launcher <> - DeadlineTimer is going to be destroyed
31244 [46967320237952] INFO perfrun.launcher <> - DirectoryMonitor object was destroyed
31244 [46967320237952] TRACE perfrun.launcher <> - EXIT:  void runtool::Launcher::resetHardStopCallbacks()
31244 [46967320237952] WARN perfrun.launcher <> - Stop command is ignored because it is received when collection is already stopped, at file: vcs/perfrun1/launcher/src/command_handler.cpp:209
31244 [46967320237952] TRACE perfrun.launcher <> - ENTER: void runtool::Launcher::shutdownLaunch()
31244 [46967320237952] TRACE perfrun.launcher <> - ENTER: void runtool::Launcher::resetDurationCallback()
31244 [46967320237952] TRACE perfrun.launcher <> - EXIT:  void runtool::Launcher::resetDurationCallback()
31244 [46967320237952] TRACE perfrun.launcher <> - ENTER: void runtool::Launcher::resetResumeAfterCallback()
31244 [46967320237952] TRACE perfrun.launcher <> - EXIT:  void runtool::Launcher::resetResumeAfterCallback()
31244 [46967320237952] TRACE perfrun.launcher <> - ENTER: void runtool::Launcher::resetHardStopCallbacks()
31244 [46967320237952] TRACE perfrun.launcher <> - EXIT:  void runtool::Launcher::resetHardStopCallbacks()
31244 [46967320237952] TRACE perfrun.launcher <> - ENTER: void runtool::RpcServer::stop()
31245 [46967320237952] TRACE perfrun.launcher <> - ENTER: Send RPC request
31245 [46967473510144] TRACE perfrun.launcher <> - ENTER: Receive RPC request
31245 [46967320237952] TRACE perfrun.launcher <> - header and body of the message was send: header = 22 serialization::archive 10 0 0 8 0 0 0 0; body = 22 serialization::archive 10 0 0 8 0 0 0 0
31245 [46967473510144] TRACE perfrun.launcher <> - header of the message was received: size = 8; message =       2a
31245 [46967320237952] TRACE perfrun.launcher <> - EXIT:  Send RPC request
31245 [46967473510144] TRACE perfrun.launcher <> - body of the message was received: size = 42; message = 22 serialization::archive 10 0 0 8 0 0 0 0
31245 [46967473510144] TRACE perfrun.launcher <> - EXIT:  Receive RPC request
31245 [46967473510144] TRACE perfrun.launcher <> - EXIT:  RpcServer: the main loop handles RPC requests  from clients
31245 [46967320237952] TRACE perfrun.launcher <> - EXIT:  void runtool::RpcServer::stop()
31323 [46967320237952] TRACE perfrun.launcher <> - ENTER: void runtool::Launcher::waitForSlaves(const std::basic_string<char, std::char_traits<char>, std::allocator<char>> &)
31323 [46967320237952] TRACE perfrun.sdk <> - ENTER: void runtool::sdk::getFilesFromDirectoryByExt(const std::basic_string<char, std::char_traits<char>, std::allocator<char>> &, const std::basic_string<char, std::char_traits<char>, std::allocator<char>> &, std::list<std::basic_string<char, std::char_traits<char>, std::allocator<char>>, std::allocator<std::basic_string<char, std::char_traits<char>, std::allocator<char>>>> &)
31324 [46967320237952] TRACE perfrun.sdk <> - EXIT:  void runtool::sdk::getFilesFromDirectoryByExt(const std::basic_string<char, std::char_traits<char>, std::allocator<char>> &, const std::basic_string<char, std::char_traits<char>, std::allocator<char>> &, std::list<std::basic_string<char, std::char_traits<char>, std::allocator<char>>, std::allocator<std::basic_string<char, std::char_traits<char>, std::allocator<char>>>> &)
31324 [46967320237952] TRACE perfrun.launcher <> - EXIT:  void runtool::Launcher::waitForSlaves(const std::basic_string<char, std::char_traits<char>, std::allocator<char>> &)
31324 [46967320237952] TRACE perfrun.launcher <> - EXIT:  void runtool::Launcher::shutdownLaunch()
31324 [46967320237952] TRACE perfrun.launcher <> - EXIT:  int runtool::Launcher::doStart()
31324 [46967320237952] TRACE perfrun.launcher <> - IMessenger: send collection state with state = 3
31324 [46967320237952] INFO perfrun.launcher <> - Application exit code: 0
31324 [46967320237952] INFO perfrun.launcher <> - Exit code: 0
31324 [46967320237952] TRACE perfrun.launcher <> - EXIT:  Start the collection
31324 [46967320237952] TRACE perfrun.launcher <> - ENTER: Destroy the launcher...
31324 [46967320237952] TRACE perfrun.launcher <> - EXIT:  Destroy the launcher...
31324 [46967320237952] TRACE perfrun.launcher <> - ENTER: runtool::RpcServer::~RpcServer()
31324 [46967320237952] TRACE perfrun.launcher <> - ENTER: void runtool::RpcServer::stop()
31324 [46967320237952] TRACE perfrun.launcher <> - EXIT:  void runtool::RpcServer::stop()
31324 [46967320237952] TRACE perfrun.launcher <> - EXIT:  runtool::RpcServer::~RpcServer()
31325 [46967320237952] TRACE perfrun.launcher <> - ENTER: runtool::ProcessCreator::~ProcessCreator()
31325 [46967320237952] TRACE perfrun.launcher <> - ENTER: void runtool::ProcessCreator::stop()
31325 [46967320237952] TRACE perfrun.launcher <> - EXIT:  void runtool::ProcessCreator::stop()
31325 [46967320237952] TRACE perfrun.launcher <> - EXIT:  runtool::ProcessCreator::~ProcessCreator()
31325 [46967320237952] TRACE perfrun.launcher <> - PluginManagerProxy::doOperation thread was terminated.
31327 [46967320237952] TRACE perfrun.launcher <> - EXIT:  int main(int, char **)
