<?xml version="1.0" encoding="utf-8"?>
<log version="1.0" tool="runtool">

<msg id="1" tool="runtool">
  <type>log-start</type>
  <arg>2021/03/03 15:37:58</arg>
</msg>
<msg id="2" tool="runtool">
  <type>log-end</type>
  <arg>2021/03/03 15:37:58</arg>
</msg>

</log>

<?xml version="1.0" encoding="utf-8"?>
<log version="1.0" tool="runtool">

<msg id="1" tool="runtool">
  <type>log-start</type>
  <arg>2021/03/03 15:37:59</arg>
</msg>
<msg id="2" tool="runtool">
  <type>log-end</type>
  <arg>2021/03/03 15:37:59</arg>
</msg>

</log>

