36 [47244812531584] TRACE perfrun.launcher <> - ENTER: int main(int, char **)
38 [47244812531584] TRACE perfrun.launcher <> - ENTER: Start the collection
38 [47244812531584] INFO perfrun.launcher <> - argc = 7; cmdline = /mnt/storage/software/languages/intel/intel-parallel_studio_xe_2018_u3/advisor_2018.3.0.558307/bin64/advixe-runss --ui-output-format xml --ui-output-fd 9 --option-file /mnt/storage/home/za18968/advanced-hpc-lbm/e000/hs020/config/runss.options 
38 [47244812531584] TRACE perfrun.launcher <> - ENTER: Initialize the launcher
40 [47244812531584] TRACE perfrun.launcher <> - ENTER: void runtool::CmdLineParser::declareOptions()
45 [47244812531584] TRACE perfrun.launcher <> - EXIT:  void runtool::CmdLineParser::declareOptions()
45 [47244812531584] TRACE perfrun.system <> - ENTER: static runtool::system::IController *runtool::system::IController::create()
45 [47244812531584] TRACE perfrun.system <> - ENTER: runtool::system::Controller::Controller()
45 [47244812531584] TRACE perfrun.system <> - EXIT:  runtool::system::Controller::Controller()
45 [47244812531584] TRACE perfrun.system <> - EXIT:  static runtool::system::IController *runtool::system::IController::create()
46 [47244812531584] INFO perfrun.launcher <> - plugin system has been added successfully
46 [47244812531584] INFO perfrun.launcher <> - plugin  has been added successfully
46 [47244812531584] INFO perfrun.launcher <> - plugin  has been added successfully
46 [47244812531584] INFO perfrun.launcher <> - plugin  has been added successfully
46 [47244812531584] INFO perfrun.launcher <> - plugin  has been added successfully
46 [47244812531584] INFO perfrun.launcher <> - plugin  has been added successfully
46 [47244812531584] INFO perfrun.launcher <> - plugin  has been added successfully
46 [47244812531584] INFO perfrun.launcher <> - plugin mrte has been added successfully
46 [47244812531584] INFO perfrun.launcher <> - plugin  has been added successfully
46 [47244812531584] INFO perfrun.launcher <> - plugin  has been added successfully
48 [47244812531584] INFO perfrun.launcher <> - plugin  has been added successfully
48 [47244812531584] INFO perfrun.launcher <> - plugin  has been added successfully
48 [47244812531584] INFO perfrun.launcher <> - plugin  has been added successfully
48 [47244812531584] TRACE perfrun.tpss <> - ENTER: static runtool::sdk::IController *runtool::tpss::IController::create()
48 [47244812531584] TRACE perfrun.tpss <> - ENTER: create tpss controller
48 [47244812531584] TRACE perfrun.tpss <> - EXIT:  create tpss controller
48 [47244812531584] TRACE perfrun.tpss <> - EXIT:  static runtool::sdk::IController *runtool::tpss::IController::create()
48 [47244812531584] INFO perfrun.launcher <> - plugin tpss has been added successfully
48 [47244812531584] INFO perfrun.launcher <> - plugin  has been added successfully
48 [47244812531584] INFO perfrun.launcher <> - plugin  has been added successfully
48 [47244812531584] INFO perfrun.launcher <> - plugin  has been added successfully
48 [47244812531584] INFO perfrun.launcher <> - plugin  has been added successfully
48 [47244812531584] INFO perfrun.launcher <> - plugin  has been added successfully
48 [47244812531584] INFO perfrun.launcher <> - plugin  has been added successfully
49 [47244812531584] INFO perfrun.launcher <> - the option was added --interval: Specify an interval of data collection (for example, sampling) in milliseconds.
49 [47244812531584] INFO perfrun.launcher <> - the option was added --follow-child: Profile process with or without children.
49 [47244812531584] INFO perfrun.launcher <> - the option was added --gelding: BADMSG: perfrun1.launcher.plugin_manager::gelding
49 [47244812531584] INFO perfrun.launcher <> - the option was added --time-source: Specify time source for measurement. Possible values: sys - wall clock time; tsc - time stamp counter; ext - time from an external source; auto - auto select accurate time source.
49 [47244812531584] INFO perfrun.launcher <> - the option was added --stack: Enable or disable collection of stacks.
52 [47244812531584] INFO perfrun.launcher <> - the option was added --stack-stitching: Enable or disable the stack stitching algorithm for Intel TBB-based applications.
52 [47244812531584] INFO perfrun.launcher <> - the option was added --type: Specify type of data to be collected. For example, --type cpu:counters,waiting:nostack,io.
52 [47244812531584] INFO perfrun.launcher <> - the option was added --mrte-mode: Specify Java/.NET/other managed runtime collection mode. Possible values: native - collect information only for native code; managed - collect information only for managed code; mixed - collect information for both managed and native code; auto - choose the mode based on binary type.
52 [47244812531584] INFO perfrun.launcher <> - the option was added --mrte-mode-list: List supported Java/.NET/other managed runtime collection modes.
52 [47244812531584] INFO perfrun.launcher <> - the option was added --mrte-type: Specify which managed runtimes to collect. Possible values: java - collect information for Java; dotnet - collect information for .NET; python - collect information for CPython. You can specify several values separated by comma.
52 [47244812531584] INFO perfrun.launcher <> - the option was added --mrte-type-list: List supported Java/.NET/other managed runtime types.
52 [47244812531584] INFO perfrun.launcher <> - the option was added --trace-strategy: Specify how to profile a process tree. <string> can be "<process>:trace:notrace" - profile the process but do not profile its children. Shorthand parameters: t - trace, nt - notrace. For example, "vtunedemo.exe:t:t".
52 [47244812531584] INFO perfrun.launcher <> - the option was added --collector: BADMSG: perfrun1.launcher.plugin_manager::collector
52 [47244812531584] INFO perfrun.launcher <> - the option was added --system-wide: Enable system-wide profiling. This mode may require additional permissions.
52 [47244812531584] INFO perfrun.launcher <> - the option was added --kvm-guest: Enable KVM guest OS profiling.
52 [47244812531584] INFO perfrun.launcher <> - the option was added --kvm-guest-kallsyms: Specify a local path to the /proc/kallsyms file copied from the guest OS for proper symbol resolution.
52 [47244812531584] INFO perfrun.launcher <> - the option was added --kvm-guest-modules: Specify a local path to the /proc/modules file copied from the guest OS for proper symbol resolution.
52 [47244812531584] INFO perfrun.launcher <> - the option was added --target-system: BADMSG: perfrun1.launcher.plugin_manager::target-system
52 [47244812531584] INFO perfrun.launcher <> - the option was added --dump-vdso: Dump [vdso] to result directory
52 [47244812531584] INFO perfrun.launcher <> - the option was added --bandwidth-limits: Measure bandwidth limits
52 [47244812531584] INFO perfrun.launcher <> - the option was added --bandwidth-strategy: Bandwidth limits determination specific properties (example: --bandwidth-strategy array-size=0,duration=500).
52 [47244812531584] INFO perfrun.launcher <> - the option was added --bandwidth-config: List of benchmarks to run.
52 [47244812531584] INFO perfrun.launcher <> - the option was added --benchmark-sync: Run synchronized bandwidth measurement.
52 [47244812531584] INFO perfrun.launcher <> - the option was added --system-collector-config: Specify subcollectors. Possible values: all, vdso, container, device-info, none.
52 [47244812531584] INFO perfrun.launcher <> - the option was added --stackwalk: Specify stack unwinding method. Possible values: online - unwind stacks during collection; offline - unwind stacks after collection is finished.
52 [47244812531584] INFO perfrun.launcher <> - the option was added --filter-include: Filter data during collection. Possible values: contended=<on|off> - filter out uncontended events; contended_nostack=<time> - filter out stacks for contended events that take less than <time> microseconds; wait=<time> - ignore transitions and blocks with wait time less than <time> microseconds; wait_nostack=<time> - filter out stacks for waits that take less than <time> microseconds.
52 [47244812531584] INFO perfrun.launcher <> - the option was added --debug-pin: Debug PIN tool and runtime.
52 [47244812531584] INFO perfrun.launcher <> - the option was added --debug-exception: Disallow the application to set own abnormal termination handler.
53 [47244812531584] INFO perfrun.launcher <> - the option was added --trace-type: Specify the trace file granularity. Possible values: per-thread - per-thread trace file generation; per-process - per-process trace file generation.
53 [47244812531584] INFO perfrun.launcher <> - the option was added --instrumentation-type: Specify type of instrumentation.
53 [47244812531584] INFO perfrun.launcher <> - the option was added --altstack: Enable or disable usage of altstacks for profiling signal handlers.
53 [47244812531584] INFO perfrun.launcher <> - the option was added --profiling-signal: Alternate profiling signal.
53 [47244812531584] INFO perfrun.launcher <> - the option was added --memory-strategy: Specify a minimal memory object size to be traced and a hash table size for faster objects search; for example: --memory-strategy obj-size-min=1024,hash-table-size=4096.
53 [47244812531584] TRACE perfrun.launcher <> - Update configuration: tmp directory = /tmp/advixe-tmp-za18968
53 [47244812531584] TRACE perfrun.launcher <> - EXIT:  Initialize the launcher
53 [47244812531584] TRACE perfrun.launcher <> - ENTER: void runtool::CmdLineParser::parseOptionFile(const std::basic_string<char, std::char_traits<char>, std::allocator<char>> &)
55 [47244812531584] TRACE perfrun.launcher <> - EXIT:  void runtool::CmdLineParser::parseOptionFile(const std::basic_string<char, std::char_traits<char>, std::allocator<char>> &)
55 [47244812531584] INFO perfrun.launcher <> - create msngr2::ICliToolContext
55 [47244812531584] TRACE perfrun.launcher <> - ENTER: void runtool::CmdLineParser::validateParseResult() const
55 [47244812531584] TRACE perfrun.launcher <> - EXIT:  void runtool::CmdLineParser::validateParseResult() const
55 [47244812531584] TRACE perfrun.launcher <> - ENTER: void runtool::CmdLineParser::populate(runtool::IConfiguration *) const
55 [47244812531584] TRACE perfrun.launcher <> - Update configuration: action = start
55 [47244812531584] TRACE perfrun.launcher <> - Update configuration: collection type = launcher
55 [47244812531584] TRACE perfrun.launcher <> - Update configuration: quiet mode is enabled
55 [47244812531584] TRACE perfrun.launcher <> - Update configuration: compression level = 2
55 [47244812531584] TRACE perfrun.launcher <> - Update configuration: duration = 0 sec
55 [47244812531584] TRACE perfrun.launcher <> - Update configuration: data limit = 524288000 bytes
55 [47244812531584] TRACE perfrun.launcher <> - Update configuration: disc space limit = 0 bytes
55 [47244812531584] TRACE perfrun.launcher <> - Update configuration: return-app-exitcode = false
55 [47244812531584] TRACE perfrun.launcher <> - Update configuration: result directory = /mnt/storage/home/za18968/advanced-hpc-lbm/e000/hs020
55 [47244812531584] TRACE perfrun.launcher <> - Update configuration: application = ./d2q9-bgk
55 [47244812531584] TRACE perfrun.launcher <> - Update configuration: application argument = input_128x128.params
55 [47244812531584] TRACE perfrun.launcher <> - Update configuration: application argument = obstacles_128x128.dat
55 [47244812531584] TRACE perfrun.launcher <> - [IN] option = interval; value = 10 !u32_t
55 [47244812531584] TRACE perfrun.launcher <> - [IN] option = follow-child; value = true !bool
55 [47244812531584] TRACE perfrun.launcher <> - [IN] option = gelding; value = false !bool
55 [47244812531584] TRACE perfrun.launcher <> - [IN] option = time-source; value = auto !ustring
55 [47244812531584] TRACE perfrun.launcher <> - [IN] option = stack; value = true !bool
55 [47244812531584] TRACE perfrun.launcher <> - [IN] option = stack-stitching; value = true !bool
55 [47244812531584] TRACE perfrun.launcher <> - [IN] option = type; value = cpu:stack !ustring
55 [47244812531584] TRACE perfrun.launcher <> - [IN] option = mrte-mode; value = auto !ustring
55 [47244812531584] TRACE perfrun.launcher <> - [IN] option = mrte-type; value = java !ustring
55 [47244812531584] TRACE perfrun.launcher <> - [IN] option = mrte-type; value = python !ustring
55 [47244812531584] TRACE perfrun.launcher <> - [IN] option = trace-strategy; value = ld-linux.so.2:notrace:notrace !ustring
55 [47244812531584] TRACE perfrun.launcher <> - [IN] option = trace-strategy; value = ld-linux-x86-64.so.2:notrace:notrace !ustring
55 [47244812531584] TRACE perfrun.launcher <> - [IN] option = collector; value = sep !ustring
55 [47244812531584] TRACE perfrun.launcher <> - [IN] option = system-wide; value = false !bool
55 [47244812531584] TRACE perfrun.launcher <> - [IN] option = kvm-guest; value = false !bool
55 [47244812531584] TRACE perfrun.launcher <> - [IN] option = bandwidth-limits; value = false !bool
55 [47244812531584] TRACE perfrun.launcher <> - [IN] option = benchmark-sync; value = false !bool
55 [47244812531584] TRACE perfrun.launcher <> - [IN] option = system-collector-config; value = all !ustring
55 [47244812531584] TRACE perfrun.launcher <> - [IN] option = stackwalk; value = offline !ustring
55 [47244812531584] TRACE perfrun.launcher <> - [IN] option = trace-type; value = per-thread !ustring
55 [47244812531584] TRACE perfrun.launcher <> - [IN] option = instrumentation-type; value = pin !ustring
55 [47244812531584] TRACE perfrun.launcher <> - [IN] option = altstack; value = true !bool
55 [47244812531584] TRACE perfrun.launcher <> - EXIT:  void runtool::CmdLineParser::populate(runtool::IConfiguration *) const
56 [47244928145152] TRACE perfrun.tpss <> - ENTER: void runtool::tpss::Controller::setMessageChannel(runtool::sdk::IMessageChannel *)
56 [47244928145152] TRACE perfrun.tpss <> - EXIT:  void runtool::tpss::Controller::setMessageChannel(runtool::sdk::IMessageChannel *)
56 [47244812531584] INFO perfrun.launcher <> - create file finder object
56 [47244928145152] TRACE perfrun.tpss <> - ENTER: void runtool::tpss::Controller::setRequestHandler(runtool::sdk::IRequestHandler *)
56 [47244928145152] TRACE perfrun.tpss <> - EXIT:  void runtool::tpss::Controller::setRequestHandler(runtool::sdk::IRequestHandler *)
56 [47244812531584] TRACE perfrun.launcher <> - Handle the user request: action = 0
56 [47244812531584] TRACE perfrun.launcher <> - ENTER: int runtool::Launcher::doStart()
56 [47244812531584] TRACE perfrun.launcher <> - ENTER: void runtool::Launcher::prepareLaunch()
56 [47244812531584] TRACE perfrun.launcher <> - ENTER: void runtool::Launcher::prepareResultDirectory()
56 [47244812531584] INFO perfrun.launcher <> - create a result directory: pattern = /mnt/storage/home/za18968/advanced-hpc-lbm/e000/hs020 pid = 4294967295
61 [47244812531584] TRACE perfrun.sdk <> - ENTER: bool runtool::sdk::DirectoryInfo::isLocal() const
61 [47244812531584] INFO perfrun.sdk <> - checked that the directory /mnt/storage/home/za18968/advanced-hpc-lbm/e000/hs020 is a local directory
61 [47244812531584] INFO perfrun.sdk <> - the directory /mnt/storage/home/za18968/advanced-hpc-lbm/e000/hs020 is located on a share or its FS ID is unknown 1196443219
61 [47244812531584] TRACE perfrun.sdk <> - EXIT:  bool runtool::sdk::DirectoryInfo::isLocal() const
62 [47244812531584] INFO perfrun.launcher <> - Create a local result directory /tmp/advixe-tmp-za18968/advixe-res-15712-15515944120038412 due to the user result path /mnt/storage/home/za18968/advanced-hpc-lbm/e000/hs020 is located on a share
62 [47244812531584] TRACE perfrun.launcher <> - Update configuration: result directory = /tmp/advixe-tmp-za18968/advixe-res-15712-15515944120038412
62 [47244812531584] INFO perfrun.launcher <> - create data directory = /tmp/advixe-tmp-za18968/advixe-res-15712-15515944120038412/data.0
77 [47244812531584] INFO perfrun.launcher <> - create data directory = /mnt/storage/home/za18968/advanced-hpc-lbm/e000/hs020/data.0
79 [47244812531584] TRACE perfrun.launcher <> - Update configuration: data directory = /tmp/advixe-tmp-za18968/advixe-res-15712-15515944120038412/data.0
79 [47244812531584] TRACE perfrun.launcher <> - EXIT:  void runtool::Launcher::prepareResultDirectory()
86 [47244812531584] TRACE perfrun.launcher <> - IMessenger: send collection state with state = 11
86 [47244928145152] TRACE perfrun.launcher <> - Update configuration: follow child = 1
89 [47244928145152] TRACE perfrun.launcher <> - Update configuration: time source = 0
89 [47244928145152] TRACE perfrun.launcher <> - Update configuration: stack = 1
89 [47244928145152] TRACE perfrun.launcher <> - Update configuration: gelding = 0
89 [47244928145152] TRACE perfrun.launcher <> - Update configuration: stack stitching = 1
89 [47244928145152] TRACE perfrun.system <> - ENTER: int runtool::system::Controller::initialize(runtool::sdk::IConfiguration *)
89 [47244928145152] TRACE perfrun.system <> - ENTER: int runtool::system::TraceWriter::initialize(runtool::sdk::IConfiguration *, runtool::system::TraceWriter::Settings *)
89 [47244928145152] TRACE perfrun.sdk <> - 0x7924a02
94 [47244928145152] TRACE perfrun.sdk <> - ENTER: runtool::sdk::TraceFile::TraceFile(tpss_tmu_creator *, unsigned int, const std::basic_string<char, std::char_traits<char>, std::allocator<char>> &, bool)
94 [47244928145152] INFO perfrun.sdk <> - Allocating TMU :/tmp/advixe-tmp-za18968/advixe-res-15712-15515944120038412/data.0/systemcollector-15712-compute084.bc4.acrc.priv.sc
94 [47244928145152] TRACE perfrun.sdk <> - EXIT:  runtool::sdk::TraceFile::TraceFile(tpss_tmu_creator *, unsigned int, const std::basic_string<char, std::char_traits<char>, std::allocator<char>> &, bool)
94 [47244928145152] TRACE perfrun.system <> - EXIT:  int runtool::system::TraceWriter::initialize(runtool::sdk::IConfiguration *, runtool::system::TraceWriter::Settings *)
94 [47244928145152] TRACE perfrun.system <> - EXIT:  int runtool::system::Controller::initialize(runtool::sdk::IConfiguration *)
94 [47244928145152] INFO perfrun.launcher <> - plugin [] was disabled because it doesn't support the given collection type.
94 [47244928145152] INFO perfrun.launcher <> - plugin [] was disabled because it doesn't support the given collection type.
94 [47244928145152] INFO perfrun.launcher <> - plugin [] was disabled because it doesn't support the given collection type.
94 [47244928145152] INFO perfrun.launcher <> - plugin [] was disabled because it doesn't support the given collection type.
94 [47244928145152] INFO perfrun.launcher <> - plugin [] was disabled because it doesn't support the given collection type.
94 [47244928145152] INFO perfrun.launcher <> - plugin [] was disabled because it doesn't support the given collection type.
94 [47244928145152] TRACE perfrun.mrte <> - ENTER: int runtool::mrte::Controller::initialize(runtool::sdk::IConfiguration *)
94 [47244928145152] TRACE perfrun.mrte <> - EXIT:  int runtool::mrte::Controller::initialize(runtool::sdk::IConfiguration *)
94 [47244928145152] INFO perfrun.launcher <> - plugin [mrte] was disabled because it doesn't support the given collection type.
94 [47244928145152] INFO perfrun.launcher <> - plugin [] was disabled because it doesn't support the given collection type.
94 [47244928145152] INFO perfrun.launcher <> - plugin [] was disabled because it doesn't support the given collection type.
94 [47244928145152] INFO perfrun.launcher <> - plugin [] was disabled because it doesn't support the given collection type.
94 [47244928145152] INFO perfrun.launcher <> - plugin [] was disabled because it doesn't support the given collection type.
94 [47244928145152] INFO perfrun.launcher <> - plugin [] was disabled because it doesn't support the given collection type.
94 [47244928145152] TRACE perfrun.tpss <> - ENTER: int runtool::tpss::Controller::initialize(runtool::sdk::IConfiguration *)
94 [47244928145152] INFO perfrun.tpss <> - initialize tpss controller
94 [47244928145152] TRACE perfrun.tpss <> - ENTER: bool runtool::tpss::Controller::configureCollectionMode(const std::basic_string<char, std::char_traits<char>, std::allocator<char>> &)
94 [47244928145152] INFO perfrun.tpss <> - configure collection mode: value = cpu:stack
94 [47244928145152] TRACE perfrun.tpss <> - EXIT:  bool runtool::tpss::Controller::configureCollectionMode(const std::basic_string<char, std::char_traits<char>, std::allocator<char>> &)
94 [47244928145152] TRACE perfrun.tpss <> - ENTER: tpss::trace_file_t runtool::tpss::castTraceFileType(const gen_helpers2::variant_t &)
94 [47244928145152] TRACE perfrun.tpss <> - EXIT:  tpss::trace_file_t runtool::tpss::castTraceFileType(const gen_helpers2::variant_t &)
94 [47244928145152] INFO perfrun.tpss <> - default obj-size-min=1024
94 [47244928145152] INFO perfrun.tpss <> - default hash-table-size=0
95 [47244928145152] TRACE perfrun.tpss <> - EXIT:  int runtool::tpss::Controller::initialize(runtool::sdk::IConfiguration *)
95 [47244928145152] INFO perfrun.launcher <> - plugin [] was disabled because it doesn't support the given collection type.
95 [47244928145152] INFO perfrun.launcher <> - plugin [] was disabled because it doesn't support the given collection type.
95 [47244928145152] INFO perfrun.launcher <> - plugin [] was disabled because it doesn't support the given collection type.
95 [47244928145152] INFO perfrun.launcher <> - plugin [] was disabled because it doesn't support the given collection type.
95 [47244928145152] INFO perfrun.launcher <> - plugin [] was disabled because it doesn't support the given collection type.
95 [47244928145152] INFO perfrun.launcher <> - plugin [] was disabled because it doesn't support the given collection type.
95 [47244812531584] TRACE perfrun.launcher <> - RpcServer was created for IPC filename = /mnt/storage/home/za18968/advanced-hpc-lbm/e000/hs020/runtool.15712.ipc
95 [47244812531584] TRACE perfrun.launcher <> - RpcServer: setup all handlers at once
95 [47244812531584] TRACE perfrun.launcher <> - RpcServer: setup a handler for ICancelRequest
95 [47244812531584] TRACE perfrun.launcher <> - RpcServer: setup a handler for IPauseRequest
95 [47244812531584] TRACE perfrun.launcher <> - RpcServer: setup a handler for IResumeRequest
95 [47244812531584] TRACE perfrun.launcher <> - RpcServer: setup a handler for IStopRequest
95 [47244812531584] TRACE perfrun.launcher <> - RpcServer: setup a handler for IStatusRequest
95 [47244812531584] TRACE perfrun.launcher <> - RpcServer: setup a handler for IDetachRequest
95 [47244812531584] TRACE perfrun.launcher <> - RpcServer: setup a handler for IMarkRequest
95 [47244812531584] INFO perfrun.launcher <> - RpcServer: run RPC server to handle requests
97 [47244812531584] DEBUG perfrun.launcher <> - RpcServer: wrote information about the RPC server into the IPC file
97 [47244812531584] TRACE perfrun.launcher <> - EXIT:  void runtool::Launcher::prepareLaunch()
97 [47244965803776] TRACE perfrun.launcher <> - ENTER: RpcServer: the main loop handles RPC requests  from clients
97 [47244812531584] INFO perfrun.launcher <> - Launcher: command line to start before modification = ./d2q9-bgk input_128x128.params obstacles_128x128.dat
97 [47244928145152] TRACE perfrun.tpss <> - ENTER: void runtool::tpss::Controller::modifyCommandLine(std::basic_string<char, std::char_traits<char>, std::allocator<char>> &) const
98 [47244928145152] TRACE perfrun.tpss <> - EXIT:  void runtool::tpss::Controller::modifyCommandLine(std::basic_string<char, std::char_traits<char>, std::allocator<char>> &) const
98 [47244812531584] INFO perfrun.launcher <> - Launcher: command line to start after modification = /mnt/storage/software/languages/intel/intel-parallel_studio_xe_2018_u3/advisor_2018.3.0.558307/bin64/pin -error_file /tmp/advixe-tmp-za18968/advixe-res-15712-15515944120038412/data.0/pinerr.tpsslog -detach_reattach -follow_execv -tool_load_option deepbind -t64 /mnt/storage/software/languages/intel/intel-parallel_studio_xe_2018_u3/advisor_2018.3.0.558307/lib64/libtpsstool.so -t /mnt/storage/software/languages/intel/intel-parallel_studio_xe_2018_u3/advisor_2018.3.0.558307/lib32/libtpsstool.so -server_name tpss_ipc.15712 -prd_dir /mnt/storage/software/languages/intel/intel-parallel_studio_xe_2018_u3/advisor_2018.3.0.558307 -- ./d2q9-bgk input_128x128.params obstacles_128x128.dat
98 [47244812531584] INFO perfrun.launcher <> - ProcessCreator object was created
98 [47244812531584] TRACE perfrun.launcher <> - ENTER: unsigned int runtool::ProcessCreator::start(bool)
98 [47244812531584] TRACE perfrun.launcher <> - EXIT:  unsigned int runtool::ProcessCreator::start(bool)
98 [47244812531584] INFO perfrun.launcher <> - Launcher: the process was started in suspend mode
99 [47244928145152] TRACE perfrun.system <> - ENTER: void runtool::system::Controller::onEvent(runtool::sdk::collection_state_t)
99 [47244928145152] TRACE perfrun.system <> - EXIT:  void runtool::system::Controller::onEvent(runtool::sdk::collection_state_t)
99 [47244928145152] TRACE perfrun.system <> - ENTER: bool runtool::system::Controller::start(unsigned int)
166 [47244928145152] INFO perfrun.system <> - Helper runtool '/mnt/storage/software/languages/intel/intel-parallel_studio_xe_2018_u3/advisor_2018.3.0.558307/bin32/advixe-runss -dump-vdso -r /tmp/advixe-tmp-za18968/advixe-res-15712-15515944120038412 --tmp-dir /tmp/advixe-tmp-za18968' returned 0
228 [47244928145152] INFO perfrun.system <> - Helper runtool '/mnt/storage/software/languages/intel/intel-parallel_studio_xe_2018_u3/advisor_2018.3.0.558307/bin64/advixe-runss -dump-vdso -r /tmp/advixe-tmp-za18968/advixe-res-15712-15515944120038412 --tmp-dir /tmp/advixe-tmp-za18968' returned 0
231 [47244928145152] TRACE perfrun.system <> - ENTER: bool runtool::system::getVideoAdapters(std::vector<runtool::system::gpu_adapter_t, std::allocator<runtool::system::gpu_adapter_t>> &)
296 [47244928145152] TRACE perfrun.system <> - EXIT:  bool runtool::system::getVideoAdapters(std::vector<runtool::system::gpu_adapter_t, std::allocator<runtool::system::gpu_adapter_t>> &)
296 [47244928145152] TRACE perfrun.sdk <> - ENTER: bool runtool::sdk::runSystemCmd(const std::basic_string<char, std::char_traits<char>, std::allocator<char>> &, std::basic_string<char, std::char_traits<char>, std::allocator<char>> *, bool, const std::basic_string<char, std::char_traits<char>, std::allocator<char>> &)
297 [47244928145152] WARN perfrun.sdk <> - Failed to find xl binary on any of the system paths: /bin, /sbin, /usr/bin, /usr/sbin., at file: vcs/perfrun1/sdk/src/utils.cpp:433
297 [47244928145152] TRACE perfrun.sdk <> - EXIT:  bool runtool::sdk::runSystemCmd(const std::basic_string<char, std::char_traits<char>, std::allocator<char>> &, std::basic_string<char, std::char_traits<char>, std::allocator<char>> *, bool, const std::basic_string<char, std::char_traits<char>, std::allocator<char>> &)
298 [47244928145152] TRACE perfrun.system <> - EXIT:  bool runtool::system::Controller::start(unsigned int)
298 [47244928145152] TRACE perfrun.tpss <> - ENTER: bool runtool::tpss::Controller::start(unsigned int)
298 [47244928145152] INFO perfrun.tpss <> - start tpss controller for pid #15717
348 [47244928145152] TRACE perfrun.tpss <> - EXIT:  bool runtool::tpss::Controller::start(unsigned int)
348 [47244928145152] TRACE perfrun.system <> - ENTER: void runtool::system::Controller::onEvent(runtool::sdk::collection_state_t)
348 [47244928145152] TRACE perfrun.system <> - EXIT:  void runtool::system::Controller::onEvent(runtool::sdk::collection_state_t)
348 [47244812531584] INFO perfrun.launcher <> - Launcher: all plugins were started
348 [47244812531584] TRACE perfrun.launcher <> - IMessenger: send collection state with state = 1
348 [47244812531584] TRACE perfrun.launcher <> - ENTER: void runtool::Launcher::setupResumeAfterCallback()
349 [47244812531584] TRACE perfrun.launcher <> - EXIT:  void runtool::Launcher::setupResumeAfterCallback()
349 [47244812531584] TRACE perfrun.launcher <> - ENTER: void runtool::Launcher::setupHardStopCallbacks()
349 [47244812531584] INFO perfrun.launcher <> - DirectoryMonitor object was created
349 [47244812531584] INFO perfrun.launcher <> - DirectoryMonitor: a callback was added
349 [47244812531584] INFO perfrun.launcher <> - DirectoryMonitor was started with pingTime = 1000
349 [47244812531584] INFO perfrun.launcher <> - DeadlineTimer is going to be constructed
349 [47244812531584] INFO perfrun.launcher <> - DeadlineTimer: a callback was added
349 [47244812531584] TRACE perfrun.launcher <> - EXIT:  void runtool::Launcher::setupHardStopCallbacks()
349 [47244812531584] TRACE perfrun.launcher <> - ENTER: void runtool::Launcher::setupDurationCallback(bool)
349 [47244812531584] TRACE perfrun.launcher <> - EXIT:  void runtool::Launcher::setupDurationCallback(bool)
357 [47244812531584] TRACE perfrun.launcher <> - ENTER: void runtool::ProcessCreator::resume()
357 [47244812531584] DEBUG perfrun.launcher <> - ProcessCreator: the process with pid = 15717 is resumed
358 [47244812531584] TRACE perfrun.launcher <> - EXIT:  void runtool::ProcessCreator::resume()
359 [47244812531584] INFO perfrun.launcher <> - Launcher: resume the profiled application and  wait its termination or stop command
359 [47244812531584] TRACE perfrun.launcher <> - ENTER: int runtool::ProcessCreator::wait()
359 [47244812531584] TRACE perfrun.launcher <> - ENTER: int runtool::ProcessCreator::waitPid()
1349 [47244970006272] TRACE perfrun.launcher <> - ENTER: void runtool::DeadlineTimer::notify(const boost::system::error_code &)
1349 [47244970006272] TRACE perfrun.launcher <> - ENTER: void runtool::DirectoryMonitor::notifyAll()
1349 [47244970006272] TRACE perfrun.sdk <> - ENTER: void runtool::sdk::getFilesFromDirectoryByExt(const std::basic_string<char, std::char_traits<char>, std::allocator<char>> &, const std::basic_string<char, std::char_traits<char>, std::allocator<char>> &, std::list<std::basic_string<char, std::char_traits<char>, std::allocator<char>>, std::allocator<std::basic_string<char, std::char_traits<char>, std::allocator<char>>>> &)
1349 [47244970006272] TRACE perfrun.sdk <> - EXIT:  void runtool::sdk::getFilesFromDirectoryByExt(const std::basic_string<char, std::char_traits<char>, std::allocator<char>> &, const std::basic_string<char, std::char_traits<char>, std::allocator<char>> &, std::list<std::basic_string<char, std::char_traits<char>, std::allocator<char>>, std::allocator<std::basic_string<char, std::char_traits<char>, std::allocator<char>>>> &)
1350 [47244970006272] DEBUG perfrun.launcher <> - DirectoryInfo: total size of monitored paths is 0 bytes
1350 [47244970006272] TRACE perfrun.launcher <> - EXIT:  void runtool::DirectoryMonitor::notifyAll()
1350 [47244970006272] TRACE perfrun.launcher <> - EXIT:  void runtool::DeadlineTimer::notify(const boost::system::error_code &)
2350 [47244970006272] TRACE perfrun.launcher <> - ENTER: void runtool::DeadlineTimer::notify(const boost::system::error_code &)
2350 [47244970006272] TRACE perfrun.launcher <> - ENTER: void runtool::DirectoryMonitor::notifyAll()
2350 [47244970006272] TRACE perfrun.sdk <> - ENTER: void runtool::sdk::getFilesFromDirectoryByExt(const std::basic_string<char, std::char_traits<char>, std::allocator<char>> &, const std::basic_string<char, std::char_traits<char>, std::allocator<char>> &, std::list<std::basic_string<char, std::char_traits<char>, std::allocator<char>>, std::allocator<std::basic_string<char, std::char_traits<char>, std::allocator<char>>>> &)
2350 [47244970006272] TRACE perfrun.sdk <> - EXIT:  void runtool::sdk::getFilesFromDirectoryByExt(const std::basic_string<char, std::char_traits<char>, std::allocator<char>> &, const std::basic_string<char, std::char_traits<char>, std::allocator<char>> &, std::list<std::basic_string<char, std::char_traits<char>, std::allocator<char>>, std::allocator<std::basic_string<char, std::char_traits<char>, std::allocator<char>>>> &)
2350 [47244970006272] DEBUG perfrun.launcher <> - DirectoryInfo: total size of monitored paths is 0 bytes
2350 [47244970006272] TRACE perfrun.launcher <> - EXIT:  void runtool::DirectoryMonitor::notifyAll()
2350 [47244970006272] TRACE perfrun.launcher <> - EXIT:  void runtool::DeadlineTimer::notify(const boost::system::error_code &)
3350 [47244970006272] TRACE perfrun.launcher <> - ENTER: void runtool::DeadlineTimer::notify(const boost::system::error_code &)
3351 [47244970006272] TRACE perfrun.launcher <> - ENTER: void runtool::DirectoryMonitor::notifyAll()
3351 [47244970006272] TRACE perfrun.sdk <> - ENTER: void runtool::sdk::getFilesFromDirectoryByExt(const std::basic_string<char, std::char_traits<char>, std::allocator<char>> &, const std::basic_string<char, std::char_traits<char>, std::allocator<char>> &, std::list<std::basic_string<char, std::char_traits<char>, std::allocator<char>>, std::allocator<std::basic_string<char, std::char_traits<char>, std::allocator<char>>>> &)
3351 [47244970006272] TRACE perfrun.sdk <> - EXIT:  void runtool::sdk::getFilesFromDirectoryByExt(const std::basic_string<char, std::char_traits<char>, std::allocator<char>> &, const std::basic_string<char, std::char_traits<char>, std::allocator<char>> &, std::list<std::basic_string<char, std::char_traits<char>, std::allocator<char>>, std::allocator<std::basic_string<char, std::char_traits<char>, std::allocator<char>>>> &)
3351 [47244970006272] DEBUG perfrun.launcher <> - DirectoryInfo: total size of monitored paths is 0 bytes
3351 [47244970006272] TRACE perfrun.launcher <> - EXIT:  void runtool::DirectoryMonitor::notifyAll()
3351 [47244970006272] TRACE perfrun.launcher <> - EXIT:  void runtool::DeadlineTimer::notify(const boost::system::error_code &)
4351 [47244970006272] TRACE perfrun.launcher <> - ENTER: void runtool::DeadlineTimer::notify(const boost::system::error_code &)
4351 [47244970006272] TRACE perfrun.launcher <> - ENTER: void runtool::DirectoryMonitor::notifyAll()
4351 [47244970006272] TRACE perfrun.sdk <> - ENTER: void runtool::sdk::getFilesFromDirectoryByExt(const std::basic_string<char, std::char_traits<char>, std::allocator<char>> &, const std::basic_string<char, std::char_traits<char>, std::allocator<char>> &, std::list<std::basic_string<char, std::char_traits<char>, std::allocator<char>>, std::allocator<std::basic_string<char, std::char_traits<char>, std::allocator<char>>>> &)
4352 [47244970006272] TRACE perfrun.sdk <> - EXIT:  void runtool::sdk::getFilesFromDirectoryByExt(const std::basic_string<char, std::char_traits<char>, std::allocator<char>> &, const std::basic_string<char, std::char_traits<char>, std::allocator<char>> &, std::list<std::basic_string<char, std::char_traits<char>, std::allocator<char>>, std::allocator<std::basic_string<char, std::char_traits<char>, std::allocator<char>>>> &)
4352 [47244970006272] DEBUG perfrun.launcher <> - DirectoryInfo: total size of monitored paths is 0 bytes
4352 [47244970006272] TRACE perfrun.launcher <> - EXIT:  void runtool::DirectoryMonitor::notifyAll()
4352 [47244970006272] TRACE perfrun.launcher <> - EXIT:  void runtool::DeadlineTimer::notify(const boost::system::error_code &)
5352 [47244970006272] TRACE perfrun.launcher <> - ENTER: void runtool::DeadlineTimer::notify(const boost::system::error_code &)
5352 [47244970006272] TRACE perfrun.launcher <> - ENTER: void runtool::DirectoryMonitor::notifyAll()
5352 [47244970006272] TRACE perfrun.sdk <> - ENTER: void runtool::sdk::getFilesFromDirectoryByExt(const std::basic_string<char, std::char_traits<char>, std::allocator<char>> &, const std::basic_string<char, std::char_traits<char>, std::allocator<char>> &, std::list<std::basic_string<char, std::char_traits<char>, std::allocator<char>>, std::allocator<std::basic_string<char, std::char_traits<char>, std::allocator<char>>>> &)
5352 [47244970006272] TRACE perfrun.sdk <> - EXIT:  void runtool::sdk::getFilesFromDirectoryByExt(const std::basic_string<char, std::char_traits<char>, std::allocator<char>> &, const std::basic_string<char, std::char_traits<char>, std::allocator<char>> &, std::list<std::basic_string<char, std::char_traits<char>, std::allocator<char>>, std::allocator<std::basic_string<char, std::char_traits<char>, std::allocator<char>>>> &)
5352 [47244970006272] DEBUG perfrun.launcher <> - DirectoryInfo: total size of monitored paths is 0 bytes
5352 [47244970006272] TRACE perfrun.launcher <> - EXIT:  void runtool::DirectoryMonitor::notifyAll()
5352 [47244970006272] TRACE perfrun.launcher <> - EXIT:  void runtool::DeadlineTimer::notify(const boost::system::error_code &)
6352 [47244970006272] TRACE perfrun.launcher <> - ENTER: void runtool::DeadlineTimer::notify(const boost::system::error_code &)
6352 [47244970006272] TRACE perfrun.launcher <> - ENTER: void runtool::DirectoryMonitor::notifyAll()
6352 [47244970006272] TRACE perfrun.sdk <> - ENTER: void runtool::sdk::getFilesFromDirectoryByExt(const std::basic_string<char, std::char_traits<char>, std::allocator<char>> &, const std::basic_string<char, std::char_traits<char>, std::allocator<char>> &, std::list<std::basic_string<char, std::char_traits<char>, std::allocator<char>>, std::allocator<std::basic_string<char, std::char_traits<char>, std::allocator<char>>>> &)
6353 [47244970006272] TRACE perfrun.sdk <> - EXIT:  void runtool::sdk::getFilesFromDirectoryByExt(const std::basic_string<char, std::char_traits<char>, std::allocator<char>> &, const std::basic_string<char, std::char_traits<char>, std::allocator<char>> &, std::list<std::basic_string<char, std::char_traits<char>, std::allocator<char>>, std::allocator<std::basic_string<char, std::char_traits<char>, std::allocator<char>>>> &)
6353 [47244970006272] DEBUG perfrun.launcher <> - DirectoryInfo: total size of monitored paths is 0 bytes
6353 [47244970006272] TRACE perfrun.launcher <> - EXIT:  void runtool::DirectoryMonitor::notifyAll()
6353 [47244970006272] TRACE perfrun.launcher <> - EXIT:  void runtool::DeadlineTimer::notify(const boost::system::error_code &)
7353 [47244970006272] TRACE perfrun.launcher <> - ENTER: void runtool::DeadlineTimer::notify(const boost::system::error_code &)
7353 [47244970006272] TRACE perfrun.launcher <> - ENTER: void runtool::DirectoryMonitor::notifyAll()
7353 [47244970006272] TRACE perfrun.sdk <> - ENTER: void runtool::sdk::getFilesFromDirectoryByExt(const std::basic_string<char, std::char_traits<char>, std::allocator<char>> &, const std::basic_string<char, std::char_traits<char>, std::allocator<char>> &, std::list<std::basic_string<char, std::char_traits<char>, std::allocator<char>>, std::allocator<std::basic_string<char, std::char_traits<char>, std::allocator<char>>>> &)
7354 [47244970006272] TRACE perfrun.sdk <> - EXIT:  void runtool::sdk::getFilesFromDirectoryByExt(const std::basic_string<char, std::char_traits<char>, std::allocator<char>> &, const std::basic_string<char, std::char_traits<char>, std::allocator<char>> &, std::list<std::basic_string<char, std::char_traits<char>, std::allocator<char>>, std::allocator<std::basic_string<char, std::char_traits<char>, std::allocator<char>>>> &)
7354 [47244970006272] DEBUG perfrun.launcher <> - DirectoryInfo: total size of monitored paths is 0 bytes
7354 [47244970006272] TRACE perfrun.launcher <> - EXIT:  void runtool::DirectoryMonitor::notifyAll()
7354 [47244970006272] TRACE perfrun.launcher <> - EXIT:  void runtool::DeadlineTimer::notify(const boost::system::error_code &)
8354 [47244970006272] TRACE perfrun.launcher <> - ENTER: void runtool::DeadlineTimer::notify(const boost::system::error_code &)
8354 [47244970006272] TRACE perfrun.launcher <> - ENTER: void runtool::DirectoryMonitor::notifyAll()
8354 [47244970006272] TRACE perfrun.sdk <> - ENTER: void runtool::sdk::getFilesFromDirectoryByExt(const std::basic_string<char, std::char_traits<char>, std::allocator<char>> &, const std::basic_string<char, std::char_traits<char>, std::allocator<char>> &, std::list<std::basic_string<char, std::char_traits<char>, std::allocator<char>>, std::allocator<std::basic_string<char, std::char_traits<char>, std::allocator<char>>>> &)
8354 [47244970006272] TRACE perfrun.sdk <> - EXIT:  void runtool::sdk::getFilesFromDirectoryByExt(const std::basic_string<char, std::char_traits<char>, std::allocator<char>> &, const std::basic_string<char, std::char_traits<char>, std::allocator<char>> &, std::list<std::basic_string<char, std::char_traits<char>, std::allocator<char>>, std::allocator<std::basic_string<char, std::char_traits<char>, std::allocator<char>>>> &)
8354 [47244970006272] DEBUG perfrun.launcher <> - DirectoryInfo: total size of monitored paths is 0 bytes
8354 [47244970006272] TRACE perfrun.launcher <> - EXIT:  void runtool::DirectoryMonitor::notifyAll()
8354 [47244970006272] TRACE perfrun.launcher <> - EXIT:  void runtool::DeadlineTimer::notify(const boost::system::error_code &)
9354 [47244970006272] TRACE perfrun.launcher <> - ENTER: void runtool::DeadlineTimer::notify(const boost::system::error_code &)
9354 [47244970006272] TRACE perfrun.launcher <> - ENTER: void runtool::DirectoryMonitor::notifyAll()
9354 [47244970006272] TRACE perfrun.sdk <> - ENTER: void runtool::sdk::getFilesFromDirectoryByExt(const std::basic_string<char, std::char_traits<char>, std::allocator<char>> &, const std::basic_string<char, std::char_traits<char>, std::allocator<char>> &, std::list<std::basic_string<char, std::char_traits<char>, std::allocator<char>>, std::allocator<std::basic_string<char, std::char_traits<char>, std::allocator<char>>>> &)
9355 [47244970006272] TRACE perfrun.sdk <> - EXIT:  void runtool::sdk::getFilesFromDirectoryByExt(const std::basic_string<char, std::char_traits<char>, std::allocator<char>> &, const std::basic_string<char, std::char_traits<char>, std::allocator<char>> &, std::list<std::basic_string<char, std::char_traits<char>, std::allocator<char>>, std::allocator<std::basic_string<char, std::char_traits<char>, std::allocator<char>>>> &)
9355 [47244970006272] DEBUG perfrun.launcher <> - DirectoryInfo: total size of monitored paths is 0 bytes
9355 [47244970006272] TRACE perfrun.launcher <> - EXIT:  void runtool::DirectoryMonitor::notifyAll()
9355 [47244970006272] TRACE perfrun.launcher <> - EXIT:  void runtool::DeadlineTimer::notify(const boost::system::error_code &)
10355 [47244970006272] TRACE perfrun.launcher <> - ENTER: void runtool::DeadlineTimer::notify(const boost::system::error_code &)
10355 [47244970006272] TRACE perfrun.launcher <> - ENTER: void runtool::DirectoryMonitor::notifyAll()
10355 [47244970006272] TRACE perfrun.sdk <> - ENTER: void runtool::sdk::getFilesFromDirectoryByExt(const std::basic_string<char, std::char_traits<char>, std::allocator<char>> &, const std::basic_string<char, std::char_traits<char>, std::allocator<char>> &, std::list<std::basic_string<char, std::char_traits<char>, std::allocator<char>>, std::allocator<std::basic_string<char, std::char_traits<char>, std::allocator<char>>>> &)
10355 [47244970006272] TRACE perfrun.sdk <> - EXIT:  void runtool::sdk::getFilesFromDirectoryByExt(const std::basic_string<char, std::char_traits<char>, std::allocator<char>> &, const std::basic_string<char, std::char_traits<char>, std::allocator<char>> &, std::list<std::basic_string<char, std::char_traits<char>, std::allocator<char>>, std::allocator<std::basic_string<char, std::char_traits<char>, std::allocator<char>>>> &)
10356 [47244970006272] DEBUG perfrun.launcher <> - DirectoryInfo: total size of monitored paths is 0 bytes
10356 [47244970006272] TRACE perfrun.launcher <> - EXIT:  void runtool::DirectoryMonitor::notifyAll()
10356 [47244970006272] TRACE perfrun.launcher <> - EXIT:  void runtool::DeadlineTimer::notify(const boost::system::error_code &)
11356 [47244970006272] TRACE perfrun.launcher <> - ENTER: void runtool::DeadlineTimer::notify(const boost::system::error_code &)
11356 [47244970006272] TRACE perfrun.launcher <> - ENTER: void runtool::DirectoryMonitor::notifyAll()
11356 [47244970006272] TRACE perfrun.sdk <> - ENTER: void runtool::sdk::getFilesFromDirectoryByExt(const std::basic_string<char, std::char_traits<char>, std::allocator<char>> &, const std::basic_string<char, std::char_traits<char>, std::allocator<char>> &, std::list<std::basic_string<char, std::char_traits<char>, std::allocator<char>>, std::allocator<std::basic_string<char, std::char_traits<char>, std::allocator<char>>>> &)
11356 [47244970006272] TRACE perfrun.sdk <> - EXIT:  void runtool::sdk::getFilesFromDirectoryByExt(const std::basic_string<char, std::char_traits<char>, std::allocator<char>> &, const std::basic_string<char, std::char_traits<char>, std::allocator<char>> &, std::list<std::basic_string<char, std::char_traits<char>, std::allocator<char>>, std::allocator<std::basic_string<char, std::char_traits<char>, std::allocator<char>>>> &)
11356 [47244970006272] DEBUG perfrun.launcher <> - DirectoryInfo: total size of monitored paths is 0 bytes
11356 [47244970006272] TRACE perfrun.launcher <> - EXIT:  void runtool::DirectoryMonitor::notifyAll()
11356 [47244970006272] TRACE perfrun.launcher <> - EXIT:  void runtool::DeadlineTimer::notify(const boost::system::error_code &)
12356 [47244970006272] TRACE perfrun.launcher <> - ENTER: void runtool::DeadlineTimer::notify(const boost::system::error_code &)
12356 [47244970006272] TRACE perfrun.launcher <> - ENTER: void runtool::DirectoryMonitor::notifyAll()
12356 [47244970006272] TRACE perfrun.sdk <> - ENTER: void runtool::sdk::getFilesFromDirectoryByExt(const std::basic_string<char, std::char_traits<char>, std::allocator<char>> &, const std::basic_string<char, std::char_traits<char>, std::allocator<char>> &, std::list<std::basic_string<char, std::char_traits<char>, std::allocator<char>>, std::allocator<std::basic_string<char, std::char_traits<char>, std::allocator<char>>>> &)
12357 [47244970006272] TRACE perfrun.sdk <> - EXIT:  void runtool::sdk::getFilesFromDirectoryByExt(const std::basic_string<char, std::char_traits<char>, std::allocator<char>> &, const std::basic_string<char, std::char_traits<char>, std::allocator<char>> &, std::list<std::basic_string<char, std::char_traits<char>, std::allocator<char>>, std::allocator<std::basic_string<char, std::char_traits<char>, std::allocator<char>>>> &)
12357 [47244970006272] DEBUG perfrun.launcher <> - DirectoryInfo: total size of monitored paths is 0 bytes
12357 [47244970006272] TRACE perfrun.launcher <> - EXIT:  void runtool::DirectoryMonitor::notifyAll()
12357 [47244970006272] TRACE perfrun.launcher <> - EXIT:  void runtool::DeadlineTimer::notify(const boost::system::error_code &)
13357 [47244970006272] TRACE perfrun.launcher <> - ENTER: void runtool::DeadlineTimer::notify(const boost::system::error_code &)
13357 [47244970006272] TRACE perfrun.launcher <> - ENTER: void runtool::DirectoryMonitor::notifyAll()
13357 [47244970006272] TRACE perfrun.sdk <> - ENTER: void runtool::sdk::getFilesFromDirectoryByExt(const std::basic_string<char, std::char_traits<char>, std::allocator<char>> &, const std::basic_string<char, std::char_traits<char>, std::allocator<char>> &, std::list<std::basic_string<char, std::char_traits<char>, std::allocator<char>>, std::allocator<std::basic_string<char, std::char_traits<char>, std::allocator<char>>>> &)
13357 [47244970006272] TRACE perfrun.sdk <> - EXIT:  void runtool::sdk::getFilesFromDirectoryByExt(const std::basic_string<char, std::char_traits<char>, std::allocator<char>> &, const std::basic_string<char, std::char_traits<char>, std::allocator<char>> &, std::list<std::basic_string<char, std::char_traits<char>, std::allocator<char>>, std::allocator<std::basic_string<char, std::char_traits<char>, std::allocator<char>>>> &)
13357 [47244970006272] DEBUG perfrun.launcher <> - DirectoryInfo: total size of monitored paths is 0 bytes
13357 [47244970006272] TRACE perfrun.launcher <> - EXIT:  void runtool::DirectoryMonitor::notifyAll()
13357 [47244970006272] TRACE perfrun.launcher <> - EXIT:  void runtool::DeadlineTimer::notify(const boost::system::error_code &)
14357 [47244970006272] TRACE perfrun.launcher <> - ENTER: void runtool::DeadlineTimer::notify(const boost::system::error_code &)
14358 [47244970006272] TRACE perfrun.launcher <> - ENTER: void runtool::DirectoryMonitor::notifyAll()
14358 [47244970006272] TRACE perfrun.sdk <> - ENTER: void runtool::sdk::getFilesFromDirectoryByExt(const std::basic_string<char, std::char_traits<char>, std::allocator<char>> &, const std::basic_string<char, std::char_traits<char>, std::allocator<char>> &, std::list<std::basic_string<char, std::char_traits<char>, std::allocator<char>>, std::allocator<std::basic_string<char, std::char_traits<char>, std::allocator<char>>>> &)
14358 [47244970006272] TRACE perfrun.sdk <> - EXIT:  void runtool::sdk::getFilesFromDirectoryByExt(const std::basic_string<char, std::char_traits<char>, std::allocator<char>> &, const std::basic_string<char, std::char_traits<char>, std::allocator<char>> &, std::list<std::basic_string<char, std::char_traits<char>, std::allocator<char>>, std::allocator<std::basic_string<char, std::char_traits<char>, std::allocator<char>>>> &)
14358 [47244970006272] DEBUG perfrun.launcher <> - DirectoryInfo: total size of monitored paths is 0 bytes
14358 [47244970006272] TRACE perfrun.launcher <> - EXIT:  void runtool::DirectoryMonitor::notifyAll()
14358 [47244970006272] TRACE perfrun.launcher <> - EXIT:  void runtool::DeadlineTimer::notify(const boost::system::error_code &)
15358 [47244970006272] TRACE perfrun.launcher <> - ENTER: void runtool::DeadlineTimer::notify(const boost::system::error_code &)
15358 [47244970006272] TRACE perfrun.launcher <> - ENTER: void runtool::DirectoryMonitor::notifyAll()
15358 [47244970006272] TRACE perfrun.sdk <> - ENTER: void runtool::sdk::getFilesFromDirectoryByExt(const std::basic_string<char, std::char_traits<char>, std::allocator<char>> &, const std::basic_string<char, std::char_traits<char>, std::allocator<char>> &, std::list<std::basic_string<char, std::char_traits<char>, std::allocator<char>>, std::allocator<std::basic_string<char, std::char_traits<char>, std::allocator<char>>>> &)
15359 [47244970006272] TRACE perfrun.sdk <> - EXIT:  void runtool::sdk::getFilesFromDirectoryByExt(const std::basic_string<char, std::char_traits<char>, std::allocator<char>> &, const std::basic_string<char, std::char_traits<char>, std::allocator<char>> &, std::list<std::basic_string<char, std::char_traits<char>, std::allocator<char>>, std::allocator<std::basic_string<char, std::char_traits<char>, std::allocator<char>>>> &)
15359 [47244970006272] DEBUG perfrun.launcher <> - DirectoryInfo: total size of monitored paths is 0 bytes
15359 [47244970006272] TRACE perfrun.launcher <> - EXIT:  void runtool::DirectoryMonitor::notifyAll()
15359 [47244970006272] TRACE perfrun.launcher <> - EXIT:  void runtool::DeadlineTimer::notify(const boost::system::error_code &)
16359 [47244970006272] TRACE perfrun.launcher <> - ENTER: void runtool::DeadlineTimer::notify(const boost::system::error_code &)
16359 [47244970006272] TRACE perfrun.launcher <> - ENTER: void runtool::DirectoryMonitor::notifyAll()
16359 [47244970006272] TRACE perfrun.sdk <> - ENTER: void runtool::sdk::getFilesFromDirectoryByExt(const std::basic_string<char, std::char_traits<char>, std::allocator<char>> &, const std::basic_string<char, std::char_traits<char>, std::allocator<char>> &, std::list<std::basic_string<char, std::char_traits<char>, std::allocator<char>>, std::allocator<std::basic_string<char, std::char_traits<char>, std::allocator<char>>>> &)
16359 [47244970006272] TRACE perfrun.sdk <> - EXIT:  void runtool::sdk::getFilesFromDirectoryByExt(const std::basic_string<char, std::char_traits<char>, std::allocator<char>> &, const std::basic_string<char, std::char_traits<char>, std::allocator<char>> &, std::list<std::basic_string<char, std::char_traits<char>, std::allocator<char>>, std::allocator<std::basic_string<char, std::char_traits<char>, std::allocator<char>>>> &)
16359 [47244970006272] DEBUG perfrun.launcher <> - DirectoryInfo: total size of monitored paths is 0 bytes
16359 [47244970006272] TRACE perfrun.launcher <> - EXIT:  void runtool::DirectoryMonitor::notifyAll()
16359 [47244970006272] TRACE perfrun.launcher <> - EXIT:  void runtool::DeadlineTimer::notify(const boost::system::error_code &)
17359 [47244970006272] TRACE perfrun.launcher <> - ENTER: void runtool::DeadlineTimer::notify(const boost::system::error_code &)
17359 [47244970006272] TRACE perfrun.launcher <> - ENTER: void runtool::DirectoryMonitor::notifyAll()
17360 [47244970006272] TRACE perfrun.sdk <> - ENTER: void runtool::sdk::getFilesFromDirectoryByExt(const std::basic_string<char, std::char_traits<char>, std::allocator<char>> &, const std::basic_string<char, std::char_traits<char>, std::allocator<char>> &, std::list<std::basic_string<char, std::char_traits<char>, std::allocator<char>>, std::allocator<std::basic_string<char, std::char_traits<char>, std::allocator<char>>>> &)
17360 [47244970006272] TRACE perfrun.sdk <> - EXIT:  void runtool::sdk::getFilesFromDirectoryByExt(const std::basic_string<char, std::char_traits<char>, std::allocator<char>> &, const std::basic_string<char, std::char_traits<char>, std::allocator<char>> &, std::list<std::basic_string<char, std::char_traits<char>, std::allocator<char>>, std::allocator<std::basic_string<char, std::char_traits<char>, std::allocator<char>>>> &)
17360 [47244970006272] DEBUG perfrun.launcher <> - DirectoryInfo: total size of monitored paths is 0 bytes
17360 [47244970006272] TRACE perfrun.launcher <> - EXIT:  void runtool::DirectoryMonitor::notifyAll()
17360 [47244970006272] TRACE perfrun.launcher <> - EXIT:  void runtool::DeadlineTimer::notify(const boost::system::error_code &)
18360 [47244970006272] TRACE perfrun.launcher <> - ENTER: void runtool::DeadlineTimer::notify(const boost::system::error_code &)
18360 [47244970006272] TRACE perfrun.launcher <> - ENTER: void runtool::DirectoryMonitor::notifyAll()
18360 [47244970006272] TRACE perfrun.sdk <> - ENTER: void runtool::sdk::getFilesFromDirectoryByExt(const std::basic_string<char, std::char_traits<char>, std::allocator<char>> &, const std::basic_string<char, std::char_traits<char>, std::allocator<char>> &, std::list<std::basic_string<char, std::char_traits<char>, std::allocator<char>>, std::allocator<std::basic_string<char, std::char_traits<char>, std::allocator<char>>>> &)
18360 [47244970006272] TRACE perfrun.sdk <> - EXIT:  void runtool::sdk::getFilesFromDirectoryByExt(const std::basic_string<char, std::char_traits<char>, std::allocator<char>> &, const std::basic_string<char, std::char_traits<char>, std::allocator<char>> &, std::list<std::basic_string<char, std::char_traits<char>, std::allocator<char>>, std::allocator<std::basic_string<char, std::char_traits<char>, std::allocator<char>>>> &)
18361 [47244970006272] DEBUG perfrun.launcher <> - DirectoryInfo: total size of monitored paths is 0 bytes
18361 [47244970006272] TRACE perfrun.launcher <> - EXIT:  void runtool::DirectoryMonitor::notifyAll()
18361 [47244970006272] TRACE perfrun.launcher <> - EXIT:  void runtool::DeadlineTimer::notify(const boost::system::error_code &)
19361 [47244970006272] TRACE perfrun.launcher <> - ENTER: void runtool::DeadlineTimer::notify(const boost::system::error_code &)
19361 [47244970006272] TRACE perfrun.launcher <> - ENTER: void runtool::DirectoryMonitor::notifyAll()
19361 [47244970006272] TRACE perfrun.sdk <> - ENTER: void runtool::sdk::getFilesFromDirectoryByExt(const std::basic_string<char, std::char_traits<char>, std::allocator<char>> &, const std::basic_string<char, std::char_traits<char>, std::allocator<char>> &, std::list<std::basic_string<char, std::char_traits<char>, std::allocator<char>>, std::allocator<std::basic_string<char, std::char_traits<char>, std::allocator<char>>>> &)
19361 [47244970006272] TRACE perfrun.sdk <> - EXIT:  void runtool::sdk::getFilesFromDirectoryByExt(const std::basic_string<char, std::char_traits<char>, std::allocator<char>> &, const std::basic_string<char, std::char_traits<char>, std::allocator<char>> &, std::list<std::basic_string<char, std::char_traits<char>, std::allocator<char>>, std::allocator<std::basic_string<char, std::char_traits<char>, std::allocator<char>>>> &)
19361 [47244970006272] DEBUG perfrun.launcher <> - DirectoryInfo: total size of monitored paths is 0 bytes
19361 [47244970006272] TRACE perfrun.launcher <> - EXIT:  void runtool::DirectoryMonitor::notifyAll()
19361 [47244970006272] TRACE perfrun.launcher <> - EXIT:  void runtool::DeadlineTimer::notify(const boost::system::error_code &)
20361 [47244970006272] TRACE perfrun.launcher <> - ENTER: void runtool::DeadlineTimer::notify(const boost::system::error_code &)
20361 [47244970006272] TRACE perfrun.launcher <> - ENTER: void runtool::DirectoryMonitor::notifyAll()
20361 [47244970006272] TRACE perfrun.sdk <> - ENTER: void runtool::sdk::getFilesFromDirectoryByExt(const std::basic_string<char, std::char_traits<char>, std::allocator<char>> &, const std::basic_string<char, std::char_traits<char>, std::allocator<char>> &, std::list<std::basic_string<char, std::char_traits<char>, std::allocator<char>>, std::allocator<std::basic_string<char, std::char_traits<char>, std::allocator<char>>>> &)
20362 [47244970006272] TRACE perfrun.sdk <> - EXIT:  void runtool::sdk::getFilesFromDirectoryByExt(const std::basic_string<char, std::char_traits<char>, std::allocator<char>> &, const std::basic_string<char, std::char_traits<char>, std::allocator<char>> &, std::list<std::basic_string<char, std::char_traits<char>, std::allocator<char>>, std::allocator<std::basic_string<char, std::char_traits<char>, std::allocator<char>>>> &)
20362 [47244970006272] DEBUG perfrun.launcher <> - DirectoryInfo: total size of monitored paths is 0 bytes
20362 [47244970006272] TRACE perfrun.launcher <> - EXIT:  void runtool::DirectoryMonitor::notifyAll()
20362 [47244970006272] TRACE perfrun.launcher <> - EXIT:  void runtool::DeadlineTimer::notify(const boost::system::error_code &)
21362 [47244970006272] TRACE perfrun.launcher <> - ENTER: void runtool::DeadlineTimer::notify(const boost::system::error_code &)
21362 [47244970006272] TRACE perfrun.launcher <> - ENTER: void runtool::DirectoryMonitor::notifyAll()
21362 [47244970006272] TRACE perfrun.sdk <> - ENTER: void runtool::sdk::getFilesFromDirectoryByExt(const std::basic_string<char, std::char_traits<char>, std::allocator<char>> &, const std::basic_string<char, std::char_traits<char>, std::allocator<char>> &, std::list<std::basic_string<char, std::char_traits<char>, std::allocator<char>>, std::allocator<std::basic_string<char, std::char_traits<char>, std::allocator<char>>>> &)
21362 [47244970006272] TRACE perfrun.sdk <> - EXIT:  void runtool::sdk::getFilesFromDirectoryByExt(const std::basic_string<char, std::char_traits<char>, std::allocator<char>> &, const std::basic_string<char, std::char_traits<char>, std::allocator<char>> &, std::list<std::basic_string<char, std::char_traits<char>, std::allocator<char>>, std::allocator<std::basic_string<char, std::char_traits<char>, std::allocator<char>>>> &)
21362 [47244970006272] DEBUG perfrun.launcher <> - DirectoryInfo: total size of monitored paths is 0 bytes
21362 [47244970006272] TRACE perfrun.launcher <> - EXIT:  void runtool::DirectoryMonitor::notifyAll()
21363 [47244970006272] TRACE perfrun.launcher <> - EXIT:  void runtool::DeadlineTimer::notify(const boost::system::error_code &)
22363 [47244970006272] TRACE perfrun.launcher <> - ENTER: void runtool::DeadlineTimer::notify(const boost::system::error_code &)
22363 [47244970006272] TRACE perfrun.launcher <> - ENTER: void runtool::DirectoryMonitor::notifyAll()
22363 [47244970006272] TRACE perfrun.sdk <> - ENTER: void runtool::sdk::getFilesFromDirectoryByExt(const std::basic_string<char, std::char_traits<char>, std::allocator<char>> &, const std::basic_string<char, std::char_traits<char>, std::allocator<char>> &, std::list<std::basic_string<char, std::char_traits<char>, std::allocator<char>>, std::allocator<std::basic_string<char, std::char_traits<char>, std::allocator<char>>>> &)
22363 [47244970006272] TRACE perfrun.sdk <> - EXIT:  void runtool::sdk::getFilesFromDirectoryByExt(const std::basic_string<char, std::char_traits<char>, std::allocator<char>> &, const std::basic_string<char, std::char_traits<char>, std::allocator<char>> &, std::list<std::basic_string<char, std::char_traits<char>, std::allocator<char>>, std::allocator<std::basic_string<char, std::char_traits<char>, std::allocator<char>>>> &)
22363 [47244970006272] DEBUG perfrun.launcher <> - DirectoryInfo: total size of monitored paths is 0 bytes
22363 [47244970006272] TRACE perfrun.launcher <> - EXIT:  void runtool::DirectoryMonitor::notifyAll()
22363 [47244970006272] TRACE perfrun.launcher <> - EXIT:  void runtool::DeadlineTimer::notify(const boost::system::error_code &)
23363 [47244970006272] TRACE perfrun.launcher <> - ENTER: void runtool::DeadlineTimer::notify(const boost::system::error_code &)
23363 [47244970006272] TRACE perfrun.launcher <> - ENTER: void runtool::DirectoryMonitor::notifyAll()
23363 [47244970006272] TRACE perfrun.sdk <> - ENTER: void runtool::sdk::getFilesFromDirectoryByExt(const std::basic_string<char, std::char_traits<char>, std::allocator<char>> &, const std::basic_string<char, std::char_traits<char>, std::allocator<char>> &, std::list<std::basic_string<char, std::char_traits<char>, std::allocator<char>>, std::allocator<std::basic_string<char, std::char_traits<char>, std::allocator<char>>>> &)
23364 [47244970006272] TRACE perfrun.sdk <> - EXIT:  void runtool::sdk::getFilesFromDirectoryByExt(const std::basic_string<char, std::char_traits<char>, std::allocator<char>> &, const std::basic_string<char, std::char_traits<char>, std::allocator<char>> &, std::list<std::basic_string<char, std::char_traits<char>, std::allocator<char>>, std::allocator<std::basic_string<char, std::char_traits<char>, std::allocator<char>>>> &)
23364 [47244970006272] DEBUG perfrun.launcher <> - DirectoryInfo: total size of monitored paths is 0 bytes
23364 [47244970006272] TRACE perfrun.launcher <> - EXIT:  void runtool::DirectoryMonitor::notifyAll()
23364 [47244970006272] TRACE perfrun.launcher <> - EXIT:  void runtool::DeadlineTimer::notify(const boost::system::error_code &)
24364 [47244970006272] TRACE perfrun.launcher <> - ENTER: void runtool::DeadlineTimer::notify(const boost::system::error_code &)
24364 [47244970006272] TRACE perfrun.launcher <> - ENTER: void runtool::DirectoryMonitor::notifyAll()
24364 [47244970006272] TRACE perfrun.sdk <> - ENTER: void runtool::sdk::getFilesFromDirectoryByExt(const std::basic_string<char, std::char_traits<char>, std::allocator<char>> &, const std::basic_string<char, std::char_traits<char>, std::allocator<char>> &, std::list<std::basic_string<char, std::char_traits<char>, std::allocator<char>>, std::allocator<std::basic_string<char, std::char_traits<char>, std::allocator<char>>>> &)
24364 [47244970006272] TRACE perfrun.sdk <> - EXIT:  void runtool::sdk::getFilesFromDirectoryByExt(const std::basic_string<char, std::char_traits<char>, std::allocator<char>> &, const std::basic_string<char, std::char_traits<char>, std::allocator<char>> &, std::list<std::basic_string<char, std::char_traits<char>, std::allocator<char>>, std::allocator<std::basic_string<char, std::char_traits<char>, std::allocator<char>>>> &)
24364 [47244970006272] DEBUG perfrun.launcher <> - DirectoryInfo: total size of monitored paths is 0 bytes
24364 [47244970006272] TRACE perfrun.launcher <> - EXIT:  void runtool::DirectoryMonitor::notifyAll()
24364 [47244970006272] TRACE perfrun.launcher <> - EXIT:  void runtool::DeadlineTimer::notify(const boost::system::error_code &)
25364 [47244970006272] TRACE perfrun.launcher <> - ENTER: void runtool::DeadlineTimer::notify(const boost::system::error_code &)
25364 [47244970006272] TRACE perfrun.launcher <> - ENTER: void runtool::DirectoryMonitor::notifyAll()
25364 [47244970006272] TRACE perfrun.sdk <> - ENTER: void runtool::sdk::getFilesFromDirectoryByExt(const std::basic_string<char, std::char_traits<char>, std::allocator<char>> &, const std::basic_string<char, std::char_traits<char>, std::allocator<char>> &, std::list<std::basic_string<char, std::char_traits<char>, std::allocator<char>>, std::allocator<std::basic_string<char, std::char_traits<char>, std::allocator<char>>>> &)
25365 [47244970006272] TRACE perfrun.sdk <> - EXIT:  void runtool::sdk::getFilesFromDirectoryByExt(const std::basic_string<char, std::char_traits<char>, std::allocator<char>> &, const std::basic_string<char, std::char_traits<char>, std::allocator<char>> &, std::list<std::basic_string<char, std::char_traits<char>, std::allocator<char>>, std::allocator<std::basic_string<char, std::char_traits<char>, std::allocator<char>>>> &)
25365 [47244970006272] DEBUG perfrun.launcher <> - DirectoryInfo: total size of monitored paths is 0 bytes
25365 [47244970006272] TRACE perfrun.launcher <> - EXIT:  void runtool::DirectoryMonitor::notifyAll()
25365 [47244970006272] TRACE perfrun.launcher <> - EXIT:  void runtool::DeadlineTimer::notify(const boost::system::error_code &)
26365 [47244970006272] TRACE perfrun.launcher <> - ENTER: void runtool::DeadlineTimer::notify(const boost::system::error_code &)
26365 [47244970006272] TRACE perfrun.launcher <> - ENTER: void runtool::DirectoryMonitor::notifyAll()
26365 [47244970006272] TRACE perfrun.sdk <> - ENTER: void runtool::sdk::getFilesFromDirectoryByExt(const std::basic_string<char, std::char_traits<char>, std::allocator<char>> &, const std::basic_string<char, std::char_traits<char>, std::allocator<char>> &, std::list<std::basic_string<char, std::char_traits<char>, std::allocator<char>>, std::allocator<std::basic_string<char, std::char_traits<char>, std::allocator<char>>>> &)
26365 [47244970006272] TRACE perfrun.sdk <> - EXIT:  void runtool::sdk::getFilesFromDirectoryByExt(const std::basic_string<char, std::char_traits<char>, std::allocator<char>> &, const std::basic_string<char, std::char_traits<char>, std::allocator<char>> &, std::list<std::basic_string<char, std::char_traits<char>, std::allocator<char>>, std::allocator<std::basic_string<char, std::char_traits<char>, std::allocator<char>>>> &)
26365 [47244970006272] DEBUG perfrun.launcher <> - DirectoryInfo: total size of monitored paths is 0 bytes
26365 [47244970006272] TRACE perfrun.launcher <> - EXIT:  void runtool::DirectoryMonitor::notifyAll()
26365 [47244970006272] TRACE perfrun.launcher <> - EXIT:  void runtool::DeadlineTimer::notify(const boost::system::error_code &)
27365 [47244970006272] TRACE perfrun.launcher <> - ENTER: void runtool::DeadlineTimer::notify(const boost::system::error_code &)
27366 [47244970006272] TRACE perfrun.launcher <> - ENTER: void runtool::DirectoryMonitor::notifyAll()
27366 [47244970006272] TRACE perfrun.sdk <> - ENTER: void runtool::sdk::getFilesFromDirectoryByExt(const std::basic_string<char, std::char_traits<char>, std::allocator<char>> &, const std::basic_string<char, std::char_traits<char>, std::allocator<char>> &, std::list<std::basic_string<char, std::char_traits<char>, std::allocator<char>>, std::allocator<std::basic_string<char, std::char_traits<char>, std::allocator<char>>>> &)
27366 [47244970006272] TRACE perfrun.sdk <> - EXIT:  void runtool::sdk::getFilesFromDirectoryByExt(const std::basic_string<char, std::char_traits<char>, std::allocator<char>> &, const std::basic_string<char, std::char_traits<char>, std::allocator<char>> &, std::list<std::basic_string<char, std::char_traits<char>, std::allocator<char>>, std::allocator<std::basic_string<char, std::char_traits<char>, std::allocator<char>>>> &)
27366 [47244970006272] DEBUG perfrun.launcher <> - DirectoryInfo: total size of monitored paths is 0 bytes
27366 [47244970006272] TRACE perfrun.launcher <> - EXIT:  void runtool::DirectoryMonitor::notifyAll()
27366 [47244970006272] TRACE perfrun.launcher <> - EXIT:  void runtool::DeadlineTimer::notify(const boost::system::error_code &)
28366 [47244970006272] TRACE perfrun.launcher <> - ENTER: void runtool::DeadlineTimer::notify(const boost::system::error_code &)
28366 [47244970006272] TRACE perfrun.launcher <> - ENTER: void runtool::DirectoryMonitor::notifyAll()
28366 [47244970006272] TRACE perfrun.sdk <> - ENTER: void runtool::sdk::getFilesFromDirectoryByExt(const std::basic_string<char, std::char_traits<char>, std::allocator<char>> &, const std::basic_string<char, std::char_traits<char>, std::allocator<char>> &, std::list<std::basic_string<char, std::char_traits<char>, std::allocator<char>>, std::allocator<std::basic_string<char, std::char_traits<char>, std::allocator<char>>>> &)
28367 [47244970006272] TRACE perfrun.sdk <> - EXIT:  void runtool::sdk::getFilesFromDirectoryByExt(const std::basic_string<char, std::char_traits<char>, std::allocator<char>> &, const std::basic_string<char, std::char_traits<char>, std::allocator<char>> &, std::list<std::basic_string<char, std::char_traits<char>, std::allocator<char>>, std::allocator<std::basic_string<char, std::char_traits<char>, std::allocator<char>>>> &)
28367 [47244970006272] DEBUG perfrun.launcher <> - DirectoryInfo: total size of monitored paths is 0 bytes
28367 [47244970006272] TRACE perfrun.launcher <> - EXIT:  void runtool::DirectoryMonitor::notifyAll()
28367 [47244970006272] TRACE perfrun.launcher <> - EXIT:  void runtool::DeadlineTimer::notify(const boost::system::error_code &)
28939 [47244812531584] TRACE perfrun.launcher <> - EXIT:  int runtool::ProcessCreator::waitPid()
28939 [47244812531584] TRACE perfrun.launcher <> - EXIT:  int runtool::ProcessCreator::wait()
28939 [47244812531584] INFO perfrun.launcher <> - Launcher: the profiled application was terminated  with exit code = 0
28939 [47244812531584] TRACE perfrun.launcher <> - ENTER: void runtool::Launcher::waitForSlaves(const std::basic_string<char, std::char_traits<char>, std::allocator<char>> &)
28939 [47244812531584] TRACE perfrun.sdk <> - ENTER: void runtool::sdk::getFilesFromDirectoryByExt(const std::basic_string<char, std::char_traits<char>, std::allocator<char>> &, const std::basic_string<char, std::char_traits<char>, std::allocator<char>> &, std::list<std::basic_string<char, std::char_traits<char>, std::allocator<char>>, std::allocator<std::basic_string<char, std::char_traits<char>, std::allocator<char>>>> &)
28939 [47244812531584] TRACE perfrun.sdk <> - EXIT:  void runtool::sdk::getFilesFromDirectoryByExt(const std::basic_string<char, std::char_traits<char>, std::allocator<char>> &, const std::basic_string<char, std::char_traits<char>, std::allocator<char>> &, std::list<std::basic_string<char, std::char_traits<char>, std::allocator<char>>, std::allocator<std::basic_string<char, std::char_traits<char>, std::allocator<char>>>> &)
28940 [47244812531584] TRACE perfrun.launcher <> - EXIT:  void runtool::Launcher::waitForSlaves(const std::basic_string<char, std::char_traits<char>, std::allocator<char>> &)
28940 [47244928145152] TRACE perfrun.system <> - ENTER: void runtool::system::Controller::onEvent(runtool::sdk::collection_state_t)
28940 [47244928145152] TRACE perfrun.system <> - EXIT:  void runtool::system::Controller::onEvent(runtool::sdk::collection_state_t)
28940 [47244928145152] TRACE perfrun.system <> - ENTER: bool runtool::system::Controller::stop()
28942 [47244928145152] TRACE perfrun.system <> - EXIT:  bool runtool::system::Controller::stop()
28942 [47244928145152] TRACE perfrun.tpss <> - ENTER: bool runtool::tpss::Controller::stop()
28942 [47244928145152] INFO perfrun.tpss <> - stop tpss controller
28942 [47244928145152] TRACE perfrun.tpss <> - EXIT:  bool runtool::tpss::Controller::stop()
28942 [47244928145152] TRACE perfrun.system <> - ENTER: void runtool::system::Controller::onEvent(runtool::sdk::collection_state_t)
28942 [47244928145152] TRACE perfrun.sdk <> - ENTER: void runtool::sdk::TraceFile::close(boost::system::error_code &)
28942 [47244928145152] INFO perfrun.sdk <> - De-allocating TMU: /tmp/advixe-tmp-za18968/advixe-res-15712-15515944120038412/data.0/systemcollector-15712-compute084.bc4.acrc.priv.sc
28942 [47244928145152] TRACE perfrun.sdk <> - EXIT:  void runtool::sdk::TraceFile::close(boost::system::error_code &)
28942 [47244928145152] INFO perfrun.system <> - closed the system trace file: /tmp/advixe-tmp-za18968/advixe-res-15712-15515944120038412/data.0/systemcollector-15712-compute084.bc4.acrc.priv.sc
28942 [47244928145152] TRACE perfrun.system <> - EXIT:  void runtool::system::Controller::onEvent(runtool::sdk::collection_state_t)
28942 [47244812531584] TRACE perfrun.launcher <> - ENTER: void runtool::ProcessSetMonitor<T>::stop() [with T = unsigned int]
28942 [47244812531584] TRACE perfrun.launcher <> - EXIT:  void runtool::ProcessSetMonitor<T>::stop() [with T = unsigned int]
28942 [47244812531584] TRACE perfrun.launcher <> - ENTER: void runtool::ProcessCreator::stop()
28943 [47244812531584] TRACE perfrun.launcher <> - EXIT:  void runtool::ProcessCreator::stop()
28943 [47244812531584] INFO perfrun.launcher <> - Launcher: all plugins were stopped.
28943 [47244812531584] TRACE perfrun.launcher <> - ENTER: void runtool::Launcher::resetDurationCallback()
28943 [47244812531584] TRACE perfrun.launcher <> - EXIT:  void runtool::Launcher::resetDurationCallback()
28943 [47244812531584] TRACE perfrun.launcher <> - ENTER: void runtool::Launcher::resetResumeAfterCallback()
28943 [47244812531584] TRACE perfrun.launcher <> - EXIT:  void runtool::Launcher::resetResumeAfterCallback()
28943 [47244812531584] TRACE perfrun.launcher <> - ENTER: void runtool::Launcher::resetHardStopCallbacks()
28943 [47244812531584] INFO perfrun.launcher <> - DeadlineTimer is going to be destroyed
28943 [47244812531584] INFO perfrun.launcher <> - DirectoryMonitor object was destroyed
28943 [47244812531584] TRACE perfrun.launcher <> - EXIT:  void runtool::Launcher::resetHardStopCallbacks()
28943 [47244812531584] WARN perfrun.launcher <> - Stop command is ignored because it is received when collection is already stopped, at file: vcs/perfrun1/launcher/src/command_handler.cpp:209
28943 [47244812531584] TRACE perfrun.launcher <> - ENTER: void runtool::Launcher::shutdownLaunch()
28943 [47244812531584] TRACE perfrun.launcher <> - ENTER: void runtool::Launcher::resetDurationCallback()
28943 [47244812531584] TRACE perfrun.launcher <> - EXIT:  void runtool::Launcher::resetDurationCallback()
28943 [47244812531584] TRACE perfrun.launcher <> - ENTER: void runtool::Launcher::resetResumeAfterCallback()
28943 [47244812531584] TRACE perfrun.launcher <> - EXIT:  void runtool::Launcher::resetResumeAfterCallback()
28943 [47244812531584] TRACE perfrun.launcher <> - ENTER: void runtool::Launcher::resetHardStopCallbacks()
28943 [47244812531584] TRACE perfrun.launcher <> - EXIT:  void runtool::Launcher::resetHardStopCallbacks()
28943 [47244812531584] TRACE perfrun.launcher <> - ENTER: void runtool::RpcServer::stop()
28943 [47244812531584] TRACE perfrun.launcher <> - ENTER: Send RPC request
28943 [47244965803776] TRACE perfrun.launcher <> - ENTER: Receive RPC request
28943 [47244812531584] TRACE perfrun.launcher <> - header and body of the message was send: header = 22 serialization::archive 10 0 0 8 0 0 0 0; body = 22 serialization::archive 10 0 0 8 0 0 0 0
28943 [47244965803776] TRACE perfrun.launcher <> - header of the message was received: size = 8; message =       2a
28943 [47244812531584] TRACE perfrun.launcher <> - EXIT:  Send RPC request
28943 [47244965803776] TRACE perfrun.launcher <> - body of the message was received: size = 42; message = 22 serialization::archive 10 0 0 8 0 0 0 0
28943 [47244965803776] TRACE perfrun.launcher <> - EXIT:  Receive RPC request
28944 [47244965803776] TRACE perfrun.launcher <> - EXIT:  RpcServer: the main loop handles RPC requests  from clients
28944 [47244812531584] TRACE perfrun.launcher <> - EXIT:  void runtool::RpcServer::stop()
28962 [47244812531584] TRACE perfrun.launcher <> - ENTER: void runtool::Launcher::waitForSlaves(const std::basic_string<char, std::char_traits<char>, std::allocator<char>> &)
28962 [47244812531584] TRACE perfrun.sdk <> - ENTER: void runtool::sdk::getFilesFromDirectoryByExt(const std::basic_string<char, std::char_traits<char>, std::allocator<char>> &, const std::basic_string<char, std::char_traits<char>, std::allocator<char>> &, std::list<std::basic_string<char, std::char_traits<char>, std::allocator<char>>, std::allocator<std::basic_string<char, std::char_traits<char>, std::allocator<char>>>> &)
28963 [47244812531584] TRACE perfrun.sdk <> - EXIT:  void runtool::sdk::getFilesFromDirectoryByExt(const std::basic_string<char, std::char_traits<char>, std::allocator<char>> &, const std::basic_string<char, std::char_traits<char>, std::allocator<char>> &, std::list<std::basic_string<char, std::char_traits<char>, std::allocator<char>>, std::allocator<std::basic_string<char, std::char_traits<char>, std::allocator<char>>>> &)
28963 [47244812531584] TRACE perfrun.launcher <> - EXIT:  void runtool::Launcher::waitForSlaves(const std::basic_string<char, std::char_traits<char>, std::allocator<char>> &)
28963 [47244812531584] TRACE perfrun.launcher <> - EXIT:  void runtool::Launcher::shutdownLaunch()
28963 [47244812531584] TRACE perfrun.launcher <> - EXIT:  int runtool::Launcher::doStart()
28963 [47244812531584] TRACE perfrun.launcher <> - IMessenger: send collection state with state = 3
28963 [47244812531584] INFO perfrun.launcher <> - Application exit code: 0
28963 [47244812531584] INFO perfrun.launcher <> - Exit code: 0
28963 [47244812531584] TRACE perfrun.launcher <> - EXIT:  Start the collection
28963 [47244812531584] TRACE perfrun.launcher <> - ENTER: Destroy the launcher...
28963 [47244812531584] TRACE perfrun.launcher <> - EXIT:  Destroy the launcher...
28963 [47244812531584] TRACE perfrun.launcher <> - ENTER: runtool::RpcServer::~RpcServer()
28963 [47244812531584] TRACE perfrun.launcher <> - ENTER: void runtool::RpcServer::stop()
28963 [47244812531584] TRACE perfrun.launcher <> - EXIT:  void runtool::RpcServer::stop()
28963 [47244812531584] TRACE perfrun.launcher <> - EXIT:  runtool::RpcServer::~RpcServer()
28963 [47244812531584] TRACE perfrun.launcher <> - ENTER: runtool::ProcessCreator::~ProcessCreator()
28963 [47244812531584] TRACE perfrun.launcher <> - ENTER: void runtool::ProcessCreator::stop()
28963 [47244812531584] TRACE perfrun.launcher <> - EXIT:  void runtool::ProcessCreator::stop()
28963 [47244812531584] TRACE perfrun.launcher <> - EXIT:  runtool::ProcessCreator::~ProcessCreator()
28963 [47244812531584] TRACE perfrun.launcher <> - PluginManagerProxy::doOperation thread was terminated.
28965 [47244812531584] TRACE perfrun.launcher <> - EXIT:  int main(int, char **)
