<?xml version="1.0" encoding="utf-8"?>
<log version="1.0" tool="runtool">

<msg id="1" tool="runtool">
  <type>log-start</type>
  <arg>2021/03/03 15:37:48</arg>
</msg>
<msg id="2" tool="runtool">
  <type>collector-starts</type>
</msg>
<msg id="3" tool="runtool">
  <type>marker-file</type>
  <arg>/home/jelgar/Documents/uni/Year3/hpc/advanced-hpc-lbm/e000/mp000/mp000.advixe</arg>
</msg>
<msg id="4" tool="tc">
  <type>START</type>
  <severity>INFO</severity>
  <timestamp>Wed Mar  3 15:37:48 2021</timestamp>
</msg>
<msg id="5" tool="tc">
  <type>EXEC_OF_INTEREST</type>
  <arg>/home/jelgar/Documents/uni/Year3/hpc/advanced-hpc-lbm/d2q9-bgk</arg>
  <arg>416632</arg>
  <severity>INFO</severity>
  <timestamp>Wed Mar  3 15:37:48 2021</timestamp>
</msg>
<msg id="6" tool="tc">
  <type>LOAD_MODULE</type>
  <arg>/home/jelgar/Documents/uni/Year3/hpc/advanced-hpc-lbm/d2q9-bgk</arg>
  <arg>0x400000</arg>
  <arg>0x6174ff</arg>
  <arg>1</arg>
  <severity>INFO</severity>
  <timestamp>Wed Mar  3 15:37:48 2021</timestamp>
</msg>
<msg id="7" tool="tc">
  <type>LOAD_MODULE</type>
  <arg>/lib64/ld-linux-x86-64.so.2</arg>
  <arg>0x7fdc9008b000</arg>
  <arg>0x7fdc900ba18f</arg>
  <arg>2</arg>
  <severity>INFO</severity>
  <timestamp>Wed Mar  3 15:37:48 2021</timestamp>
</msg>
<msg id="8" tool="tc">
  <type>LOAD_MODULE</type>
  <arg>[vdso]</arg>
  <arg>0x7ffcc1940000</arg>
  <arg>0x7ffcc1940a3b</arg>
  <arg>3</arg>
  <severity>INFO</severity>
  <timestamp>Wed Mar  3 15:37:48 2021</timestamp>
</msg>
<msg id="9" tool="tc">
  <type>LOAD_MODULE</type>
  <arg>/lib/x86_64-linux-gnu/libm.so.6</arg>
  <arg>0x7fdc7a637000</arg>
  <arg>0x7fdc7a78510f</arg>
  <arg>4</arg>
  <severity>INFO</severity>
  <timestamp>Wed Mar  3 15:37:49 2021</timestamp>
</msg>
<msg id="10" tool="tc">
  <type>LOAD_MODULE</type>
  <arg>/lib/x86_64-linux-gnu/libiomp5.so</arg>
  <arg>0x7fdc7a4ea000</arg>
  <arg>0x7fdc7a5da66f</arg>
  <arg>5</arg>
  <severity>INFO</severity>
  <timestamp>Wed Mar  3 15:37:49 2021</timestamp>
</msg>
<msg id="11" tool="tc">
  <type>LOAD_MODULE</type>
  <arg>/lib/x86_64-linux-gnu/libgcc_s.so.1</arg>
  <arg>0x7fdc7a498000</arg>
  <arg>0x7fdc7a4b2447</arg>
  <arg>6</arg>
  <severity>INFO</severity>
  <timestamp>Wed Mar  3 15:37:49 2021</timestamp>
</msg>
<msg id="12" tool="tc">
  <type>LOAD_MODULE</type>
  <arg>/lib/x86_64-linux-gnu/libpthread.so.0</arg>
  <arg>0x7fdc7a444000</arg>
  <arg>0x7fdc7a466477</arg>
  <arg>7</arg>
  <severity>INFO</severity>
  <timestamp>Wed Mar  3 15:37:49 2021</timestamp>
</msg>
<msg id="13" tool="tc">
  <type>LOAD_MODULE</type>
  <arg>/lib/x86_64-linux-gnu/libc.so.6</arg>
  <arg>0x7fdc7a252000</arg>
  <arg>0x7fdc7a4434d7</arg>
  <arg>8</arg>
  <severity>INFO</severity>
  <timestamp>Wed Mar  3 15:37:49 2021</timestamp>
</msg>
<msg id="14" tool="tc">
  <type>LOAD_MODULE</type>
  <arg>/lib/x86_64-linux-gnu/libdl.so.2</arg>
  <arg>0x7fdc7a47b000</arg>
  <arg>0x7fdc7a48010f</arg>
  <arg>9</arg>
  <severity>INFO</severity>
  <timestamp>Wed Mar  3 15:37:49 2021</timestamp>
</msg>
<msg id="15" tool="tc">
  <type>LOAD_MODULE</type>
  <arg>/opt/intel/oneapi/advisor/2021.1.1/lib64/runtime/libittnotify.so</arg>
  <arg>0x7fdc78853000</arg>
  <arg>0x7fdc78a5f65f</arg>
  <arg>10</arg>
  <severity>INFO</severity>
  <timestamp>Wed Mar  3 15:37:49 2021</timestamp>
</msg>
<msg id="16" tool="tc">
  <type>UNLOAD_MODULE</type>
  <arg>/home/jelgar/Documents/uni/Year3/hpc/advanced-hpc-lbm/d2q9-bgk</arg>
  <arg>1</arg>
  <severity>INFO</severity>
  <timestamp>Wed Mar  3 15:37:50 2021</timestamp>
</msg>
<msg id="17" tool="tc">
  <type>UNLOAD_MODULE</type>
  <arg>/lib64/ld-linux-x86-64.so.2</arg>
  <arg>2</arg>
  <severity>INFO</severity>
  <timestamp>Wed Mar  3 15:37:50 2021</timestamp>
</msg>
<msg id="18" tool="tc">
  <type>UNLOAD_MODULE</type>
  <arg>[vdso]</arg>
  <arg>3</arg>
  <severity>INFO</severity>
  <timestamp>Wed Mar  3 15:37:50 2021</timestamp>
</msg>
<msg id="19" tool="tc">
  <type>UNLOAD_MODULE</type>
  <arg>/lib/x86_64-linux-gnu/libm.so.6</arg>
  <arg>4</arg>
  <severity>INFO</severity>
  <timestamp>Wed Mar  3 15:37:50 2021</timestamp>
</msg>
<msg id="20" tool="tc">
  <type>UNLOAD_MODULE</type>
  <arg>/lib/x86_64-linux-gnu/libiomp5.so</arg>
  <arg>5</arg>
  <severity>INFO</severity>
  <timestamp>Wed Mar  3 15:37:50 2021</timestamp>
</msg>
<msg id="21" tool="tc">
  <type>UNLOAD_MODULE</type>
  <arg>/lib/x86_64-linux-gnu/libgcc_s.so.1</arg>
  <arg>6</arg>
  <severity>INFO</severity>
  <timestamp>Wed Mar  3 15:37:50 2021</timestamp>
</msg>
<msg id="22" tool="tc">
  <type>UNLOAD_MODULE</type>
  <arg>/lib/x86_64-linux-gnu/libpthread.so.0</arg>
  <arg>7</arg>
  <severity>INFO</severity>
  <timestamp>Wed Mar  3 15:37:50 2021</timestamp>
</msg>
<msg id="23" tool="tc">
  <type>UNLOAD_MODULE</type>
  <arg>/lib/x86_64-linux-gnu/libc.so.6</arg>
  <arg>8</arg>
  <severity>INFO</severity>
  <timestamp>Wed Mar  3 15:37:50 2021</timestamp>
</msg>
<msg id="24" tool="tc">
  <type>UNLOAD_MODULE</type>
  <arg>/lib/x86_64-linux-gnu/libdl.so.2</arg>
  <arg>9</arg>
  <severity>INFO</severity>
  <timestamp>Wed Mar  3 15:37:50 2021</timestamp>
</msg>
<msg id="25" tool="tc">
  <type>UNLOAD_MODULE</type>
  <arg>/opt/intel/oneapi/advisor/2021.1.1/lib64/runtime/libittnotify.so</arg>
  <arg>10</arg>
  <severity>INFO</severity>
  <timestamp>Wed Mar  3 15:37:50 2021</timestamp>
</msg>
<msg id="26" tool="tc">
  <type>PROCESS_TERMINATE</type>
  <arg>/home/jelgar/Documents/uni/Year3/hpc/advanced-hpc-lbm/d2q9-bgk</arg>
  <arg>416632</arg>
  <severity>INFO</severity>
  <timestamp>Wed Mar  3 15:37:50 2021</timestamp>
</msg>
<msg id="27" tool="tc">
  <type>NO_ANNOTATIONS</type>
  <severity>WARNING</severity>
  <timestamp>Wed Mar  3 15:37:50 2021</timestamp>
</msg>
<msg id="28" tool="tc">
  <type>ANALYSIS_COMPLETE</type>
  <severity>INFO</severity>
  <timestamp>Wed Mar  3 15:37:50 2021</timestamp>
</msg>
<msg id="29" tool="tc">
  <type>STOP</type>
  <severity>INFO</severity>
  <timestamp>Wed Mar  3 15:37:50 2021</timestamp>
</msg>
<msg id="30" tool="runtool">
  <type>app-exit-code</type>
  <arg>1</arg>
</msg>
<msg id="31" tool="runtool">
  <type>marker-file</type>
  <arg>/home/jelgar/Documents/uni/Year3/hpc/advanced-hpc-lbm/e000/mp000/mp000.advixe</arg>
</msg>
<msg id="32" tool="runtool">
  <type>collector-done</type>
</msg>
<msg id="33" tool="runtool">
  <type>log-end</type>
  <arg>2021/03/03 15:37:53</arg>
</msg>

</log>

